================================================================================
训练开始时间: 2025-05-28 21:15:44
================================================================================
硬件信息:
  - 使用设备: cuda
  - 进程数: 1
  - 混合精度: fp16
  - GPU: NVIDIA GeForce RTX 2050, 内存: 3GB
  - PyTorch版本: 2.7.0+cu126
--------------------------------------------------
训练配置:
  - model: convnext_tiny
  - epochs: 15
  - learning_rate: 0.1
  - batch_size: 128
  - optimizer: SGD
  - momentum: 0.9
  - weight_decay: 0.0001
  - scheduler: CosineAnnealingLR
  - mixed_precision: fp16
  - seed: 42
--------------------------------------------------
模型参数量: 166,388
训练集大小: 50000
测试集大小: 10000
================================================================================
[21:15:49] Epoch  1 [  0/391] Loss: 4.7063 Top1: 1.56% Top5: 2.34% LR: 0.100000 Time: 4.502s
[21:15:50] Epoch  1 [ 30/391] Loss: 4.4438 Top1: 3.05% Top5: 10.94% LR: 0.100000 Time: 0.024s
[21:15:51] Epoch  1 [ 60/391] Loss: 4.2351 Top1: 4.07% Top5: 23.44% LR: 0.100000 Time: 0.027s
[21:15:52] Epoch  1 [ 90/391] Loss: 4.2043 Top1: 4.37% Top5: 26.56% LR: 0.100000 Time: 0.035s
[21:15:53] Epoch  1 [120/391] Loss: 4.2621 Top1: 4.78% Top5: 19.53% LR: 0.100000 Time: 0.030s
[21:15:54] Epoch  1 [150/391] Loss: 4.0607 Top1: 5.01% Top5: 22.66% LR: 0.100000 Time: 0.032s
[21:15:55] Epoch  1 [180/391] Loss: 4.1301 Top1: 5.28% Top5: 23.44% LR: 0.100000 Time: 0.033s
[21:15:55] Epoch  1 [210/391] Loss: 4.1652 Top1: 5.51% Top5: 20.31% LR: 0.100000 Time: 0.030s
[21:15:56] Epoch  1 [240/391] Loss: 3.7963 Top1: 5.75% Top5: 33.59% LR: 0.100000 Time: 0.026s
[21:15:57] Epoch  1 [270/391] Loss: 3.9788 Top1: 5.94% Top5: 25.78% LR: 0.100000 Time: 0.022s
[21:15:58] Epoch  1 [300/391] Loss: 4.0902 Top1: 5.99% Top5: 20.31% LR: 0.100000 Time: 0.021s
[21:15:59] Epoch  1 [330/391] Loss: 4.0302 Top1: 6.13% Top5: 24.22% LR: 0.100000 Time: 0.027s
[21:16:00] Epoch  1 [360/391] Loss: 3.8740 Top1: 6.25% Top5: 27.34% LR: 0.100000 Time: 0.026s
[21:16:01] Epoch  1 [390/391] Loss: 3.9410 Top1: 6.33% Top5: 26.25% LR: 0.100000 Time: 0.037s
[21:16:02] 测试结果: Loss: 4.0668, Top1: 7.31%, Top5: 24.21% (731/10000) Time: 1.2s
Epoch [ 1/15] 16.4s Train: 4.1330/6.33% Test: 4.0668/7.31%/24.21% LR: 0.098907
*** 新的最佳模型保存! 准确率: 7.31% ***
[21:16:02] Epoch  2 [  0/391] Loss: 4.0392 Top1: 6.25% Top5: 22.66% LR: 0.098907 Time: 0.074s
[21:16:03] Epoch  2 [ 30/391] Loss: 4.0867 Top1: 8.67% Top5: 22.66% LR: 0.098907 Time: 0.025s
[21:16:04] Epoch  2 [ 60/391] Loss: 3.9504 Top1: 8.48% Top5: 28.12% LR: 0.098907 Time: 0.031s
[21:16:05] Epoch  2 [ 90/391] Loss: 3.8260 Top1: 8.46% Top5: 33.59% LR: 0.098907 Time: 0.038s
[21:16:06] Epoch  2 [120/391] Loss: 3.9808 Top1: 8.28% Top5: 29.69% LR: 0.098907 Time: 0.030s
[21:16:08] Epoch  2 [150/391] Loss: 3.9473 Top1: 8.42% Top5: 28.12% LR: 0.098907 Time: 0.031s
[21:16:09] Epoch  2 [180/391] Loss: 4.2774 Top1: 8.60% Top5: 21.88% LR: 0.098907 Time: 0.027s
[21:16:10] Epoch  2 [210/391] Loss: 3.9554 Top1: 8.72% Top5: 29.69% LR: 0.098907 Time: 0.034s
[21:16:11] Epoch  2 [240/391] Loss: 3.8909 Top1: 8.79% Top5: 33.59% LR: 0.098907 Time: 0.026s
[21:16:12] Epoch  2 [270/391] Loss: 3.7793 Top1: 8.96% Top5: 34.38% LR: 0.098907 Time: 0.029s
[21:16:13] Epoch  2 [300/391] Loss: 3.9083 Top1: 9.06% Top5: 25.78% LR: 0.098907 Time: 0.029s
[21:16:14] Epoch  2 [330/391] Loss: 3.8387 Top1: 9.19% Top5: 32.03% LR: 0.098907 Time: 0.028s
[21:16:15] Epoch  2 [360/391] Loss: 3.7531 Top1: 9.34% Top5: 31.25% LR: 0.098907 Time: 0.030s
[21:16:13] Epoch  2 [390/391] Loss: 3.8050 Top1: 9.48% Top5: 25.00% LR: 0.098907 Time: 0.038s
[21:16:15] 测试结果: Loss: 3.7476, Top1: 12.11%, Top5: 35.07% (1211/10000) Time: 1.3s
Epoch [ 2/15] 11.4s Train: 3.8864/9.48% Test: 3.7476/12.11%/35.07% LR: 0.095677
*** 新的最佳模型保存! 准确率: 12.11% ***
[21:16:15] Epoch  3 [  0/391] Loss: 3.7138 Top1: 14.06% Top5: 33.59% LR: 0.095677 Time: 0.070s
[21:16:16] Epoch  3 [ 30/391] Loss: 3.9719 Top1: 11.09% Top5: 30.47% LR: 0.095677 Time: 0.031s
[21:16:17] Epoch  3 [ 60/391] Loss: 3.7946 Top1: 11.35% Top5: 27.34% LR: 0.095677 Time: 0.037s
[21:16:19] Epoch  3 [ 90/391] Loss: 3.8004 Top1: 11.43% Top5: 31.25% LR: 0.095677 Time: 0.051s
[21:16:20] Epoch  3 [120/391] Loss: 3.5901 Top1: 11.82% Top5: 43.75% LR: 0.095677 Time: 0.031s
[21:16:21] Epoch  3 [150/391] Loss: 3.5576 Top1: 12.00% Top5: 45.31% LR: 0.095677 Time: 0.026s
[21:16:22] Epoch  3 [180/391] Loss: 3.6958 Top1: 12.22% Top5: 35.16% LR: 0.095677 Time: 0.035s
[21:16:23] Epoch  3 [210/391] Loss: 3.5416 Top1: 12.41% Top5: 36.72% LR: 0.095677 Time: 0.051s
[21:16:24] Epoch  3 [240/391] Loss: 3.4672 Top1: 12.53% Top5: 41.41% LR: 0.095677 Time: 0.027s
[21:16:25] Epoch  3 [270/391] Loss: 3.7941 Top1: 12.48% Top5: 34.38% LR: 0.095677 Time: 0.026s
[21:16:26] Epoch  3 [300/391] Loss: 3.6357 Top1: 12.56% Top5: 40.62% LR: 0.095677 Time: 0.035s
[21:16:27] Epoch  3 [330/391] Loss: 3.4387 Top1: 12.65% Top5: 42.19% LR: 0.095677 Time: 0.033s
[21:16:28] Epoch  3 [360/391] Loss: 3.4408 Top1: 12.71% Top5: 36.72% LR: 0.095677 Time: 0.024s
[21:16:29] Epoch  3 [390/391] Loss: 3.7559 Top1: 12.80% Top5: 32.50% LR: 0.095677 Time: 0.036s
[21:16:31] 测试结果: Loss: 3.5681, Top1: 14.78%, Top5: 40.75% (1478/10000) Time: 1.3s
Epoch [ 3/15] 14.7s Train: 3.6893/12.80% Test: 3.5681/14.78%/40.75% LR: 0.090451
*** 新的最佳模型保存! 准确率: 14.78% ***
[21:16:31] Epoch  4 [  0/391] Loss: 3.4156 Top1: 19.53% Top5: 44.53% LR: 0.090451 Time: 0.048s
[21:16:32] Epoch  4 [ 30/391] Loss: 3.6683 Top1: 13.94% Top5: 39.84% LR: 0.090451 Time: 0.051s
[21:16:34] Epoch  4 [ 60/391] Loss: 3.5989 Top1: 14.09% Top5: 41.41% LR: 0.090451 Time: 0.028s
[21:16:35] Epoch  4 [ 90/391] Loss: 3.5609 Top1: 14.04% Top5: 41.41% LR: 0.090451 Time: 0.035s
[21:16:36] Epoch  4 [120/391] Loss: 3.4060 Top1: 14.54% Top5: 47.66% LR: 0.090451 Time: 0.035s
[21:16:37] Epoch  4 [150/391] Loss: 3.4603 Top1: 14.56% Top5: 42.19% LR: 0.090451 Time: 0.026s
[21:16:38] Epoch  4 [180/391] Loss: 3.6460 Top1: 14.65% Top5: 38.28% LR: 0.090451 Time: 0.035s
[21:16:39] Epoch  4 [210/391] Loss: 3.6356 Top1: 14.79% Top5: 41.41% LR: 0.090451 Time: 0.041s
[21:16:40] Epoch  4 [240/391] Loss: 3.5932 Top1: 14.90% Top5: 40.62% LR: 0.090451 Time: 0.045s
[21:16:41] Epoch  4 [270/391] Loss: 3.6505 Top1: 15.00% Top5: 39.84% LR: 0.090451 Time: 0.026s
[21:16:42] Epoch  4 [300/391] Loss: 3.5950 Top1: 15.06% Top5: 41.41% LR: 0.090451 Time: 0.037s
[21:16:43] Epoch  4 [330/391] Loss: 3.6162 Top1: 15.08% Top5: 44.53% LR: 0.090451 Time: 0.027s
[21:16:44] Epoch  4 [360/391] Loss: 3.6982 Top1: 15.16% Top5: 39.06% LR: 0.090451 Time: 0.025s
[21:16:43] Epoch  4 [390/391] Loss: 3.5316 Top1: 15.34% Top5: 38.75% LR: 0.090451 Time: 0.024s
[21:16:44] 测试结果: Loss: 3.4992, Top1: 16.48%, Top5: 42.32% (1648/10000) Time: 1.4s
Epoch [ 4/15] 12.0s Train: 3.5447/15.34% Test: 3.4992/16.48%/42.32% LR: 0.083457
*** 新的最佳模型保存! 准确率: 16.48% ***
[21:16:45] Epoch  5 [  0/391] Loss: 3.5790 Top1: 11.72% Top5: 42.19% LR: 0.083457 Time: 0.059s
[21:16:46] Epoch  5 [ 30/391] Loss: 3.3366 Top1: 16.91% Top5: 46.88% LR: 0.083457 Time: 0.040s
[21:16:47] Epoch  5 [ 60/391] Loss: 3.6907 Top1: 16.91% Top5: 38.28% LR: 0.083457 Time: 0.040s
[21:16:48] Epoch  5 [ 90/391] Loss: 3.6162 Top1: 16.62% Top5: 41.41% LR: 0.083457 Time: 0.025s
[21:16:49] Epoch  5 [120/391] Loss: 3.4726 Top1: 16.89% Top5: 46.09% LR: 0.083457 Time: 0.032s
[21:16:50] Epoch  5 [150/391] Loss: 3.5901 Top1: 16.89% Top5: 39.06% LR: 0.083457 Time: 0.025s
[21:16:51] Epoch  5 [180/391] Loss: 3.3024 Top1: 17.03% Top5: 47.66% LR: 0.083457 Time: 0.035s
[21:16:52] Epoch  5 [210/391] Loss: 3.5352 Top1: 17.21% Top5: 43.75% LR: 0.083457 Time: 0.047s
[21:16:54] Epoch  5 [240/391] Loss: 3.3403 Top1: 17.11% Top5: 46.88% LR: 0.083457 Time: 0.036s
[21:16:55] Epoch  5 [270/391] Loss: 3.4714 Top1: 17.16% Top5: 45.31% LR: 0.083457 Time: 0.030s
[21:16:56] Epoch  5 [300/391] Loss: 3.2724 Top1: 17.17% Top5: 57.03% LR: 0.083457 Time: 0.031s
[21:16:57] Epoch  5 [330/391] Loss: 3.5195 Top1: 17.22% Top5: 37.50% LR: 0.083457 Time: 0.031s
[21:16:58] Epoch  5 [360/391] Loss: 3.4322 Top1: 17.36% Top5: 50.00% LR: 0.083457 Time: 0.029s
[21:16:59] Epoch  5 [390/391] Loss: 3.4510 Top1: 17.35% Top5: 48.75% LR: 0.083457 Time: 0.035s
[21:17:01] 测试结果: Loss: 3.3371, Top1: 19.80%, Top5: 46.85% (1980/10000) Time: 1.6s
Epoch [ 5/15] 14.6s Train: 3.4327/17.35% Test: 3.3371/19.80%/46.85% LR: 0.075000
*** 新的最佳模型保存! 准确率: 19.80% ***
[21:17:01] Epoch  6 [  0/391] Loss: 3.4811 Top1: 15.62% Top5: 39.06% LR: 0.075000 Time: 0.078s
[21:17:02] Epoch  6 [ 30/391] Loss: 3.3355 Top1: 18.27% Top5: 46.88% LR: 0.075000 Time: 0.038s
[21:17:03] Epoch  6 [ 60/391] Loss: 3.6533 Top1: 18.37% Top5: 35.94% LR: 0.075000 Time: 0.024s
[21:17:04] Epoch  6 [ 90/391] Loss: 3.3651 Top1: 18.58% Top5: 47.66% LR: 0.075000 Time: 0.034s
[21:17:05] Epoch  6 [120/391] Loss: 3.4032 Top1: 18.65% Top5: 45.31% LR: 0.075000 Time: 0.044s
[21:17:07] Epoch  6 [150/391] Loss: 3.1152 Top1: 18.95% Top5: 54.69% LR: 0.075000 Time: 0.046s
[21:17:08] Epoch  6 [180/391] Loss: 3.4221 Top1: 18.97% Top5: 44.53% LR: 0.075000 Time: 0.048s
[21:17:09] Epoch  6 [210/391] Loss: 3.2104 Top1: 18.92% Top5: 52.34% LR: 0.075000 Time: 0.025s
[21:17:10] Epoch  6 [240/391] Loss: 3.1681 Top1: 18.81% Top5: 51.56% LR: 0.075000 Time: 0.030s
[21:17:11] Epoch  6 [270/391] Loss: 3.4548 Top1: 18.80% Top5: 42.97% LR: 0.075000 Time: 0.027s
[21:17:12] Epoch  6 [300/391] Loss: 3.4853 Top1: 18.87% Top5: 41.41% LR: 0.075000 Time: 0.044s
[21:17:13] Epoch  6 [330/391] Loss: 3.4965 Top1: 18.90% Top5: 43.75% LR: 0.075000 Time: 0.050s
[21:17:14] Epoch  6 [360/391] Loss: 3.3739 Top1: 18.98% Top5: 46.88% LR: 0.075000 Time: 0.028s
[21:17:15] Epoch  6 [390/391] Loss: 3.0450 Top1: 19.03% Top5: 53.75% LR: 0.075000 Time: 0.040s
[21:17:14] 测试结果: Loss: 3.3144, Top1: 19.67%, Top5: 47.60% (1967/10000) Time: -1.2s
Epoch [ 6/15] 14.2s Train: 3.3450/19.03% Test: 3.3144/19.67%/47.60% LR: 0.065451
[21:17:14] Epoch  7 [  0/391] Loss: 3.1846 Top1: 22.66% Top5: 47.66% LR: 0.065451 Time: 0.074s
[21:17:15] Epoch  7 [ 30/391] Loss: 2.9591 Top1: 20.51% Top5: 57.81% LR: 0.065451 Time: 0.027s
[21:17:16] Epoch  7 [ 60/391] Loss: 3.0864 Top1: 20.38% Top5: 54.69% LR: 0.065451 Time: 0.037s
[21:17:17] Epoch  7 [ 90/391] Loss: 3.3062 Top1: 19.99% Top5: 46.09% LR: 0.065451 Time: 0.027s
[21:17:18] Epoch  7 [120/391] Loss: 3.1686 Top1: 20.02% Top5: 50.78% LR: 0.065451 Time: 0.041s
[21:17:19] Epoch  7 [150/391] Loss: 3.3558 Top1: 20.23% Top5: 44.53% LR: 0.065451 Time: 0.026s
[21:17:20] Epoch  7 [180/391] Loss: 3.1602 Top1: 20.31% Top5: 54.69% LR: 0.065451 Time: 0.028s
[21:17:21] Epoch  7 [210/391] Loss: 3.1355 Top1: 20.43% Top5: 51.56% LR: 0.065451 Time: 0.029s
[21:17:22] Epoch  7 [240/391] Loss: 3.4397 Top1: 20.37% Top5: 45.31% LR: 0.065451 Time: 0.033s
[21:17:23] Epoch  7 [270/391] Loss: 3.2349 Top1: 20.33% Top5: 46.09% LR: 0.065451 Time: 0.034s
[21:17:24] Epoch  7 [300/391] Loss: 3.1653 Top1: 20.40% Top5: 47.66% LR: 0.065451 Time: 0.030s
[21:17:25] Epoch  7 [330/391] Loss: 3.2780 Top1: 20.41% Top5: 45.31% LR: 0.065451 Time: 0.026s
[21:17:26] Epoch  7 [360/391] Loss: 3.2500 Top1: 20.48% Top5: 55.47% LR: 0.065451 Time: 0.025s
[21:17:27] Epoch  7 [390/391] Loss: 3.0483 Top1: 20.57% Top5: 53.75% LR: 0.065451 Time: 0.025s
[21:17:29] 测试结果: Loss: 3.2207, Top1: 21.63%, Top5: 50.10% (2163/10000) Time: 1.4s
Epoch [ 7/15] 13.8s Train: 3.2589/20.57% Test: 3.2207/21.63%/50.10% LR: 0.055226
*** 新的最佳模型保存! 准确率: 21.63% ***
[21:17:29] Epoch  8 [  0/391] Loss: 3.3827 Top1: 15.62% Top5: 40.62% LR: 0.055226 Time: 0.055s
[21:17:30] Epoch  8 [ 30/391] Loss: 3.1591 Top1: 21.77% Top5: 45.31% LR: 0.055226 Time: 0.034s
[21:17:31] Epoch  8 [ 60/391] Loss: 3.0638 Top1: 21.85% Top5: 52.34% LR: 0.055226 Time: 0.035s
[21:17:32] Epoch  8 [ 90/391] Loss: 3.2359 Top1: 21.91% Top5: 49.22% LR: 0.055226 Time: 0.045s
[21:17:33] Epoch  8 [120/391] Loss: 3.5254 Top1: 21.78% Top5: 45.31% LR: 0.055226 Time: 0.031s
[21:17:34] Epoch  8 [150/391] Loss: 3.2449 Top1: 21.86% Top5: 46.88% LR: 0.055226 Time: 0.032s
[21:17:35] Epoch  8 [180/391] Loss: 3.0150 Top1: 22.19% Top5: 57.81% LR: 0.055226 Time: 0.026s
[21:17:36] Epoch  8 [210/391] Loss: 3.1293 Top1: 22.15% Top5: 50.78% LR: 0.055226 Time: 0.036s
[21:17:38] Epoch  8 [240/391] Loss: 3.1346 Top1: 22.16% Top5: 54.69% LR: 0.055226 Time: 0.029s
[21:17:39] Epoch  8 [270/391] Loss: 3.1556 Top1: 22.09% Top5: 50.00% LR: 0.055226 Time: 0.033s
[21:17:40] Epoch  8 [300/391] Loss: 3.0782 Top1: 22.15% Top5: 52.34% LR: 0.055226 Time: 0.027s
[21:17:41] Epoch  8 [330/391] Loss: 3.0745 Top1: 22.09% Top5: 55.47% LR: 0.055226 Time: 0.027s
[21:17:42] Epoch  8 [360/391] Loss: 3.1993 Top1: 21.93% Top5: 46.88% LR: 0.055226 Time: 0.046s
[21:17:43] Epoch  8 [390/391] Loss: 3.4638 Top1: 22.06% Top5: 46.25% LR: 0.055226 Time: 0.044s
[21:17:44] 测试结果: Loss: 3.0947, Top1: 23.98%, Top5: 53.75% (2398/10000) Time: 1.3s
Epoch [ 8/15] 14.2s Train: 3.1769/22.06% Test: 3.0947/23.98%/53.75% LR: 0.044774
*** 新的最佳模型保存! 准确率: 23.98% ***
[21:17:45] Epoch  9 [  0/391] Loss: 3.2581 Top1: 20.31% Top5: 46.88% LR: 0.044774 Time: 0.054s
[21:17:46] Epoch  9 [ 30/391] Loss: 3.1524 Top1: 22.61% Top5: 53.12% LR: 0.044774 Time: 0.023s
[21:17:44] Epoch  9 [ 60/391] Loss: 3.1475 Top1: 22.39% Top5: 54.69% LR: 0.044774 Time: 0.033s
[21:17:45] Epoch  9 [ 90/391] Loss: 3.0426 Top1: 22.72% Top5: 52.34% LR: 0.044774 Time: 0.038s
[21:17:46] Epoch  9 [120/391] Loss: 3.3221 Top1: 22.77% Top5: 46.09% LR: 0.044774 Time: 0.025s
[21:17:47] Epoch  9 [150/391] Loss: 3.1652 Top1: 22.92% Top5: 51.56% LR: 0.044774 Time: 0.028s
[21:17:48] Epoch  9 [180/391] Loss: 3.1693 Top1: 22.80% Top5: 53.12% LR: 0.044774 Time: 0.030s
[21:17:49] Epoch  9 [210/391] Loss: 3.2616 Top1: 22.89% Top5: 46.88% LR: 0.044774 Time: 0.036s
[21:17:50] Epoch  9 [240/391] Loss: 3.0853 Top1: 23.17% Top5: 48.44% LR: 0.044774 Time: 0.026s
[21:17:51] Epoch  9 [270/391] Loss: 3.2292 Top1: 23.15% Top5: 52.34% LR: 0.044774 Time: 0.036s
[21:17:52] Epoch  9 [300/391] Loss: 3.0243 Top1: 23.14% Top5: 54.69% LR: 0.044774 Time: 0.033s
[21:17:54] Epoch  9 [330/391] Loss: 3.1348 Top1: 23.19% Top5: 56.25% LR: 0.044774 Time: 0.028s
[21:17:55] Epoch  9 [360/391] Loss: 2.9396 Top1: 23.21% Top5: 60.16% LR: 0.044774 Time: 0.026s
[21:17:56] Epoch  9 [390/391] Loss: 2.8486 Top1: 23.24% Top5: 60.00% LR: 0.044774 Time: 0.032s
[21:17:57] 测试结果: Loss: 3.0598, Top1: 24.97%, Top5: 54.34% (2497/10000) Time: 1.3s
Epoch [ 9/15] 11.5s Train: 3.1072/23.24% Test: 3.0598/24.97%/54.34% LR: 0.034549
*** 新的最佳模型保存! 准确率: 24.97% ***
[21:17:58] Epoch 10 [  0/391] Loss: 2.9752 Top1: 33.59% Top5: 54.69% LR: 0.034549 Time: 0.054s
[21:17:59] Epoch 10 [ 30/391] Loss: 3.1296 Top1: 25.98% Top5: 50.00% LR: 0.034549 Time: 0.040s
[21:18:00] Epoch 10 [ 60/391] Loss: 3.2305 Top1: 25.29% Top5: 50.78% LR: 0.034549 Time: 0.038s
[21:18:01] Epoch 10 [ 90/391] Loss: 3.3324 Top1: 24.41% Top5: 45.31% LR: 0.034549 Time: 0.037s
[21:18:02] Epoch 10 [120/391] Loss: 2.8584 Top1: 24.68% Top5: 56.25% LR: 0.034549 Time: 0.035s
[21:18:03] Epoch 10 [150/391] Loss: 2.9015 Top1: 24.54% Top5: 57.03% LR: 0.034549 Time: 0.038s
[21:18:04] Epoch 10 [180/391] Loss: 3.1333 Top1: 24.43% Top5: 46.88% LR: 0.034549 Time: 0.033s
[21:18:05] Epoch 10 [210/391] Loss: 3.4121 Top1: 24.46% Top5: 46.09% LR: 0.034549 Time: 0.039s
[21:18:06] Epoch 10 [240/391] Loss: 3.0380 Top1: 24.49% Top5: 53.91% LR: 0.034549 Time: 0.028s
[21:18:07] Epoch 10 [270/391] Loss: 2.7019 Top1: 24.58% Top5: 59.38% LR: 0.034549 Time: 0.034s
[21:18:09] Epoch 10 [300/391] Loss: 3.1253 Top1: 24.73% Top5: 54.69% LR: 0.034549 Time: 0.027s
[21:18:10] Epoch 10 [330/391] Loss: 2.6649 Top1: 24.84% Top5: 64.06% LR: 0.034549 Time: 0.026s
[21:18:11] Epoch 10 [360/391] Loss: 2.9120 Top1: 24.78% Top5: 57.81% LR: 0.034549 Time: 0.025s
[21:18:12] Epoch 10 [390/391] Loss: 3.2580 Top1: 24.74% Top5: 56.25% LR: 0.034549 Time: 0.027s
[21:18:13] 测试结果: Loss: 3.0134, Top1: 25.68%, Top5: 55.33% (2568/10000) Time: 1.3s
Epoch [10/15] 14.4s Train: 3.0392/24.74% Test: 3.0134/25.68%/55.33% LR: 0.025000
*** 新的最佳模型保存! 准确率: 25.68% ***
[21:18:13] Epoch 11 [  0/391] Loss: 3.0527 Top1: 25.78% Top5: 54.69% LR: 0.025000 Time: 0.060s
[21:18:14] Epoch 11 [ 30/391] Loss: 2.9116 Top1: 25.08% Top5: 60.16% LR: 0.025000 Time: 0.034s
[21:18:15] Epoch 11 [ 60/391] Loss: 2.9280 Top1: 25.60% Top5: 57.81% LR: 0.025000 Time: 0.047s
[21:18:14] Epoch 11 [ 90/391] Loss: 3.2720 Top1: 26.18% Top5: 50.00% LR: 0.025000 Time: 0.041s
[21:18:15] Epoch 11 [120/391] Loss: 3.1361 Top1: 26.03% Top5: 53.12% LR: 0.025000 Time: 0.043s
[21:18:17] Epoch 11 [150/391] Loss: 2.9407 Top1: 26.00% Top5: 56.25% LR: 0.025000 Time: 0.035s
[21:18:18] Epoch 11 [180/391] Loss: 3.1482 Top1: 25.92% Top5: 52.34% LR: 0.025000 Time: 0.044s
[21:18:19] Epoch 11 [210/391] Loss: 2.9940 Top1: 25.93% Top5: 57.81% LR: 0.025000 Time: 0.038s
[21:18:20] Epoch 11 [240/391] Loss: 3.0105 Top1: 25.95% Top5: 54.69% LR: 0.025000 Time: 0.033s
[21:18:21] Epoch 11 [270/391] Loss: 2.9608 Top1: 25.98% Top5: 56.25% LR: 0.025000 Time: 0.033s
[21:18:22] Epoch 11 [300/391] Loss: 3.2998 Top1: 26.06% Top5: 46.09% LR: 0.025000 Time: 0.037s
[21:18:23] Epoch 11 [330/391] Loss: 3.2990 Top1: 26.02% Top5: 46.88% LR: 0.025000 Time: 0.037s
[21:18:24] Epoch 11 [360/391] Loss: 2.6542 Top1: 26.03% Top5: 66.41% LR: 0.025000 Time: 0.051s
[21:18:26] Epoch 11 [390/391] Loss: 2.9531 Top1: 25.96% Top5: 60.00% LR: 0.025000 Time: 0.035s
[21:18:27] 测试结果: Loss: 2.9480, Top1: 27.47%, Top5: 57.38% (2747/10000) Time: 1.4s
Epoch [11/15] 12.7s Train: 2.9805/25.96% Test: 2.9480/27.47%/57.38% LR: 0.016543
*** 新的最佳模型保存! 准确率: 27.47% ***
[21:18:28] Epoch 12 [  0/391] Loss: 2.9740 Top1: 20.31% Top5: 53.91% LR: 0.016543 Time: 0.065s
[21:18:29] Epoch 12 [ 30/391] Loss: 3.0178 Top1: 26.34% Top5: 58.59% LR: 0.016543 Time: 0.036s
[21:18:30] Epoch 12 [ 60/391] Loss: 2.7318 Top1: 26.96% Top5: 60.94% LR: 0.016543 Time: 0.034s
[21:18:31] Epoch 12 [ 90/391] Loss: 3.2377 Top1: 26.98% Top5: 50.00% LR: 0.016543 Time: 0.024s
[21:18:32] Epoch 12 [120/391] Loss: 2.9258 Top1: 26.95% Top5: 57.81% LR: 0.016543 Time: 0.025s
[21:18:33] Epoch 12 [150/391] Loss: 3.1786 Top1: 26.76% Top5: 51.56% LR: 0.016543 Time: 0.029s
[21:18:34] Epoch 12 [180/391] Loss: 3.0468 Top1: 26.72% Top5: 51.56% LR: 0.016543 Time: 0.040s
[21:18:35] Epoch 12 [210/391] Loss: 2.9227 Top1: 26.75% Top5: 51.56% LR: 0.016543 Time: 0.034s
[21:18:36] Epoch 12 [240/391] Loss: 2.9212 Top1: 26.87% Top5: 57.81% LR: 0.016543 Time: 0.047s
[21:18:37] Epoch 12 [270/391] Loss: 2.6047 Top1: 26.93% Top5: 67.97% LR: 0.016543 Time: 0.028s
[21:18:39] Epoch 12 [300/391] Loss: 2.7433 Top1: 27.00% Top5: 59.38% LR: 0.016543 Time: 0.027s
[21:18:40] Epoch 12 [330/391] Loss: 2.7477 Top1: 27.09% Top5: 66.41% LR: 0.016543 Time: 0.049s
[21:18:41] Epoch 12 [360/391] Loss: 2.9963 Top1: 27.09% Top5: 57.81% LR: 0.016543 Time: 0.036s
[21:18:42] Epoch 12 [390/391] Loss: 2.8359 Top1: 27.06% Top5: 60.00% LR: 0.016543 Time: 0.027s
[21:18:44] 测试结果: Loss: 2.9098, Top1: 28.39%, Top5: 57.71% (2839/10000) Time: 1.3s
Epoch [12/15] 15.0s Train: 2.9275/27.06% Test: 2.9098/28.39%/57.71% LR: 0.009549
*** 新的最佳模型保存! 准确率: 28.39% ***
[21:18:44] Epoch 13 [  0/391] Loss: 2.8756 Top1: 25.00% Top5: 59.38% LR: 0.009549 Time: 0.056s
[21:18:45] Epoch 13 [ 30/391] Loss: 2.7903 Top1: 27.95% Top5: 61.72% LR: 0.009549 Time: 0.032s
[21:18:46] Epoch 13 [ 60/391] Loss: 2.9492 Top1: 28.04% Top5: 60.16% LR: 0.009549 Time: 0.029s
[21:18:44] Epoch 13 [ 90/391] Loss: 3.0199 Top1: 27.85% Top5: 56.25% LR: 0.009549 Time: 0.033s
[21:18:45] Epoch 13 [120/391] Loss: 3.1195 Top1: 27.47% Top5: 45.31% LR: 0.009549 Time: 0.034s
[21:18:46] Epoch 13 [150/391] Loss: 2.8130 Top1: 27.60% Top5: 57.03% LR: 0.009549 Time: 0.026s
[21:18:47] Epoch 13 [180/391] Loss: 2.8908 Top1: 27.75% Top5: 59.38% LR: 0.009549 Time: 0.039s
[21:18:48] Epoch 13 [210/391] Loss: 2.6857 Top1: 27.85% Top5: 60.94% LR: 0.009549 Time: 0.041s
[21:18:50] Epoch 13 [240/391] Loss: 2.8143 Top1: 27.91% Top5: 60.16% LR: 0.009549 Time: 0.033s
[21:18:51] Epoch 13 [270/391] Loss: 3.1248 Top1: 27.93% Top5: 55.47% LR: 0.009549 Time: 0.025s
[21:18:51] Epoch 13 [300/391] Loss: 2.7447 Top1: 27.95% Top5: 57.81% LR: 0.009549 Time: 0.024s
[21:18:52] Epoch 13 [330/391] Loss: 2.8558 Top1: 28.02% Top5: 57.81% LR: 0.009549 Time: 0.024s
[21:18:53] Epoch 13 [360/391] Loss: 2.7236 Top1: 28.08% Top5: 61.72% LR: 0.009549 Time: 0.031s
[21:18:54] Epoch 13 [390/391] Loss: 2.7704 Top1: 28.01% Top5: 65.00% LR: 0.009549 Time: 0.032s
[21:18:56] 测试结果: Loss: 2.8716, Top1: 29.28%, Top5: 58.62% (2928/10000) Time: 1.4s
Epoch [13/15] 10.9s Train: 2.8864/28.01% Test: 2.8716/29.28%/58.62% LR: 0.004323
*** 新的最佳模型保存! 准确率: 29.28% ***
[21:18:56] Epoch 14 [  0/391] Loss: 3.1869 Top1: 24.22% Top5: 52.34% LR: 0.004323 Time: 0.054s
[21:18:57] Epoch 14 [ 30/391] Loss: 2.5859 Top1: 28.73% Top5: 66.41% LR: 0.004323 Time: 0.037s
[21:18:58] Epoch 14 [ 60/391] Loss: 2.7263 Top1: 28.30% Top5: 60.94% LR: 0.004323 Time: 0.031s
[21:18:59] Epoch 14 [ 90/391] Loss: 2.9743 Top1: 28.27% Top5: 55.47% LR: 0.004323 Time: 0.035s
[21:19:00] Epoch 14 [120/391] Loss: 2.7311 Top1: 28.58% Top5: 59.38% LR: 0.004323 Time: 0.028s
[21:19:01] Epoch 14 [150/391] Loss: 2.9930 Top1: 28.49% Top5: 60.94% LR: 0.004323 Time: 0.035s
[21:19:02] Epoch 14 [180/391] Loss: 3.0751 Top1: 28.72% Top5: 56.25% LR: 0.004323 Time: 0.029s
[21:19:03] Epoch 14 [210/391] Loss: 2.6411 Top1: 28.63% Top5: 61.72% LR: 0.004323 Time: 0.052s
[21:19:04] Epoch 14 [240/391] Loss: 2.9516 Top1: 28.76% Top5: 60.16% LR: 0.004323 Time: 0.028s
[21:19:05] Epoch 14 [270/391] Loss: 3.0102 Top1: 28.77% Top5: 53.91% LR: 0.004323 Time: 0.032s
[21:19:07] Epoch 14 [300/391] Loss: 2.9598 Top1: 28.69% Top5: 57.81% LR: 0.004323 Time: 0.034s
[21:19:08] Epoch 14 [330/391] Loss: 2.8503 Top1: 28.71% Top5: 61.72% LR: 0.004323 Time: 0.030s
[21:19:09] Epoch 14 [360/391] Loss: 2.6086 Top1: 28.69% Top5: 65.62% LR: 0.004323 Time: 0.030s
[21:19:10] Epoch 14 [390/391] Loss: 2.8067 Top1: 28.59% Top5: 58.75% LR: 0.004323 Time: 0.025s
[21:19:11] 测试结果: Loss: 2.8668, Top1: 29.15%, Top5: 58.97% (2915/10000) Time: 1.3s
Epoch [14/15] 14.0s Train: 2.8530/28.59% Test: 2.8668/29.15%/58.97% LR: 0.001093
[21:19:12] Epoch 15 [  0/391] Loss: 2.4917 Top1: 38.28% Top5: 70.31% LR: 0.001093 Time: 0.071s
[21:19:13] Epoch 15 [ 30/391] Loss: 2.7650 Top1: 29.46% Top5: 60.16% LR: 0.001093 Time: 0.033s
[21:19:14] Epoch 15 [ 60/391] Loss: 2.8608 Top1: 28.89% Top5: 59.38% LR: 0.001093 Time: 0.024s
[21:19:15] Epoch 15 [ 90/391] Loss: 2.8535 Top1: 29.03% Top5: 61.72% LR: 0.001093 Time: 0.022s
[21:19:16] Epoch 15 [120/391] Loss: 2.8104 Top1: 29.26% Top5: 60.94% LR: 0.001093 Time: 0.047s
[21:19:15] Epoch 15 [150/391] Loss: 2.6999 Top1: 29.08% Top5: 57.81% LR: 0.001093 Time: 0.024s
[21:19:16] Epoch 15 [180/391] Loss: 2.7639 Top1: 29.04% Top5: 58.59% LR: 0.001093 Time: 0.034s
[21:19:17] Epoch 15 [210/391] Loss: 2.9398 Top1: 28.97% Top5: 57.81% LR: 0.001093 Time: 0.039s
[21:19:18] Epoch 15 [240/391] Loss: 2.7709 Top1: 28.99% Top5: 61.72% LR: 0.001093 Time: 0.024s
[21:19:19] Epoch 15 [270/391] Loss: 3.0547 Top1: 28.97% Top5: 57.81% LR: 0.001093 Time: 0.024s
[21:19:20] Epoch 15 [300/391] Loss: 2.6191 Top1: 28.99% Top5: 59.38% LR: 0.001093 Time: 0.030s
[21:19:21] Epoch 15 [330/391] Loss: 2.7290 Top1: 28.95% Top5: 61.72% LR: 0.001093 Time: 0.033s
[21:19:22] Epoch 15 [360/391] Loss: 2.9040 Top1: 28.96% Top5: 56.25% LR: 0.001093 Time: 0.025s
[21:19:23] Epoch 15 [390/391] Loss: 2.9880 Top1: 29.03% Top5: 56.25% LR: 0.001093 Time: 0.024s
[21:19:24] 测试结果: Loss: 2.8609, Top1: 29.40%, Top5: 58.81% (2940/10000) Time: 1.3s
Epoch [15/15] 11.6s Train: 2.8332/29.03% Test: 2.8609/29.40%/58.81% LR: 0.000000
*** 新的最佳模型保存! 准确率: 29.40% ***
================================================================================
训练完成时间: 2025-05-28 21:19:24
总训练时间: 220.1s (3.7分钟)
平均每轮时间: 14.7s
最佳准确率: 29.40% (第15轮)
================================================================================
