eca_resnet_20 快速训练开始 (epochs=15)
Epoch 1 [  0/196] Loss: 4.6924 Acc: 0.39%
Epoch 1 [ 50/196] Loss: 3.9559 Acc: 5.12%
Epoch 1 [100/196] Loss: 3.6603 Acc: 6.91%
Epoch 1 [150/196] Loss: 3.6218 Acc: 8.62%
测试: Loss: 3.5884, Acc: 12.95% (1295/10000)
Epoch [ 1/15] 78.8s Train: 3.8437/10.02% Test: 3.5884/12.95% LR: 0.10000
Epoch 2 [  0/196] Loss: 3.4717 Acc: 16.41%
Epoch 2 [ 50/196] Loss: 3.2370 Acc: 17.32%
Epoch 2 [100/196] Loss: 3.0612 Acc: 18.80%
Epoch 2 [150/196] Loss: 3.1183 Acc: 19.99%
测试: Loss: 3.0046, Acc: 24.25% (2425/10000)
Epoch [ 2/15] 64.1s Train: 3.1674/20.98% Test: 3.0046/24.25% LR: 0.10000
Epoch 3 [  0/196] Loss: 2.6071 Acc: 35.16%
Epoch 3 [ 50/196] Loss: 2.7196 Acc: 27.18%
Epoch 3 [100/196] Loss: 2.6153 Acc: 28.50%
Epoch 3 [150/196] Loss: 2.9610 Acc: 29.38%
测试: Loss: 2.8815, Acc: 27.73% (2773/10000)
Epoch [ 3/15] 63.8s Train: 2.6856/30.09% Test: 2.8815/27.73% LR: 0.10000
Epoch 4 [  0/196] Loss: 2.3415 Acc: 37.11%
Epoch 4 [ 50/196] Loss: 2.4821 Acc: 35.06%
Epoch 4 [100/196] Loss: 2.3997 Acc: 35.32%
Epoch 4 [150/196] Loss: 2.3789 Acc: 36.04%
测试: Loss: 2.6502, Acc: 32.18% (3218/10000)
Epoch [ 4/15] 63.6s Train: 2.3903/36.31% Test: 2.6502/32.18% LR: 0.10000
Epoch 5 [  0/196] Loss: 2.3240 Acc: 35.94%
Epoch 5 [ 50/196] Loss: 2.1172 Acc: 40.31%
