================================================================================
训练开始时间: 2025-05-28 20:34:23
================================================================================
硬件信息:
  - 使用设备: cuda:0
  - 进程数: 1
  - 混合精度: fp16
  - GPU: NVIDIA GeForce RTX 2050, 内存: 3GB
  - PyTorch版本: 2.7.0+cu126
--------------------------------------------------
训练配置:
  - model: eca_resnet_20
  - epochs: 20
  - learning_rate: 0.1
  - batch_size: 128
  - optimizer: SGD
  - momentum: 0.9
  - weight_decay: 0.0001
  - scheduler: CosineAnnealingLR
  - mixed_precision: fp16
  - seed: 42
--------------------------------------------------
模型参数量: 278,351
训练集大小: 50000
测试集大小: 10000
================================================================================
[20:35:20] Epoch  1 [  0/391] Loss: 4.7077 Top1: 0.00% Top5: 7.03% LR: 0.100000 Time: 57.193s
[20:35:22] Epoch  1 [ 30/391] Loss: 4.4092 Top1: 3.58% Top5: 8.59% LR: 0.100000 Time: 0.041s
[20:35:23] Epoch  1 [ 60/391] Loss: 3.9940 Top1: 4.79% Top5: 23.44% LR: 0.100000 Time: 0.042s
[20:35:25] Epoch  1 [ 90/391] Loss: 3.9671 Top1: 5.39% Top5: 30.47% LR: 0.100000 Time: 0.045s
[20:35:26] Epoch  1 [120/391] Loss: 3.8964 Top1: 5.97% Top5: 31.25% LR: 0.100000 Time: 0.048s
[20:35:28] Epoch  1 [150/391] Loss: 3.8556 Top1: 6.49% Top5: 32.03% LR: 0.100000 Time: 0.043s
[20:35:30] Epoch  1 [180/391] Loss: 3.7653 Top1: 7.03% Top5: 32.81% LR: 0.100000 Time: 0.069s
[20:35:32] Epoch  1 [210/391] Loss: 3.8830 Top1: 7.53% Top5: 30.47% LR: 0.100000 Time: 0.053s
[20:35:35] Epoch  1 [240/391] Loss: 3.4601 Top1: 8.07% Top5: 44.53% LR: 0.100000 Time: 0.809s
[20:35:38] Epoch  1 [270/391] Loss: 3.5189 Top1: 8.59% Top5: 42.19% LR: 0.100000 Time: 0.047s
[20:35:39] Epoch  1 [300/391] Loss: 3.5768 Top1: 8.95% Top5: 32.81% LR: 0.100000 Time: 0.041s
[20:35:41] Epoch  1 [330/391] Loss: 3.6352 Top1: 9.40% Top5: 35.94% LR: 0.100000 Time: 0.041s
[20:35:42] Epoch  1 [360/391] Loss: 3.4041 Top1: 9.85% Top5: 43.75% LR: 0.100000 Time: 0.047s
[20:36:30] Epoch  1 [390/391] Loss: 3.2869 Top1: 10.28% Top5: 46.25% LR: 0.100000 Time: 45.500s
