================================================================================
训练开始时间: 2025-05-28 21:08:05
================================================================================
硬件信息:
  - 使用设备: cuda
  - 进程数: 1
  - 混合精度: fp16
  - GPU: NVIDIA GeForce RTX 2050, 内存: 3GB
  - PyTorch版本: 2.7.0+cu126
--------------------------------------------------
训练配置:
  - model: ghost_resnet_20
  - epochs: 15
  - learning_rate: 0.1
  - batch_size: 128
  - optimizer: SGD
  - momentum: 0.9
  - weight_decay: 0.0001
  - scheduler: CosineAnnealingLR
  - mixed_precision: fp16
  - seed: 42
--------------------------------------------------
模型参数量: 27,228
训练集大小: 50000
测试集大小: 10000
================================================================================
[21:08:15] Epoch  1 [  0/391] Loss: 4.6922 Top1: 0.78% Top5: 5.47% LR: 0.100000 Time: 9.438s
[21:08:19] Epoch  1 [ 30/391] Loss: 4.2628 Top1: 3.65% Top5: 17.97% LR: 0.100000 Time: 0.068s
[21:08:21] Epoch  1 [ 60/391] Loss: 3.8145 Top1: 5.44% Top5: 31.25% LR: 0.100000 Time: 0.060s
[21:08:23] Epoch  1 [ 90/391] Loss: 3.9677 Top1: 6.42% Top5: 28.12% LR: 0.100000 Time: 0.063s
[21:08:25] Epoch  1 [120/391] Loss: 3.7944 Top1: 7.48% Top5: 35.16% LR: 0.100000 Time: 0.049s
[21:08:26] Epoch  1 [150/391] Loss: 3.6308 Top1: 8.35% Top5: 39.06% LR: 0.100000 Time: 0.050s
[21:08:28] Epoch  1 [180/391] Loss: 3.6820 Top1: 9.22% Top5: 41.41% LR: 0.100000 Time: 0.050s
[21:08:27] Epoch  1 [210/391] Loss: 3.5983 Top1: 9.84% Top5: 40.62% LR: 0.100000 Time: 0.061s
[21:08:29] Epoch  1 [240/391] Loss: 3.2079 Top1: 10.58% Top5: 54.69% LR: 0.100000 Time: 0.056s
[21:08:30] Epoch  1 [270/391] Loss: 3.2848 Top1: 11.33% Top5: 48.44% LR: 0.100000 Time: 0.050s
[21:08:32] Epoch  1 [300/391] Loss: 3.3243 Top1: 11.91% Top5: 43.75% LR: 0.100000 Time: 0.071s
[21:08:34] Epoch  1 [330/391] Loss: 3.3415 Top1: 12.48% Top5: 50.00% LR: 0.100000 Time: 0.054s
[21:08:36] Epoch  1 [360/391] Loss: 3.3459 Top1: 13.08% Top5: 46.09% LR: 0.100000 Time: 0.053s
[21:08:39] Epoch  1 [390/391] Loss: 2.8704 Top1: 13.64% Top5: 55.00% LR: 0.100000 Time: 0.134s
[21:08:41] 测试结果: Loss: 3.3382, Top1: 21.09%, Top5: 47.68% (2109/10000) Time: 2.4s
Epoch [ 1/15] 33.5s Train: 3.6544/13.64% Test: 3.3382/21.09%/47.68% LR: 0.098907
*** 新的最佳模型保存! 准确率: 21.09% ***
[21:08:42] Epoch  2 [  0/391] Loss: 3.0828 Top1: 20.31% Top5: 53.91% LR: 0.098907 Time: 0.112s
[21:08:44] Epoch  2 [ 30/391] Loss: 3.1394 Top1: 21.75% Top5: 51.56% LR: 0.098907 Time: 0.067s
[21:08:45] Epoch  2 [ 60/391] Loss: 3.0139 Top1: 22.30% Top5: 55.47% LR: 0.098907 Time: 0.063s
[21:08:47] Epoch  2 [ 90/391] Loss: 3.0558 Top1: 22.41% Top5: 53.91% LR: 0.098907 Time: 0.053s
[21:08:49] Epoch  2 [120/391] Loss: 2.9675 Top1: 22.52% Top5: 60.94% LR: 0.098907 Time: 0.051s
[21:08:51] Epoch  2 [150/391] Loss: 2.9508 Top1: 22.60% Top5: 53.12% LR: 0.098907 Time: 0.049s
[21:08:52] Epoch  2 [180/391] Loss: 3.1359 Top1: 23.23% Top5: 46.88% LR: 0.098907 Time: 0.061s
[21:08:54] Epoch  2 [210/391] Loss: 2.9487 Top1: 23.58% Top5: 60.94% LR: 0.098907 Time: 0.050s
[21:08:56] Epoch  2 [240/391] Loss: 2.9780 Top1: 23.79% Top5: 56.25% LR: 0.098907 Time: 0.052s
[21:08:58] Epoch  2 [270/391] Loss: 3.1596 Top1: 23.96% Top5: 53.12% LR: 0.098907 Time: 0.066s
[21:08:59] Epoch  2 [300/391] Loss: 3.1196 Top1: 24.19% Top5: 53.12% LR: 0.098907 Time: 0.045s
[21:09:01] Epoch  2 [330/391] Loss: 2.9031 Top1: 24.45% Top5: 57.03% LR: 0.098907 Time: 0.047s
[21:09:03] Epoch  2 [360/391] Loss: 2.7766 Top1: 24.71% Top5: 60.16% LR: 0.098907 Time: 0.044s
[21:09:04] Epoch  2 [390/391] Loss: 2.5641 Top1: 25.02% Top5: 71.25% LR: 0.098907 Time: 0.048s
[21:09:07] 测试结果: Loss: 2.9493, Top1: 26.15%, Top5: 58.46% (2615/10000) Time: 2.4s
Epoch [ 2/15] 23.1s Train: 2.9746/25.02% Test: 2.9493/26.15%/58.46% LR: 0.095677
*** 新的最佳模型保存! 准确率: 26.15% ***
[21:09:07] Epoch  3 [  0/391] Loss: 2.5618 Top1: 33.59% Top5: 62.50% LR: 0.095677 Time: 0.096s
[21:09:09] Epoch  3 [ 30/391] Loss: 2.7374 Top1: 29.26% Top5: 62.50% LR: 0.095677 Time: 0.060s
[21:09:11] Epoch  3 [ 60/391] Loss: 2.9398 Top1: 29.67% Top5: 56.25% LR: 0.095677 Time: 0.060s
[21:09:13] Epoch  3 [ 90/391] Loss: 2.9043 Top1: 29.79% Top5: 57.81% LR: 0.095677 Time: 0.051s
[21:09:14] Epoch  3 [120/391] Loss: 2.6154 Top1: 29.80% Top5: 66.41% LR: 0.095677 Time: 0.046s
[21:09:16] Epoch  3 [150/391] Loss: 2.6096 Top1: 30.17% Top5: 67.97% LR: 0.095677 Time: 0.048s
[21:09:17] Epoch  3 [180/391] Loss: 2.6974 Top1: 30.16% Top5: 64.06% LR: 0.095677 Time: 0.059s
[21:09:19] Epoch  3 [210/391] Loss: 2.5222 Top1: 30.33% Top5: 70.31% LR: 0.095677 Time: 0.049s
[21:09:21] Epoch  3 [240/391] Loss: 2.4009 Top1: 30.57% Top5: 71.09% LR: 0.095677 Time: 0.053s
[21:09:23] Epoch  3 [270/391] Loss: 2.7085 Top1: 30.71% Top5: 63.28% LR: 0.095677 Time: 0.074s
[21:09:25] Epoch  3 [300/391] Loss: 2.4089 Top1: 30.90% Top5: 64.06% LR: 0.095677 Time: 0.050s
[21:09:27] Epoch  3 [330/391] Loss: 2.3561 Top1: 31.08% Top5: 67.97% LR: 0.095677 Time: 0.038s
[21:09:28] Epoch  3 [360/391] Loss: 2.4372 Top1: 31.17% Top5: 71.09% LR: 0.095677 Time: 0.047s
[21:09:30] Epoch  3 [390/391] Loss: 2.7786 Top1: 31.30% Top5: 61.25% LR: 0.095677 Time: 0.034s
[21:09:32] 测试结果: Loss: 3.0135, Top1: 27.26%, Top5: 58.71% (2726/10000) Time: 1.6s
Epoch [ 3/15] 23.0s Train: 2.6569/31.30% Test: 3.0135/27.26%/58.71% LR: 0.090451
*** 新的最佳模型保存! 准确率: 27.26% ***
[21:09:32] Epoch  4 [  0/391] Loss: 2.4136 Top1: 35.94% Top5: 66.41% LR: 0.090451 Time: 0.088s
[21:09:30] Epoch  4 [ 30/391] Loss: 2.4643 Top1: 34.63% Top5: 67.97% LR: 0.090451 Time: -3.495s
[21:09:32] Epoch  4 [ 60/391] Loss: 2.5666 Top1: 34.55% Top5: 65.62% LR: 0.090451 Time: 0.041s
[21:09:33] Epoch  4 [ 90/391] Loss: 2.6377 Top1: 34.59% Top5: 67.19% LR: 0.090451 Time: 0.050s
[21:09:34] Epoch  4 [120/391] Loss: 2.4026 Top1: 34.95% Top5: 71.09% LR: 0.090451 Time: 0.038s
[21:09:36] Epoch  4 [150/391] Loss: 2.3944 Top1: 34.99% Top5: 71.09% LR: 0.090451 Time: 0.054s
[21:09:37] Epoch  4 [180/391] Loss: 2.4125 Top1: 35.05% Top5: 66.41% LR: 0.090451 Time: 0.037s
[21:09:39] Epoch  4 [210/391] Loss: 2.8232 Top1: 35.05% Top5: 60.94% LR: 0.090451 Time: 0.053s
[21:09:40] Epoch  4 [240/391] Loss: 2.8207 Top1: 35.08% Top5: 61.72% LR: 0.090451 Time: 0.041s
[21:09:42] Epoch  4 [270/391] Loss: 2.8141 Top1: 34.99% Top5: 58.59% LR: 0.090451 Time: 0.038s
[21:09:43] Epoch  4 [300/391] Loss: 2.3932 Top1: 35.13% Top5: 66.41% LR: 0.090451 Time: 0.043s
[21:09:45] Epoch  4 [330/391] Loss: 2.4809 Top1: 35.20% Top5: 66.41% LR: 0.090451 Time: 0.059s
[21:09:46] Epoch  4 [360/391] Loss: 2.3828 Top1: 35.24% Top5: 70.31% LR: 0.090451 Time: 0.043s
[21:09:48] Epoch  4 [390/391] Loss: 2.4677 Top1: 35.39% Top5: 66.25% LR: 0.090451 Time: 0.039s
[21:09:50] 测试结果: Loss: 2.6337, Top1: 33.78%, Top5: 65.68% (3378/10000) Time: 1.8s
Epoch [ 4/15] 16.3s Train: 2.4741/35.39% Test: 2.6337/33.78%/65.68% LR: 0.083457
*** 新的最佳模型保存! 准确率: 33.78% ***
[21:09:50] Epoch  5 [  0/391] Loss: 2.4218 Top1: 32.81% Top5: 71.88% LR: 0.083457 Time: 0.084s
[21:09:52] Epoch  5 [ 30/391] Loss: 2.1529 Top1: 37.17% Top5: 75.78% LR: 0.083457 Time: 0.040s
[21:09:53] Epoch  5 [ 60/391] Loss: 2.3624 Top1: 38.13% Top5: 72.66% LR: 0.083457 Time: 0.045s
[21:09:55] Epoch  5 [ 90/391] Loss: 2.4113 Top1: 37.81% Top5: 67.97% LR: 0.083457 Time: 0.042s
[21:09:56] Epoch  5 [120/391] Loss: 2.4575 Top1: 37.73% Top5: 71.88% LR: 0.083457 Time: 0.060s
[21:09:58] Epoch  5 [150/391] Loss: 2.4060 Top1: 37.76% Top5: 70.31% LR: 0.083457 Time: 0.055s
[21:10:00] Epoch  5 [180/391] Loss: 2.3769 Top1: 37.81% Top5: 67.19% LR: 0.083457 Time: 0.074s
[21:10:02] Epoch  5 [210/391] Loss: 2.4567 Top1: 37.76% Top5: 71.88% LR: 0.083457 Time: 0.058s
[21:10:06] Epoch  5 [240/391] Loss: 2.1529 Top1: 37.72% Top5: 78.12% LR: 0.083457 Time: 0.048s
[21:10:07] Epoch  5 [270/391] Loss: 2.4036 Top1: 37.91% Top5: 69.53% LR: 0.083457 Time: 0.045s
[21:10:09] Epoch  5 [300/391] Loss: 2.0971 Top1: 38.02% Top5: 71.88% LR: 0.083457 Time: 0.058s
[21:10:11] Epoch  5 [330/391] Loss: 2.4038 Top1: 38.11% Top5: 69.53% LR: 0.083457 Time: 0.059s
[21:10:12] Epoch  5 [360/391] Loss: 2.2561 Top1: 38.26% Top5: 74.22% LR: 0.083457 Time: 0.043s
[21:10:14] Epoch  5 [390/391] Loss: 2.2516 Top1: 38.19% Top5: 70.00% LR: 0.083457 Time: 0.055s
[21:10:16] 测试结果: Loss: 2.4743, Top1: 36.02%, Top5: 68.91% (3602/10000) Time: 1.9s
Epoch [ 5/15] 24.3s Train: 2.3368/38.19% Test: 2.4743/36.02%/68.91% LR: 0.075000
*** 新的最佳模型保存! 准确率: 36.02% ***
[21:10:17] Epoch  6 [  0/391] Loss: 2.5136 Top1: 28.91% Top5: 64.84% LR: 0.075000 Time: 0.089s
[21:10:18] Epoch  6 [ 30/391] Loss: 2.1628 Top1: 40.57% Top5: 73.44% LR: 0.075000 Time: 0.058s
[21:10:20] Epoch  6 [ 60/391] Loss: 2.3471 Top1: 40.27% Top5: 68.75% LR: 0.075000 Time: 0.065s
[21:10:21] Epoch  6 [ 90/391] Loss: 2.4200 Top1: 40.18% Top5: 70.31% LR: 0.075000 Time: 0.050s
[21:10:23] Epoch  6 [120/391] Loss: 2.2616 Top1: 40.00% Top5: 73.44% LR: 0.075000 Time: 0.053s
[21:10:25] Epoch  6 [150/391] Loss: 2.0689 Top1: 40.10% Top5: 79.69% LR: 0.075000 Time: 0.061s
[21:10:27] Epoch  6 [180/391] Loss: 2.3363 Top1: 40.14% Top5: 71.88% LR: 0.075000 Time: 0.049s
[21:10:29] Epoch  6 [210/391] Loss: 2.2912 Top1: 40.26% Top5: 71.09% LR: 0.075000 Time: 0.049s
[21:10:31] Epoch  6 [240/391] Loss: 2.1578 Top1: 40.24% Top5: 70.31% LR: 0.075000 Time: 0.052s
[21:10:33] Epoch  6 [270/391] Loss: 2.2215 Top1: 40.32% Top5: 73.44% LR: 0.075000 Time: 0.061s
[21:10:35] Epoch  6 [300/391] Loss: 2.4137 Top1: 40.39% Top5: 67.19% LR: 0.075000 Time: 0.051s
[21:10:36] Epoch  6 [330/391] Loss: 2.2135 Top1: 40.46% Top5: 71.88% LR: 0.075000 Time: 0.063s
[21:10:37] Epoch  6 [360/391] Loss: 2.1521 Top1: 40.46% Top5: 77.34% LR: 0.075000 Time: 0.054s
[21:10:39] Epoch  6 [390/391] Loss: 1.9555 Top1: 40.55% Top5: 76.25% LR: 0.075000 Time: 0.043s
[21:10:41] 测试结果: Loss: 2.3148, Top1: 39.22%, Top5: 71.38% (3922/10000) Time: 2.2s
Epoch [ 6/15] 22.7s Train: 2.2386/40.55% Test: 2.3148/39.22%/71.38% LR: 0.065451
*** 新的最佳模型保存! 准确率: 39.22% ***
[21:10:42] Epoch  7 [  0/391] Loss: 2.1125 Top1: 42.19% Top5: 77.34% LR: 0.065451 Time: 0.107s
[21:10:44] Epoch  7 [ 30/391] Loss: 2.0776 Top1: 43.02% Top5: 75.00% LR: 0.065451 Time: 0.051s
[21:10:45] Epoch  7 [ 60/391] Loss: 2.1381 Top1: 42.97% Top5: 75.00% LR: 0.065451 Time: 0.053s
[21:10:47] Epoch  7 [ 90/391] Loss: 2.1241 Top1: 42.46% Top5: 71.09% LR: 0.065451 Time: 0.048s
[21:10:49] Epoch  7 [120/391] Loss: 2.0685 Top1: 42.51% Top5: 78.91% LR: 0.065451 Time: 0.050s
[21:10:50] Epoch  7 [150/391] Loss: 2.3218 Top1: 42.57% Top5: 71.09% LR: 0.065451 Time: 0.053s
[21:10:52] Epoch  7 [180/391] Loss: 1.8931 Top1: 42.40% Top5: 78.12% LR: 0.065451 Time: 0.046s
[21:10:53] Epoch  7 [210/391] Loss: 1.9798 Top1: 42.49% Top5: 79.69% LR: 0.065451 Time: 0.053s
[21:10:55] Epoch  7 [240/391] Loss: 2.4336 Top1: 42.36% Top5: 69.53% LR: 0.065451 Time: 0.050s
[21:10:57] Epoch  7 [270/391] Loss: 2.2330 Top1: 42.22% Top5: 72.66% LR: 0.065451 Time: 0.043s
[21:10:59] Epoch  7 [300/391] Loss: 1.9933 Top1: 42.31% Top5: 78.12% LR: 0.065451 Time: 0.052s
[21:11:00] Epoch  7 [330/391] Loss: 2.4167 Top1: 42.36% Top5: 67.97% LR: 0.065451 Time: 0.069s
[21:11:02] Epoch  7 [360/391] Loss: 2.1325 Top1: 42.37% Top5: 74.22% LR: 0.065451 Time: 0.045s
[21:11:04] Epoch  7 [390/391] Loss: 2.1441 Top1: 42.41% Top5: 72.50% LR: 0.065451 Time: 0.037s
[21:11:06] 测试结果: Loss: 2.5014, Top1: 36.77%, Top5: 68.89% (3677/10000) Time: 1.9s
Epoch [ 7/15] 22.7s Train: 2.1631/42.41% Test: 2.5014/36.77%/68.89% LR: 0.055226
[21:11:06] Epoch  8 [  0/391] Loss: 2.1116 Top1: 44.53% Top5: 77.34% LR: 0.055226 Time: 0.124s
[21:11:08] Epoch  8 [ 30/391] Loss: 2.0092 Top1: 43.98% Top5: 78.12% LR: 0.055226 Time: 0.047s
[21:11:10] Epoch  8 [ 60/391] Loss: 1.9573 Top1: 44.17% Top5: 74.22% LR: 0.055226 Time: 0.062s
[21:11:10] Epoch  8 [ 90/391] Loss: 1.9220 Top1: 43.93% Top5: 80.47% LR: 0.055226 Time: 0.046s
[21:11:11] Epoch  8 [120/391] Loss: 2.2885 Top1: 43.69% Top5: 74.22% LR: 0.055226 Time: 0.054s
[21:11:13] Epoch  8 [150/391] Loss: 2.3098 Top1: 43.86% Top5: 71.09% LR: 0.055226 Time: 0.044s
[21:11:14] Epoch  8 [180/391] Loss: 1.8543 Top1: 43.91% Top5: 82.03% LR: 0.055226 Time: 0.056s
[21:11:16] Epoch  8 [210/391] Loss: 1.9745 Top1: 44.15% Top5: 78.91% LR: 0.055226 Time: 0.055s
[21:11:18] Epoch  8 [240/391] Loss: 2.1202 Top1: 43.97% Top5: 75.78% LR: 0.055226 Time: 0.048s
[21:11:19] Epoch  8 [270/391] Loss: 2.3254 Top1: 43.97% Top5: 72.66% LR: 0.055226 Time: 0.038s
[21:11:20] Epoch  8 [300/391] Loss: 1.9717 Top1: 44.03% Top5: 77.34% LR: 0.055226 Time: 0.042s
[21:11:22] Epoch  8 [330/391] Loss: 2.1440 Top1: 44.06% Top5: 73.44% LR: 0.055226 Time: 0.052s
[21:11:24] Epoch  8 [360/391] Loss: 2.1545 Top1: 43.91% Top5: 75.00% LR: 0.055226 Time: 0.099s
[21:11:27] Epoch  8 [390/391] Loss: 2.2761 Top1: 44.06% Top5: 71.25% LR: 0.055226 Time: 0.067s
[21:11:28] 测试结果: Loss: 2.2138, Top1: 41.48%, Top5: 74.25% (4148/10000) Time: 1.5s
Epoch [ 8/15] 21.2s Train: 2.0824/44.06% Test: 2.2138/41.48%/74.25% LR: 0.044774
*** 新的最佳模型保存! 准确率: 41.48% ***
[21:11:29] Epoch  9 [  0/391] Loss: 2.0786 Top1: 42.19% Top5: 74.22% LR: 0.044774 Time: 0.082s
[21:11:30] Epoch  9 [ 30/391] Loss: 1.9744 Top1: 45.87% Top5: 79.69% LR: 0.044774 Time: 0.054s
[21:11:32] Epoch  9 [ 60/391] Loss: 2.2543 Top1: 45.70% Top5: 73.44% LR: 0.044774 Time: 0.057s
[21:11:33] Epoch  9 [ 90/391] Loss: 1.8788 Top1: 45.85% Top5: 79.69% LR: 0.044774 Time: 0.058s
[21:11:37] Epoch  9 [120/391] Loss: 2.2307 Top1: 45.80% Top5: 72.66% LR: 0.044774 Time: 0.103s
[21:11:38] Epoch  9 [150/391] Loss: 2.0630 Top1: 46.01% Top5: 78.12% LR: 0.044774 Time: 0.043s
[21:11:40] Epoch  9 [180/391] Loss: 1.8896 Top1: 45.73% Top5: 81.25% LR: 0.044774 Time: 0.042s
[21:11:41] Epoch  9 [210/391] Loss: 2.0063 Top1: 45.65% Top5: 77.34% LR: 0.044774 Time: 0.052s
[21:11:41] Epoch  9 [240/391] Loss: 2.1153 Top1: 45.68% Top5: 78.12% LR: 0.044774 Time: 0.102s
[21:11:44] Epoch  9 [270/391] Loss: 1.9862 Top1: 45.56% Top5: 79.69% LR: 0.044774 Time: 0.101s
[21:11:47] Epoch  9 [300/391] Loss: 1.9339 Top1: 45.32% Top5: 77.34% LR: 0.044774 Time: 0.101s
[21:11:49] Epoch  9 [330/391] Loss: 2.0351 Top1: 45.42% Top5: 75.78% LR: 0.044774 Time: 0.054s
[21:11:51] Epoch  9 [360/391] Loss: 1.9400 Top1: 45.54% Top5: 81.25% LR: 0.044774 Time: 0.064s
[21:11:53] Epoch  9 [390/391] Loss: 1.7500 Top1: 45.59% Top5: 80.00% LR: 0.044774 Time: 0.057s
[21:11:55] 测试结果: Loss: 2.2833, Top1: 41.22%, Top5: 72.96% (4122/10000) Time: 2.2s
Epoch [ 9/15] 24.4s Train: 2.0201/45.59% Test: 2.2833/41.22%/72.96% LR: 0.034549
[21:11:56] Epoch 10 [  0/391] Loss: 1.9690 Top1: 47.66% Top5: 78.12% LR: 0.034549 Time: 0.120s
[21:11:58] Epoch 10 [ 30/391] Loss: 2.1294 Top1: 47.38% Top5: 75.78% LR: 0.034549 Time: 0.065s
[21:12:00] Epoch 10 [ 60/391] Loss: 2.1312 Top1: 47.64% Top5: 71.88% LR: 0.034549 Time: 0.073s
[21:12:02] Epoch 10 [ 90/391] Loss: 2.0505 Top1: 47.36% Top5: 74.22% LR: 0.034549 Time: 0.079s
[21:12:04] Epoch 10 [120/391] Loss: 2.0096 Top1: 47.55% Top5: 74.22% LR: 0.034549 Time: 0.103s
[21:12:07] Epoch 10 [150/391] Loss: 1.8300 Top1: 47.23% Top5: 83.59% LR: 0.034549 Time: 0.102s
[21:12:10] Epoch 10 [180/391] Loss: 2.1578 Top1: 47.06% Top5: 71.88% LR: 0.034549 Time: 0.103s
[21:12:11] Epoch 10 [210/391] Loss: 2.5397 Top1: 46.90% Top5: 63.28% LR: 0.034549 Time: 0.103s
[21:12:13] Epoch 10 [240/391] Loss: 2.0205 Top1: 46.86% Top5: 76.56% LR: 0.034549 Time: 0.055s
[21:12:15] Epoch 10 [270/391] Loss: 1.6922 Top1: 46.99% Top5: 82.81% LR: 0.034549 Time: 0.103s
[21:12:18] Epoch 10 [300/391] Loss: 2.0865 Top1: 46.94% Top5: 75.00% LR: 0.034549 Time: 0.103s
[21:12:20] Epoch 10 [330/391] Loss: 1.7934 Top1: 46.88% Top5: 78.91% LR: 0.034549 Time: 0.049s
[21:12:22] Epoch 10 [360/391] Loss: 2.0700 Top1: 46.86% Top5: 80.47% LR: 0.034549 Time: 0.044s
[21:12:23] Epoch 10 [390/391] Loss: 2.3390 Top1: 46.89% Top5: 80.00% LR: 0.034549 Time: 0.038s
[21:12:25] 测试结果: Loss: 2.0670, Top1: 45.62%, Top5: 76.53% (4562/10000) Time: 1.5s
Epoch [10/15] 28.2s Train: 1.9649/46.89% Test: 2.0670/45.62%/76.53% LR: 0.025000
*** 新的最佳模型保存! 准确率: 45.62% ***
[21:12:25] Epoch 11 [  0/391] Loss: 1.8622 Top1: 46.88% Top5: 82.81% LR: 0.025000 Time: 0.081s
[21:12:27] Epoch 11 [ 30/391] Loss: 1.6847 Top1: 48.51% Top5: 83.59% LR: 0.025000 Time: 0.059s
[21:12:28] Epoch 11 [ 60/391] Loss: 1.7034 Top1: 48.36% Top5: 82.03% LR: 0.025000 Time: 0.041s
[21:12:30] Epoch 11 [ 90/391] Loss: 1.8021 Top1: 48.69% Top5: 79.69% LR: 0.025000 Time: 0.103s
[21:12:33] Epoch 11 [120/391] Loss: 1.9277 Top1: 48.44% Top5: 78.91% LR: 0.025000 Time: 0.103s
[21:12:35] Epoch 11 [150/391] Loss: 1.8214 Top1: 48.32% Top5: 82.03% LR: 0.025000 Time: 0.049s
[21:12:37] Epoch 11 [180/391] Loss: 2.2303 Top1: 48.14% Top5: 76.56% LR: 0.025000 Time: 0.102s
[21:12:40] Epoch 11 [210/391] Loss: 1.9911 Top1: 48.18% Top5: 79.69% LR: 0.025000 Time: 0.050s
[21:12:42] Epoch 11 [240/391] Loss: 2.0450 Top1: 47.95% Top5: 76.56% LR: 0.025000 Time: 0.052s
[21:12:42] Epoch 11 [270/391] Loss: 1.8709 Top1: 47.88% Top5: 82.03% LR: 0.025000 Time: 0.102s
[21:12:45] Epoch 11 [300/391] Loss: 2.0604 Top1: 48.08% Top5: 78.12% LR: 0.025000 Time: 0.102s
[21:12:47] Epoch 11 [330/391] Loss: 2.1222 Top1: 48.07% Top5: 75.00% LR: 0.025000 Time: 0.050s
[21:12:48] Epoch 11 [360/391] Loss: 1.7765 Top1: 48.02% Top5: 80.47% LR: 0.025000 Time: 0.047s
[21:12:50] Epoch 11 [390/391] Loss: 1.9628 Top1: 47.98% Top5: 81.25% LR: 0.025000 Time: 0.041s
[21:12:51] 测试结果: Loss: 1.9585, Top1: 47.68%, Top5: 78.36% (4768/10000) Time: 1.6s
Epoch [11/15] 24.7s Train: 1.9059/47.98% Test: 1.9585/47.68%/78.36% LR: 0.016543
*** 新的最佳模型保存! 准确率: 47.68% ***
[21:12:52] Epoch 12 [  0/391] Loss: 2.1175 Top1: 43.75% Top5: 76.56% LR: 0.016543 Time: 0.097s
[21:12:53] Epoch 12 [ 30/391] Loss: 1.9433 Top1: 49.27% Top5: 78.12% LR: 0.016543 Time: 0.047s
[21:12:55] Epoch 12 [ 60/391] Loss: 1.5513 Top1: 49.41% Top5: 89.06% LR: 0.016543 Time: 0.057s
[21:12:56] Epoch 12 [ 90/391] Loss: 2.0466 Top1: 49.33% Top5: 75.00% LR: 0.016543 Time: 0.049s
[21:12:58] Epoch 12 [120/391] Loss: 1.8847 Top1: 49.40% Top5: 82.03% LR: 0.016543 Time: 0.102s
[21:13:01] Epoch 12 [150/391] Loss: 2.0498 Top1: 49.50% Top5: 78.12% LR: 0.016543 Time: 0.103s
[21:13:04] Epoch 12 [180/391] Loss: 1.9269 Top1: 49.62% Top5: 79.69% LR: 0.016543 Time: 0.103s
[21:13:08] Epoch 12 [210/391] Loss: 1.9826 Top1: 49.52% Top5: 78.91% LR: 0.016543 Time: 0.103s
[21:13:11] Epoch 12 [240/391] Loss: 1.9442 Top1: 49.59% Top5: 81.25% LR: 0.016543 Time: 0.102s
[21:13:12] Epoch 12 [270/391] Loss: 1.6580 Top1: 49.64% Top5: 83.59% LR: 0.016543 Time: 0.103s
[21:13:15] Epoch 12 [300/391] Loss: 1.7509 Top1: 49.65% Top5: 81.25% LR: 0.016543 Time: 0.103s
[21:13:18] Epoch 12 [330/391] Loss: 1.8329 Top1: 49.56% Top5: 81.25% LR: 0.016543 Time: 0.103s
[21:13:21] Epoch 12 [360/391] Loss: 1.8225 Top1: 49.46% Top5: 78.12% LR: 0.016543 Time: 0.103s
[21:13:24] Epoch 12 [390/391] Loss: 1.7468 Top1: 49.42% Top5: 83.75% LR: 0.016543 Time: 0.047s
[21:13:27] 测试结果: Loss: 1.9228, Top1: 48.33%, Top5: 78.81% (4833/10000) Time: 2.7s
Epoch [12/15] 33.0s Train: 1.8566/49.42% Test: 1.9228/48.33%/78.81% LR: 0.009549
*** 新的最佳模型保存! 准确率: 48.33% ***
[21:13:27] Epoch 13 [  0/391] Loss: 1.6982 Top1: 55.47% Top5: 82.81% LR: 0.009549 Time: 0.118s
[21:13:29] Epoch 13 [ 30/391] Loss: 1.7127 Top1: 50.86% Top5: 85.94% LR: 0.009549 Time: 0.045s
[21:13:31] Epoch 13 [ 60/391] Loss: 1.9269 Top1: 50.86% Top5: 78.91% LR: 0.009549 Time: 0.043s
[21:13:32] Epoch 13 [ 90/391] Loss: 1.9109 Top1: 50.33% Top5: 77.34% LR: 0.009549 Time: 0.055s
[21:13:34] Epoch 13 [120/391] Loss: 1.8211 Top1: 50.32% Top5: 82.03% LR: 0.009549 Time: 0.048s
[21:13:37] Epoch 13 [150/391] Loss: 1.6302 Top1: 50.36% Top5: 85.16% LR: 0.009549 Time: 0.103s
[21:13:40] Epoch 13 [180/391] Loss: 1.6538 Top1: 50.24% Top5: 86.72% LR: 0.009549 Time: 0.104s
[21:13:43] Epoch 13 [210/391] Loss: 1.6210 Top1: 50.37% Top5: 83.59% LR: 0.009549 Time: 0.102s
[21:13:43] Epoch 13 [240/391] Loss: 1.7687 Top1: 50.39% Top5: 81.25% LR: 0.009549 Time: 0.103s
[21:13:47] Epoch 13 [270/391] Loss: 2.0650 Top1: 50.46% Top5: 73.44% LR: 0.009549 Time: 0.103s
[21:13:50] Epoch 13 [300/391] Loss: 1.7994 Top1: 50.49% Top5: 78.12% LR: 0.009549 Time: 0.103s
[21:13:53] Epoch 13 [330/391] Loss: 1.9603 Top1: 50.58% Top5: 77.34% LR: 0.009549 Time: 0.095s
[21:13:56] Epoch 13 [360/391] Loss: 1.5304 Top1: 50.62% Top5: 83.59% LR: 0.009549 Time: 0.103s
[21:13:59] Epoch 13 [390/391] Loss: 1.8270 Top1: 50.46% Top5: 82.50% LR: 0.009549 Time: 0.042s
[21:14:01] 测试结果: Loss: 1.8723, Top1: 49.70%, Top5: 79.59% (4970/10000) Time: 1.7s
Epoch [13/15] 32.3s Train: 1.8114/50.46% Test: 1.8723/49.70%/79.59% LR: 0.004323
*** 新的最佳模型保存! 准确率: 49.70% ***
[21:14:02] Epoch 14 [  0/391] Loss: 1.8381 Top1: 50.00% Top5: 81.25% LR: 0.004323 Time: 0.090s
[21:14:03] Epoch 14 [ 30/391] Loss: 1.7819 Top1: 51.06% Top5: 82.81% LR: 0.004323 Time: 0.076s
[21:14:06] Epoch 14 [ 60/391] Loss: 1.7051 Top1: 50.81% Top5: 85.16% LR: 0.004323 Time: 0.104s
[21:14:09] Epoch 14 [ 90/391] Loss: 1.9502 Top1: 50.60% Top5: 76.56% LR: 0.004323 Time: 0.102s
[21:14:13] Epoch 14 [120/391] Loss: 1.6346 Top1: 50.90% Top5: 83.59% LR: 0.004323 Time: 0.103s
[21:14:13] Epoch 14 [150/391] Loss: 1.9208 Top1: 50.61% Top5: 79.69% LR: 0.004323 Time: 0.103s
[21:14:16] Epoch 14 [180/391] Loss: 1.7912 Top1: 50.90% Top5: 82.03% LR: 0.004323 Time: 0.102s
[21:14:20] Epoch 14 [210/391] Loss: 1.5813 Top1: 50.91% Top5: 84.38% LR: 0.004323 Time: 0.102s
[21:14:23] Epoch 14 [240/391] Loss: 1.8205 Top1: 51.15% Top5: 78.12% LR: 0.004323 Time: 0.102s
[21:14:26] Epoch 14 [270/391] Loss: 1.9817 Top1: 51.28% Top5: 78.91% LR: 0.004323 Time: 0.053s
[21:14:27] Epoch 14 [300/391] Loss: 1.9067 Top1: 51.37% Top5: 82.03% LR: 0.004323 Time: 0.047s
[21:14:29] Epoch 14 [330/391] Loss: 1.8056 Top1: 51.41% Top5: 79.69% LR: 0.004323 Time: 0.051s
[21:14:31] Epoch 14 [360/391] Loss: 1.5449 Top1: 51.53% Top5: 86.72% LR: 0.004323 Time: 0.103s
[21:14:34] Epoch 14 [390/391] Loss: 1.9483 Top1: 51.48% Top5: 77.50% LR: 0.004323 Time: 0.074s
[21:14:36] 测试结果: Loss: 1.8516, Top1: 50.19%, Top5: 79.96% (5019/10000) Time: 1.6s
Epoch [14/15] 33.2s Train: 1.7782/51.48% Test: 1.8516/50.19%/79.96% LR: 0.001093
*** 新的最佳模型保存! 准确率: 50.19% ***
[21:14:36] Epoch 15 [  0/391] Loss: 1.5127 Top1: 54.69% Top5: 87.50% LR: 0.001093 Time: 0.106s
[21:14:38] Epoch 15 [ 30/391] Loss: 1.8188 Top1: 53.10% Top5: 80.47% LR: 0.001093 Time: 0.058s
[21:14:39] Epoch 15 [ 60/391] Loss: 1.8165 Top1: 51.51% Top5: 78.91% LR: 0.001093 Time: 0.049s
[21:14:41] Epoch 15 [ 90/391] Loss: 1.9131 Top1: 51.61% Top5: 82.03% LR: 0.001093 Time: 0.050s
[21:14:42] Epoch 15 [120/391] Loss: 1.8472 Top1: 51.62% Top5: 75.78% LR: 0.001093 Time: 0.102s
[21:14:43] Epoch 15 [150/391] Loss: 1.7010 Top1: 51.43% Top5: 85.16% LR: 0.001093 Time: 0.102s
[21:14:46] Epoch 15 [180/391] Loss: 1.8063 Top1: 51.62% Top5: 79.69% LR: 0.001093 Time: 0.058s
[21:14:48] Epoch 15 [210/391] Loss: 1.8546 Top1: 51.51% Top5: 77.34% LR: 0.001093 Time: 0.048s
[21:14:49] Epoch 15 [240/391] Loss: 2.0040 Top1: 51.48% Top5: 74.22% LR: 0.001093 Time: 0.050s
[21:14:51] Epoch 15 [270/391] Loss: 1.8884 Top1: 51.56% Top5: 75.78% LR: 0.001093 Time: 0.050s
[21:14:53] Epoch 15 [300/391] Loss: 1.5554 Top1: 51.61% Top5: 82.81% LR: 0.001093 Time: 0.102s
[21:14:57] Epoch 15 [330/391] Loss: 1.6112 Top1: 51.67% Top5: 83.59% LR: 0.001093 Time: 0.102s
[21:14:59] Epoch 15 [360/391] Loss: 1.8791 Top1: 51.69% Top5: 78.12% LR: 0.001093 Time: 0.042s
[21:15:01] Epoch 15 [390/391] Loss: 2.1055 Top1: 51.80% Top5: 76.25% LR: 0.001093 Time: 0.036s
[21:15:02] 测试结果: Loss: 1.8367, Top1: 50.66%, Top5: 80.19% (5066/10000) Time: 1.5s
Epoch [15/15] 24.8s Train: 1.7556/51.80% Test: 1.8367/50.66%/80.19% LR: 0.000000
*** 新的最佳模型保存! 准确率: 50.66% ***
================================================================================
训练完成时间: 2025-05-28 21:15:02
总训练时间: 417.1s (7.0分钟)
平均每轮时间: 27.8s
最佳准确率: 50.66% (第15轮)
================================================================================
