================================================================================
训练开始时间: 2025-05-28 20:37:26
================================================================================
硬件信息:
  - 使用设备: cuda:0
  - 进程数: 1
  - 混合精度: fp16
  - GPU: NVIDIA GeForce RTX 2050, 内存: 3GB
  - PyTorch版本: 2.7.0+cu126
--------------------------------------------------
训练配置:
  - model: ghost_resnet_20
  - epochs: 20
  - learning_rate: 0.1
  - batch_size: 128
  - optimizer: SGD
  - momentum: 0.9
  - weight_decay: 0.0001
  - scheduler: CosineAnnealingLR
  - mixed_precision: fp16
  - seed: 42
--------------------------------------------------
模型参数量: 27,228
训练集大小: 50000
测试集大小: 10000
================================================================================
[20:38:31] Epoch  1 [  0/391] Loss: 4.6401 Top1: 0.00% Top5: 7.03% LR: 0.100000 Time: 65.172s
[20:38:34] Epoch  1 [ 30/391] Loss: 4.3229 Top1: 3.55% Top5: 13.28% LR: 0.100000 Time: 0.055s
[20:38:36] Epoch  1 [ 60/391] Loss: 3.8775 Top1: 5.11% Top5: 27.34% LR: 0.100000 Time: 0.074s
[20:38:38] Epoch  1 [ 90/391] Loss: 3.8334 Top1: 6.22% Top5: 32.03% LR: 0.100000 Time: 0.054s
[20:38:39] Epoch  1 [120/391] Loss: 3.9996 Top1: 7.08% Top5: 30.47% LR: 0.100000 Time: 0.053s
[20:38:41] Epoch  1 [150/391] Loss: 3.5621 Top1: 8.21% Top5: 38.28% LR: 0.100000 Time: 0.071s
