================================================================================
训练开始时间: 2025-05-28 20:50:20
================================================================================
硬件信息:
  - 使用设备: cuda
  - 进程数: 1
  - 混合精度: fp16
  - GPU: NVIDIA GeForce RTX 2050, 内存: 3GB
  - PyTorch版本: 2.7.0+cu126
--------------------------------------------------
训练配置:
  - model: resnet_20
  - epochs: 15
  - learning_rate: 0.1
  - batch_size: 128
  - optimizer: SGD
  - momentum: 0.9
  - weight_decay: 0.0001
  - scheduler: CosineAnnealingLR
  - mixed_precision: fp16
  - seed: 42
--------------------------------------------------
模型参数量: 278,324
训练集大小: 50000
测试集大小: 10000
================================================================================
[20:54:11] Epoch  1 [  0/391] Loss: 4.7684 Top1: 0.78% Top5: 5.47% LR: 0.100000 Time: 224.049s
[20:54:12] Epoch  1 [ 30/391] Loss: 4.3793 Top1: 2.62% Top5: 15.62% LR: 0.100000 Time: 0.045s
[20:54:13] Epoch  1 [ 60/391] Loss: 4.0453 Top1: 3.80% Top5: 25.78% LR: 0.100000 Time: 0.043s
[20:54:15] Epoch  1 [ 90/391] Loss: 4.0722 Top1: 4.46% Top5: 26.56% LR: 0.100000 Time: 0.039s
[20:54:16] Epoch  1 [120/391] Loss: 4.0009 Top1: 5.13% Top5: 23.44% LR: 0.100000 Time: 0.046s
[20:54:14] Epoch  1 [150/391] Loss: 3.8387 Top1: 5.58% Top5: 28.91% LR: 0.100000 Time: -3.294s
[20:54:15] Epoch  1 [180/391] Loss: 3.8704 Top1: 6.07% Top5: 32.03% LR: 0.100000 Time: 0.039s
[20:54:16] Epoch  1 [210/391] Loss: 3.9619 Top1: 6.39% Top5: 25.78% LR: 0.100000 Time: 0.039s
[20:54:18] Epoch  1 [240/391] Loss: 3.4774 Top1: 6.84% Top5: 42.19% LR: 0.100000 Time: 0.039s
[20:54:19] Epoch  1 [270/391] Loss: 3.6221 Top1: 7.42% Top5: 37.50% LR: 0.100000 Time: 0.039s
[20:54:20] Epoch  1 [300/391] Loss: 3.6785 Top1: 7.71% Top5: 35.94% LR: 0.100000 Time: 0.040s
[20:54:21] Epoch  1 [330/391] Loss: 3.6636 Top1: 8.10% Top5: 35.94% LR: 0.100000 Time: 0.038s
[20:54:23] Epoch  1 [360/391] Loss: 3.5896 Top1: 8.51% Top5: 36.72% LR: 0.100000 Time: 0.043s
[20:54:24] Epoch  1 [390/391] Loss: 3.3845 Top1: 8.91% Top5: 43.75% LR: 0.100000 Time: 0.067s
[20:54:26] 测试结果: Loss: 3.6350, Top1: 14.28%, Top5: 38.80% (1428/10000) Time: 1.9s
Epoch [ 1/15] 244.4s Train: 3.9126/8.91% Test: 3.6350/14.28%/38.80% LR: 0.098907
*** 新的最佳模型保存! 准确率: 14.28% ***
[20:54:27] Epoch  2 [  0/391] Loss: 3.5664 Top1: 13.28% Top5: 38.28% LR: 0.098907 Time: 0.080s
[20:54:29] Epoch  2 [ 30/391] Loss: 3.6544 Top1: 13.96% Top5: 33.59% LR: 0.098907 Time: 0.095s
[20:54:31] Epoch  2 [ 60/391] Loss: 3.3933 Top1: 14.45% Top5: 47.66% LR: 0.098907 Time: 0.051s
