================================================================================
训练开始时间: 2025-05-28 20:47:24
================================================================================
硬件信息:
  - 使用设备: cuda
  - 进程数: 1
  - 混合精度: fp16
  - GPU: NVIDIA GeForce RTX 2050, 内存: 3GB
  - PyTorch版本: 2.7.0+cu126
--------------------------------------------------
训练配置:
  - model: resnet_20
  - epochs: 20
  - learning_rate: 0.1
  - batch_size: 128
  - optimizer: SGD
  - momentum: 0.9
  - weight_decay: 0.0001
  - scheduler: CosineAnnealingLR
  - mixed_precision: fp16
  - seed: 42
--------------------------------------------------
模型参数量: 278,324
训练集大小: 50000
测试集大小: 10000
================================================================================
[20:47:28] Epoch  1 [  0/391] Loss: 4.7055 Top1: 0.78% Top5: 6.25% LR: 0.100000 Time: 3.794s
[20:47:29] Epoch  1 [ 30/391] Loss: 4.4309 Top1: 2.57% Top5: 11.72% LR: 0.100000 Time: 0.029s
[20:47:30] Epoch  1 [ 60/391] Loss: 4.0757 Top1: 3.77% Top5: 22.66% LR: 0.100000 Time: 0.039s
[20:47:31] Epoch  1 [ 90/391] Loss: 4.0660 Top1: 4.28% Top5: 27.34% LR: 0.100000 Time: 0.038s
[20:47:32] Epoch  1 [120/391] Loss: 4.0489 Top1: 4.81% Top5: 24.22% LR: 0.100000 Time: 0.038s
[20:47:33] Epoch  1 [150/391] Loss: 3.9253 Top1: 5.22% Top5: 28.91% LR: 0.100000 Time: 0.039s
[20:47:34] Epoch  1 [180/391] Loss: 3.8889 Top1: 5.73% Top5: 29.69% LR: 0.100000 Time: 0.041s
[20:47:36] Epoch  1 [210/391] Loss: 3.9661 Top1: 6.22% Top5: 24.22% LR: 0.100000 Time: 0.039s
[20:47:37] Epoch  1 [240/391] Loss: 3.5698 Top1: 6.73% Top5: 40.62% LR: 0.100000 Time: 0.038s
[20:47:38] Epoch  1 [270/391] Loss: 3.7221 Top1: 7.20% Top5: 33.59% LR: 0.100000 Time: 0.038s
[20:47:39] Epoch  1 [300/391] Loss: 3.7310 Top1: 7.51% Top5: 32.03% LR: 0.100000 Time: 0.040s
[20:47:41] Epoch  1 [330/391] Loss: 3.8036 Top1: 7.83% Top5: 30.47% LR: 0.100000 Time: 0.038s
[20:47:39] Epoch  1 [360/391] Loss: 3.5600 Top1: 8.19% Top5: 42.97% LR: 0.100000 Time: 0.038s
[20:47:41] Epoch  1 [390/391] Loss: 3.4576 Top1: 8.50% Top5: 37.50% LR: 0.100000 Time: 0.073s
[20:47:42] 测试结果: Loss: 3.8147, Top1: 11.77%, Top5: 33.84% (1177/10000) Time: 1.3s
Epoch [ 1/20] 16.9s Train: 3.9460/8.50% Test: 3.8147/11.77%/33.84% LR: 0.099384
*** 新的最佳模型保存! 准确率: 11.77% ***
[20:47:42] Epoch  2 [  0/391] Loss: 3.5779 Top1: 13.28% Top5: 35.94% LR: 0.099384 Time: 0.050s
[20:47:43] Epoch  2 [ 30/391] Loss: 3.6331 Top1: 13.23% Top5: 35.94% LR: 0.099384 Time: 0.038s
[20:47:45] Epoch  2 [ 60/391] Loss: 3.5594 Top1: 13.77% Top5: 38.28% LR: 0.099384 Time: 0.039s
[20:47:46] Epoch  2 [ 90/391] Loss: 3.4926 Top1: 14.30% Top5: 40.62% LR: 0.099384 Time: 0.040s
[20:47:47] Epoch  2 [120/391] Loss: 3.3235 Top1: 14.48% Top5: 49.22% LR: 0.099384 Time: 0.039s
[20:47:48] Epoch  2 [150/391] Loss: 3.3060 Top1: 14.64% Top5: 46.88% LR: 0.099384 Time: 0.038s
[20:47:50] Epoch  2 [180/391] Loss: 3.5599 Top1: 15.04% Top5: 37.50% LR: 0.099384 Time: 0.038s
[20:47:51] Epoch  2 [210/391] Loss: 3.3127 Top1: 15.42% Top5: 47.66% LR: 0.099384 Time: 0.040s
[20:47:52] Epoch  2 [240/391] Loss: 3.2520 Top1: 15.75% Top5: 49.22% LR: 0.099384 Time: 0.038s
[20:47:53] Epoch  2 [270/391] Loss: 3.2743 Top1: 16.06% Top5: 46.88% LR: 0.099384 Time: 0.039s
[20:47:55] Epoch  2 [300/391] Loss: 3.3151 Top1: 16.32% Top5: 45.31% LR: 0.099384 Time: 0.039s
[20:47:56] Epoch  2 [330/391] Loss: 3.1391 Top1: 16.66% Top5: 50.00% LR: 0.099384 Time: 0.041s
[20:47:57] Epoch  2 [360/391] Loss: 3.0875 Top1: 17.05% Top5: 53.91% LR: 0.099384 Time: 0.038s
[20:47:58] Epoch  2 [390/391] Loss: 2.9224 Top1: 17.42% Top5: 53.75% LR: 0.099384 Time: 0.028s
[20:48:00] 测试结果: Loss: 3.2579, Top1: 21.13%, Top5: 50.55% (2113/10000) Time: 1.2s
Epoch [ 2/20] 16.4s Train: 3.3766/17.42% Test: 3.2579/21.13%/50.55% LR: 0.097553
*** 新的最佳模型保存! 准确率: 21.13% ***
[20:48:00] Epoch  3 [  0/391] Loss: 2.9346 Top1: 28.12% Top5: 58.59% LR: 0.097553 Time: 0.064s
[20:48:01] Epoch  3 [ 30/391] Loss: 3.1727 Top1: 23.08% Top5: 49.22% LR: 0.097553 Time: 0.038s
[20:48:02] Epoch  3 [ 60/391] Loss: 3.1677 Top1: 23.37% Top5: 50.78% LR: 0.097553 Time: 0.038s
[20:48:04] Epoch  3 [ 90/391] Loss: 3.0249 Top1: 23.63% Top5: 50.00% LR: 0.097553 Time: 0.038s
[20:48:05] Epoch  3 [120/391] Loss: 2.8113 Top1: 24.03% Top5: 60.16% LR: 0.097553 Time: 0.038s
[20:48:06] Epoch  3 [150/391] Loss: 2.7855 Top1: 24.39% Top5: 64.06% LR: 0.097553 Time: 0.039s
[20:48:07] Epoch  3 [180/391] Loss: 3.0264 Top1: 24.76% Top5: 51.56% LR: 0.097553 Time: 0.042s
[20:48:09] Epoch  3 [210/391] Loss: 2.7163 Top1: 25.05% Top5: 61.72% LR: 0.097553 Time: 0.042s
[20:48:10] Epoch  3 [240/391] Loss: 2.4706 Top1: 25.44% Top5: 69.53% LR: 0.097553 Time: 0.038s
[20:48:11] Epoch  3 [270/391] Loss: 2.6830 Top1: 25.71% Top5: 64.06% LR: 0.097553 Time: 0.038s
[20:48:10] Epoch  3 [300/391] Loss: 2.7443 Top1: 25.98% Top5: 58.59% LR: 0.097553 Time: 0.039s
[20:48:11] Epoch  3 [330/391] Loss: 2.4962 Top1: 26.29% Top5: 65.62% LR: 0.097553 Time: 0.041s
[20:48:12] Epoch  3 [360/391] Loss: 2.6304 Top1: 26.50% Top5: 63.28% LR: 0.097553 Time: 0.039s
[20:48:14] Epoch  3 [390/391] Loss: 2.5824 Top1: 26.75% Top5: 57.50% LR: 0.097553 Time: 0.027s
[20:48:15] 测试结果: Loss: 2.7363, Top1: 29.62%, Top5: 62.77% (2962/10000) Time: 1.2s
Epoch [ 3/20] 14.0s Train: 2.8737/26.75% Test: 2.7363/29.62%/62.77% LR: 0.094550
*** 新的最佳模型保存! 准确率: 29.62% ***
[20:48:15] Epoch  4 [  0/391] Loss: 2.4749 Top1: 39.84% Top5: 68.75% LR: 0.094550 Time: 0.061s
[20:48:17] Epoch  4 [ 30/391] Loss: 2.5903 Top1: 30.97% Top5: 64.06% LR: 0.094550 Time: 0.038s
[20:48:18] Epoch  4 [ 60/391] Loss: 2.5292 Top1: 31.76% Top5: 67.19% LR: 0.094550 Time: 0.039s
[20:48:19] Epoch  4 [ 90/391] Loss: 2.5334 Top1: 32.26% Top5: 66.41% LR: 0.094550 Time: 0.041s
[20:48:20] Epoch  4 [120/391] Loss: 2.3595 Top1: 32.46% Top5: 74.22% LR: 0.094550 Time: 0.041s
[20:48:22] Epoch  4 [150/391] Loss: 2.4618 Top1: 32.81% Top5: 68.75% LR: 0.094550 Time: 0.039s
[20:48:23] Epoch  4 [180/391] Loss: 2.3926 Top1: 32.89% Top5: 65.62% LR: 0.094550 Time: 0.040s
[20:48:24] Epoch  4 [210/391] Loss: 2.5539 Top1: 33.23% Top5: 69.53% LR: 0.094550 Time: 0.040s
[20:48:25] Epoch  4 [240/391] Loss: 2.8865 Top1: 33.31% Top5: 61.72% LR: 0.094550 Time: 0.039s
[20:48:27] Epoch  4 [270/391] Loss: 2.8175 Top1: 33.45% Top5: 59.38% LR: 0.094550 Time: 0.039s
[20:48:28] Epoch  4 [300/391] Loss: 2.4555 Top1: 33.67% Top5: 68.75% LR: 0.094550 Time: 0.042s
[20:48:29] Epoch  4 [330/391] Loss: 2.4682 Top1: 33.87% Top5: 66.41% LR: 0.094550 Time: 0.040s
[20:48:30] Epoch  4 [360/391] Loss: 2.5180 Top1: 34.05% Top5: 67.19% LR: 0.094550 Time: 0.040s
[20:48:32] Epoch  4 [390/391] Loss: 2.4503 Top1: 34.28% Top5: 66.25% LR: 0.094550 Time: 0.046s
[20:48:34] 测试结果: Loss: 2.6106, Top1: 33.42%, Top5: 65.64% (3342/10000) Time: 1.7s
Epoch [ 4/20] 17.1s Train: 2.5115/34.28% Test: 2.6106/33.42%/65.64% LR: 0.090451
*** 新的最佳模型保存! 准确率: 33.42% ***
[20:48:34] Epoch  5 [  0/391] Loss: 2.3893 Top1: 34.38% Top5: 74.22% LR: 0.090451 Time: 0.075s
[20:48:35] Epoch  5 [ 30/391] Loss: 2.1729 Top1: 38.46% Top5: 71.09% LR: 0.090451 Time: 0.039s
[20:48:37] Epoch  5 [ 60/391] Loss: 2.2775 Top1: 38.52% Top5: 71.88% LR: 0.090451 Time: 0.041s
[20:48:38] Epoch  5 [ 90/391] Loss: 2.4647 Top1: 38.74% Top5: 71.09% LR: 0.090451 Time: 0.039s
[20:48:39] Epoch  5 [120/391] Loss: 2.3737 Top1: 38.58% Top5: 69.53% LR: 0.090451 Time: 0.042s
[20:48:41] Epoch  5 [150/391] Loss: 2.3476 Top1: 38.66% Top5: 75.00% LR: 0.090451 Time: 0.040s
[20:48:40] Epoch  5 [180/391] Loss: 2.4580 Top1: 38.61% Top5: 64.84% LR: 0.090451 Time: 0.043s
[20:48:41] Epoch  5 [210/391] Loss: 2.2536 Top1: 38.69% Top5: 74.22% LR: 0.090451 Time: 0.039s
[20:48:42] Epoch  5 [240/391] Loss: 2.0413 Top1: 38.85% Top5: 78.91% LR: 0.090451 Time: 0.041s
[20:48:43] Epoch  5 [270/391] Loss: 2.2350 Top1: 38.99% Top5: 75.00% LR: 0.090451 Time: 0.045s
[20:48:45] Epoch  5 [300/391] Loss: 2.0581 Top1: 39.22% Top5: 74.22% LR: 0.090451 Time: 0.048s
[20:48:46] Epoch  5 [330/391] Loss: 2.1458 Top1: 39.38% Top5: 74.22% LR: 0.090451 Time: 0.046s
[20:48:48] Epoch  5 [360/391] Loss: 2.2002 Top1: 39.65% Top5: 75.00% LR: 0.090451 Time: 0.107s
[20:48:50] Epoch  5 [390/391] Loss: 2.3123 Top1: 39.68% Top5: 75.00% LR: 0.090451 Time: 0.034s
[20:48:51] 测试结果: Loss: 2.3776, Top1: 38.69%, Top5: 70.85% (3869/10000) Time: 1.4s
Epoch [ 5/20] 15.9s Train: 2.2486/39.68% Test: 2.3776/38.69%/70.85% LR: 0.085355
*** 新的最佳模型保存! 准确率: 38.69% ***
[20:48:52] Epoch  6 [  0/391] Loss: 2.3667 Top1: 39.84% Top5: 65.62% LR: 0.085355 Time: 0.058s
[20:48:53] Epoch  6 [ 30/391] Loss: 2.0252 Top1: 43.72% Top5: 78.12% LR: 0.085355 Time: 0.038s
[20:48:54] Epoch  6 [ 60/391] Loss: 2.2681 Top1: 43.16% Top5: 72.66% LR: 0.085355 Time: 0.039s
[20:48:56] Epoch  6 [ 90/391] Loss: 2.2852 Top1: 43.29% Top5: 71.09% LR: 0.085355 Time: 0.047s
[20:48:57] Epoch  6 [120/391] Loss: 2.2144 Top1: 43.18% Top5: 76.56% LR: 0.085355 Time: 0.047s
[20:48:59] Epoch  6 [150/391] Loss: 2.0173 Top1: 43.20% Top5: 79.69% LR: 0.085355 Time: 0.106s
[20:49:02] Epoch  6 [180/391] Loss: 2.0378 Top1: 43.37% Top5: 79.69% LR: 0.085355 Time: 0.043s
[20:49:03] Epoch  6 [210/391] Loss: 2.0547 Top1: 43.18% Top5: 75.00% LR: 0.085355 Time: 0.063s
[20:49:05] Epoch  6 [240/391] Loss: 1.9931 Top1: 43.13% Top5: 79.69% LR: 0.085355 Time: 0.039s
[20:49:07] Epoch  6 [270/391] Loss: 2.0531 Top1: 43.27% Top5: 78.12% LR: 0.085355 Time: 0.105s
[20:49:10] Epoch  6 [300/391] Loss: 2.2143 Top1: 43.43% Top5: 75.78% LR: 0.085355 Time: 0.039s
[20:49:11] Epoch  6 [330/391] Loss: 2.1228 Top1: 43.58% Top5: 73.44% LR: 0.085355 Time: 0.041s
[20:49:11] Epoch  6 [360/391] Loss: 2.0050 Top1: 43.62% Top5: 82.81% LR: 0.085355 Time: 0.107s
[20:49:13] Epoch  6 [390/391] Loss: 1.8237 Top1: 43.74% Top5: 78.75% LR: 0.085355 Time: 0.030s
