================================================================================
训练开始时间: 2025-05-28 20:42:52
================================================================================
硬件信息:
  - 使用设备: cuda
  - 进程数: 1
  - 混合精度: fp16
  - GPU: NVIDIA GeForce RTX 2050, 内存: 3GB
  - PyTorch版本: 2.7.0+cu126
--------------------------------------------------
训练配置:
  - model: resnet_20
  - epochs: 20
  - learning_rate: 0.1
  - batch_size: 128
  - optimizer: SGD
  - momentum: 0.9
  - weight_decay: 0.0001
  - scheduler: CosineAnnealingLR
  - mixed_precision: fp16
  - seed: 42
--------------------------------------------------
模型参数量: 278,324
训练集大小: 50000
测试集大小: 10000
================================================================================
[20:43:00] Epoch  1 [  0/391] Loss: 4.7837 Top1: 0.00% Top5: 5.47% LR: 0.100000 Time: 7.493s
[20:43:01] Epoch  1 [ 30/391] Loss: 4.4050 Top1: 2.60% Top5: 14.06% LR: 0.100000 Time: 0.036s
[20:43:02] Epoch  1 [ 60/391] Loss: 4.1241 Top1: 3.68% Top5: 19.53% LR: 0.100000 Time: 0.036s
[20:43:03] Epoch  1 [ 90/391] Loss: 4.0750 Top1: 4.16% Top5: 21.88% LR: 0.100000 Time: 0.036s
[20:43:04] Epoch  1 [120/391] Loss: 4.0708 Top1: 4.86% Top5: 24.22% LR: 0.100000 Time: 0.037s
[20:43:05] Epoch  1 [150/391] Loss: 3.8783 Top1: 5.41% Top5: 27.34% LR: 0.100000 Time: 0.036s
[20:43:07] Epoch  1 [180/391] Loss: 3.8564 Top1: 6.06% Top5: 28.91% LR: 0.100000 Time: 0.037s
[20:43:05] Epoch  1 [210/391] Loss: 3.9541 Top1: 6.48% Top5: 27.34% LR: 0.100000 Time: 0.036s
[20:43:06] Epoch  1 [240/391] Loss: 3.5774 Top1: 6.96% Top5: 39.84% LR: 0.100000 Time: 0.037s
[20:43:07] Epoch  1 [270/391] Loss: 3.5897 Top1: 7.49% Top5: 36.72% LR: 0.100000 Time: 0.036s
[20:43:09] Epoch  1 [300/391] Loss: 3.6493 Top1: 7.97% Top5: 39.06% LR: 0.100000 Time: 0.037s
[20:43:10] Epoch  1 [330/391] Loss: 3.6650 Top1: 8.39% Top5: 39.06% LR: 0.100000 Time: 0.036s
[20:43:11] Epoch  1 [360/391] Loss: 3.4826 Top1: 8.94% Top5: 41.41% LR: 0.100000 Time: 0.036s
[20:43:13] Epoch  1 [390/391] Loss: 3.3054 Top1: 9.37% Top5: 46.25% LR: 0.100000 Time: 1.131s
[20:43:16] 测试结果: Loss: 3.7442, Top1: 13.44%, Top5: 37.48% (1344/10000) Time: 3.2s
Epoch [ 1/20] 21.2s Train: 3.9092/9.37% Test: 3.7442/13.44%/37.48% LR: 0.099384
*** 新的最佳模型保存! 准确率: 13.44% ***
[20:43:17] Epoch  2 [  0/391] Loss: 3.4725 Top1: 17.19% Top5: 39.84% LR: 0.099384 Time: 0.081s
[20:43:18] Epoch  2 [ 30/391] Loss: 3.5254 Top1: 15.83% Top5: 42.19% LR: 0.099384 Time: 0.040s
[20:43:19] Epoch  2 [ 60/391] Loss: 3.2654 Top1: 16.59% Top5: 50.78% LR: 0.099384 Time: 0.042s
[20:43:20] Epoch  2 [ 90/391] Loss: 3.4273 Top1: 17.06% Top5: 46.09% LR: 0.099384 Time: 0.038s
[20:43:22] Epoch  2 [120/391] Loss: 3.2469 Top1: 17.10% Top5: 50.78% LR: 0.099384 Time: 0.040s
[20:43:23] Epoch  2 [150/391] Loss: 3.2052 Top1: 17.47% Top5: 51.56% LR: 0.099384 Time: 0.042s
[20:43:24] Epoch  2 [180/391] Loss: 3.4440 Top1: 17.99% Top5: 39.84% LR: 0.099384 Time: 0.036s
[20:43:25] Epoch  2 [210/391] Loss: 3.2399 Top1: 18.38% Top5: 47.66% LR: 0.099384 Time: 0.038s
[20:43:26] Epoch  2 [240/391] Loss: 3.1626 Top1: 18.68% Top5: 53.91% LR: 0.099384 Time: 0.036s
[20:43:28] Epoch  2 [270/391] Loss: 3.1759 Top1: 19.00% Top5: 50.00% LR: 0.099384 Time: 0.042s
[20:43:29] Epoch  2 [300/391] Loss: 3.1208 Top1: 19.33% Top5: 50.00% LR: 0.099384 Time: 0.036s
[20:43:30] Epoch  2 [330/391] Loss: 2.9558 Top1: 19.66% Top5: 57.81% LR: 0.099384 Time: 0.037s
[20:43:31] Epoch  2 [360/391] Loss: 2.9748 Top1: 20.07% Top5: 55.47% LR: 0.099384 Time: 0.040s
[20:43:32] Epoch  2 [390/391] Loss: 2.7375 Top1: 20.47% Top5: 63.75% LR: 0.099384 Time: 0.034s
[20:43:33] 测试结果: Loss: 3.1134, Top1: 23.19%, Top5: 53.76% (2319/10000) Time: 1.0s
Epoch [ 2/20] 15.7s Train: 3.2203/20.47% Test: 3.1134/23.19%/53.76% LR: 0.097553
*** 新的最佳模型保存! 准确率: 23.19% ***
[20:43:34] Epoch  3 [  0/391] Loss: 2.6766 Top1: 29.69% Top5: 65.62% LR: 0.097553 Time: 0.072s
[20:43:35] Epoch  3 [ 30/391] Loss: 2.9346 Top1: 25.53% Top5: 55.47% LR: 0.097553 Time: 0.036s
[20:43:36] Epoch  3 [ 60/391] Loss: 2.8945 Top1: 26.31% Top5: 56.25% LR: 0.097553 Time: 0.037s
[20:43:37] Epoch  3 [ 90/391] Loss: 2.9589 Top1: 26.42% Top5: 56.25% LR: 0.097553 Time: 0.040s
[20:43:36] Epoch  3 [120/391] Loss: 2.6156 Top1: 26.95% Top5: 60.94% LR: 0.097553 Time: 0.036s
[20:43:37] Epoch  3 [150/391] Loss: 2.6761 Top1: 27.42% Top5: 67.97% LR: 0.097553 Time: 0.036s
[20:43:38] Epoch  3 [180/391] Loss: 2.9628 Top1: 27.79% Top5: 55.47% LR: 0.097553 Time: 0.037s
[20:43:39] Epoch  3 [210/391] Loss: 2.6521 Top1: 28.03% Top5: 64.06% LR: 0.097553 Time: 0.042s
[20:43:41] Epoch  3 [240/391] Loss: 2.2573 Top1: 28.40% Top5: 71.88% LR: 0.097553 Time: 0.036s
[20:43:42] Epoch  3 [270/391] Loss: 2.6174 Top1: 28.62% Top5: 65.62% LR: 0.097553 Time: 0.038s
[20:43:43] Epoch  3 [300/391] Loss: 2.4907 Top1: 28.90% Top5: 65.62% LR: 0.097553 Time: 0.037s
[20:43:44] Epoch  3 [330/391] Loss: 2.4875 Top1: 29.05% Top5: 67.19% LR: 0.097553 Time: 0.040s
[20:43:46] Epoch  3 [360/391] Loss: 2.5233 Top1: 29.28% Top5: 62.50% LR: 0.097553 Time: 0.041s
[20:43:47] Epoch  3 [390/391] Loss: 2.7022 Top1: 29.57% Top5: 63.75% LR: 0.097553 Time: 0.030s
[20:43:48] 测试结果: Loss: 2.6956, Top1: 30.45%, Top5: 65.13% (3045/10000) Time: 1.1s
Epoch [ 3/20] 13.5s Train: 2.7243/29.57% Test: 2.6956/30.45%/65.13% LR: 0.094550
*** 新的最佳模型保存! 准确率: 30.45% ***
[20:43:48] Epoch  4 [  0/391] Loss: 2.4475 Top1: 42.97% Top5: 66.41% LR: 0.094550 Time: 0.071s
[20:43:50] Epoch  4 [ 30/391] Loss: 2.4266 Top1: 34.32% Top5: 71.09% LR: 0.094550 Time: 0.036s
[20:43:51] Epoch  4 [ 60/391] Loss: 2.4123 Top1: 34.58% Top5: 66.41% LR: 0.094550 Time: 0.036s
[20:43:52] Epoch  4 [ 90/391] Loss: 2.4981 Top1: 34.74% Top5: 71.09% LR: 0.094550 Time: 0.038s
[20:43:53] Epoch  4 [120/391] Loss: 2.3552 Top1: 34.95% Top5: 70.31% LR: 0.094550 Time: 0.037s
[20:43:54] Epoch  4 [150/391] Loss: 2.3333 Top1: 35.07% Top5: 71.88% LR: 0.094550 Time: 0.037s
[20:43:56] Epoch  4 [180/391] Loss: 2.3203 Top1: 35.02% Top5: 64.06% LR: 0.094550 Time: 0.037s
[20:43:57] Epoch  4 [210/391] Loss: 2.3661 Top1: 35.30% Top5: 71.88% LR: 0.094550 Time: 0.037s
[20:43:58] Epoch  4 [240/391] Loss: 2.7451 Top1: 35.37% Top5: 67.19% LR: 0.094550 Time: 0.037s
[20:43:59] Epoch  4 [270/391] Loss: 2.6203 Top1: 35.45% Top5: 65.62% LR: 0.094550 Time: 0.038s
[20:44:00] Epoch  4 [300/391] Loss: 2.3220 Top1: 35.56% Top5: 67.19% LR: 0.094550 Time: 0.039s
[20:44:02] Epoch  4 [330/391] Loss: 2.4350 Top1: 35.71% Top5: 71.09% LR: 0.094550 Time: 0.037s
[20:44:03] Epoch  4 [360/391] Loss: 2.3624 Top1: 35.86% Top5: 69.53% LR: 0.094550 Time: 0.038s
[20:44:04] Epoch  4 [390/391] Loss: 2.3998 Top1: 36.07% Top5: 66.25% LR: 0.094550 Time: 0.031s
[20:44:05] 测试结果: Loss: 2.4879, Top1: 36.60%, Top5: 68.20% (3660/10000) Time: 1.1s
Epoch [ 4/20] 16.0s Train: 2.4134/36.07% Test: 2.4879/36.60%/68.20% LR: 0.090451
*** 新的最佳模型保存! 准确率: 36.60% ***
[20:44:06] Epoch  5 [  0/391] Loss: 2.2116 Top1: 39.06% Top5: 76.56% LR: 0.090451 Time: 0.068s
[20:44:07] Epoch  5 [ 30/391] Loss: 2.1852 Top1: 40.40% Top5: 72.66% LR: 0.090451 Time: 0.037s
[20:44:05] Epoch  5 [ 60/391] Loss: 2.1380 Top1: 40.33% Top5: 75.00% LR: 0.090451 Time: 0.037s
[20:44:07] Epoch  5 [ 90/391] Loss: 2.2656 Top1: 40.42% Top5: 69.53% LR: 0.090451 Time: 0.038s
[20:44:08] Epoch  5 [120/391] Loss: 2.2829 Top1: 40.25% Top5: 75.78% LR: 0.090451 Time: 0.038s
[20:44:09] Epoch  5 [150/391] Loss: 2.2555 Top1: 40.06% Top5: 71.88% LR: 0.090451 Time: 0.037s
[20:44:10] Epoch  5 [180/391] Loss: 2.3719 Top1: 40.20% Top5: 71.88% LR: 0.090451 Time: 0.045s
[20:44:12] Epoch  5 [210/391] Loss: 2.0549 Top1: 40.25% Top5: 77.34% LR: 0.090451 Time: 0.039s
[20:44:13] Epoch  5 [240/391] Loss: 1.9431 Top1: 40.30% Top5: 77.34% LR: 0.090451 Time: 0.038s
[20:44:14] Epoch  5 [270/391] Loss: 2.1599 Top1: 40.52% Top5: 78.91% LR: 0.090451 Time: 0.043s
[20:44:15] Epoch  5 [300/391] Loss: 2.0227 Top1: 40.50% Top5: 72.66% LR: 0.090451 Time: 0.044s
[20:44:16] Epoch  5 [330/391] Loss: 2.0869 Top1: 40.67% Top5: 76.56% LR: 0.090451 Time: 0.039s
[20:44:18] Epoch  5 [360/391] Loss: 2.1252 Top1: 40.96% Top5: 72.66% LR: 0.090451 Time: 0.036s
[20:44:19] Epoch  5 [390/391] Loss: 2.0751 Top1: 40.95% Top5: 76.25% LR: 0.090451 Time: 0.032s
