================================================================================
训练开始时间: 2025-05-28 20:50:03
================================================================================
硬件信息:
  - 使用设备: cuda
  - 进程数: 1
  - 混合精度: fp16
  - GPU: NVIDIA GeForce RTX 2050, 内存: 3GB
  - PyTorch版本: 2.7.0+cu126
--------------------------------------------------
训练配置:
  - model: resnet_20
  - epochs: 15
  - learning_rate: 0.1
  - batch_size: 128
  - optimizer: SGD
  - momentum: 0.9
  - weight_decay: 0.0001
  - scheduler: CosineAnnealingLR
  - mixed_precision: fp16
  - seed: 42
--------------------------------------------------
模型参数量: 278,324
训练集大小: 50000
测试集大小: 10000
================================================================================
[20:50:09] Epoch  1 [  0/391] Loss: 4.7561 Top1: 1.56% Top5: 5.47% LR: 0.100000 Time: 5.478s
[20:50:10] Epoch  1 [ 30/391] Loss: 4.4341 Top1: 3.43% Top5: 10.16% LR: 0.100000 Time: 0.041s
[20:50:11] Epoch  1 [ 60/391] Loss: 4.1171 Top1: 4.15% Top5: 22.66% LR: 0.100000 Time: 0.040s
[20:50:10] Epoch  1 [ 90/391] Loss: 4.1254 Top1: 4.40% Top5: 24.22% LR: 0.100000 Time: 0.039s
[20:50:12] Epoch  1 [120/391] Loss: 3.9744 Top1: 4.94% Top5: 30.47% LR: 0.100000 Time: 0.041s
[20:50:13] Epoch  1 [150/391] Loss: 3.9150 Top1: 5.45% Top5: 25.78% LR: 0.100000 Time: 0.053s
[20:50:15] Epoch  1 [180/391] Loss: 3.8860 Top1: 5.92% Top5: 32.81% LR: 0.100000 Time: 0.054s
[20:50:17] Epoch  1 [210/391] Loss: 3.9833 Top1: 6.34% Top5: 26.56% LR: 0.100000 Time: 0.053s
[20:50:18] Epoch  1 [240/391] Loss: 3.5728 Top1: 6.79% Top5: 42.19% LR: 0.100000 Time: 0.043s
[20:50:20] Epoch  1 [270/391] Loss: 3.6925 Top1: 7.28% Top5: 35.16% LR: 0.100000 Time: 0.047s
