================================================================================
训练开始时间: 2025-05-28 20:39:59
================================================================================
硬件信息:
  - 使用设备: cuda
  - 进程数: 1
  - 混合精度: fp16
  - GPU: NVIDIA GeForce RTX 2050, 内存: 3GB
  - PyTorch版本: 2.7.0+cu126
--------------------------------------------------
训练配置:
  - model: resnet_20
  - epochs: 2
  - learning_rate: 0.1
  - batch_size: 128
  - optimizer: SGD
  - momentum: 0.9
  - weight_decay: 0.0001
  - scheduler: CosineAnnealingLR
  - mixed_precision: fp16
  - seed: 42
--------------------------------------------------
模型参数量: 278,324
训练集大小: 50000
测试集大小: 10000
================================================================================
[20:40:19] Epoch  1 [  0/391] Loss: 4.7895 Top1: 0.78% Top5: 3.12% LR: 0.100000 Time: 19.924s
[20:40:20] Epoch  1 [ 30/391] Loss: 4.4418 Top1: 2.92% Top5: 12.50% LR: 0.100000 Time: 0.036s
[20:40:21] Epoch  1 [ 60/391] Loss: 4.1090 Top1: 3.97% Top5: 23.44% LR: 0.100000 Time: 0.036s
[20:40:23] Epoch  1 [ 90/391] Loss: 4.0507 Top1: 4.35% Top5: 27.34% LR: 0.100000 Time: 0.038s
[20:40:24] Epoch  1 [120/391] Loss: 3.9530 Top1: 4.89% Top5: 30.47% LR: 0.100000 Time: 0.037s
[20:40:25] Epoch  1 [150/391] Loss: 3.9601 Top1: 5.37% Top5: 28.12% LR: 0.100000 Time: 0.037s
[20:40:26] Epoch  1 [180/391] Loss: 3.9644 Top1: 5.88% Top5: 30.47% LR: 0.100000 Time: 0.037s
[20:40:27] Epoch  1 [210/391] Loss: 3.9642 Top1: 6.38% Top5: 25.78% LR: 0.100000 Time: 0.037s
[20:40:29] Epoch  1 [240/391] Loss: 3.5551 Top1: 6.85% Top5: 42.19% LR: 0.100000 Time: 0.036s
[20:40:30] Epoch  1 [270/391] Loss: 3.6909 Top1: 7.30% Top5: 41.41% LR: 0.100000 Time: 0.038s
[20:40:31] Epoch  1 [300/391] Loss: 3.6533 Top1: 7.60% Top5: 37.50% LR: 0.100000 Time: 0.037s
[20:40:32] Epoch  1 [330/391] Loss: 3.7115 Top1: 7.96% Top5: 35.16% LR: 0.100000 Time: 0.037s
[20:40:33] Epoch  1 [360/391] Loss: 3.5023 Top1: 8.39% Top5: 37.50% LR: 0.100000 Time: 0.039s
[20:40:45] Epoch  1 [390/391] Loss: 3.3400 Top1: 8.76% Top5: 43.75% LR: 0.100000 Time: 10.137s
[20:40:56] 测试结果: Loss: 3.6390, Top1: 14.54%, Top5: 38.83% (1454/10000) Time: 10.8s
Epoch [ 1/2] 45.9s Train: 3.9339/8.76% Test: 3.6390/14.54%/38.83% LR: 0.050000
*** 新的最佳模型保存! 准确率: 14.54% ***
[20:40:56] Epoch  2 [  0/391] Loss: 3.4484 Top1: 18.75% Top5: 41.41% LR: 0.050000 Time: 0.088s
[20:40:57] Epoch  2 [ 30/391] Loss: 3.5893 Top1: 15.57% Top5: 37.50% LR: 0.050000 Time: 0.040s
[20:40:59] Epoch  2 [ 60/391] Loss: 3.3935 Top1: 15.61% Top5: 43.75% LR: 0.050000 Time: 0.038s
[20:41:00] Epoch  2 [ 90/391] Loss: 3.4102 Top1: 16.11% Top5: 42.97% LR: 0.050000 Time: 0.036s
[20:41:01] Epoch  2 [120/391] Loss: 3.2671 Top1: 16.07% Top5: 51.56% LR: 0.050000 Time: 0.036s
[20:41:02] Epoch  2 [150/391] Loss: 3.2268 Top1: 16.27% Top5: 45.31% LR: 0.050000 Time: 0.037s
[20:41:03] Epoch  2 [180/391] Loss: 3.5916 Top1: 16.71% Top5: 40.62% LR: 0.050000 Time: 0.037s
[20:41:04] Epoch  2 [210/391] Loss: 3.2804 Top1: 16.99% Top5: 49.22% LR: 0.050000 Time: 0.036s
[20:41:06] Epoch  2 [240/391] Loss: 3.3495 Top1: 17.26% Top5: 48.44% LR: 0.050000 Time: 0.037s
[20:41:04] Epoch  2 [270/391] Loss: 3.2742 Top1: 17.50% Top5: 48.44% LR: 0.050000 Time: 0.041s
[20:41:05] Epoch  2 [300/391] Loss: 3.2912 Top1: 17.79% Top5: 41.41% LR: 0.050000 Time: 0.040s
[20:41:07] Epoch  2 [330/391] Loss: 3.1662 Top1: 18.07% Top5: 49.22% LR: 0.050000 Time: 0.036s
[20:41:08] Epoch  2 [360/391] Loss: 3.2426 Top1: 18.30% Top5: 50.78% LR: 0.050000 Time: 0.038s
[20:41:09] Epoch  2 [390/391] Loss: 3.0090 Top1: 18.57% Top5: 48.75% LR: 0.050000 Time: 0.029s
[20:41:10] 测试结果: Loss: 3.3352, Top1: 19.85%, Top5: 47.59% (1985/10000) Time: 1.0s
Epoch [ 2/2] 13.2s Train: 3.3419/18.57% Test: 3.3352/19.85%/47.59% LR: 0.000000
*** 新的最佳模型保存! 准确率: 19.85% ***
================================================================================
训练完成时间: 2025-05-28 20:41:10
总训练时间: 71.1s (1.2分钟)
平均每轮时间: 35.6s
最佳准确率: 19.85% (第2轮)
================================================================================
