resnet_20 快速训练开始 (epochs=15)
Epoch 1 [  0/196] Loss: 4.8372 Acc: 0.78%
Epoch 1 [ 50/196] Loss: 4.0184 Acc: 4.14%
Epoch 1 [100/196] Loss: 3.8369 Acc: 5.87%
Epoch 1 [150/196] Loss: 3.8017 Acc: 7.17%
测试: Loss: 3.8247, Acc: 10.94% (1094/10000)
Epoch [ 1/15] 44.4s Train: 3.9402/8.52% Test: 3.8247/10.94% LR: 0.10000
Epoch 2 [  0/196] Loss: 3.5915 Acc: 8.98%
Epoch 2 [ 50/196] Loss: 3.4984 Acc: 14.21%
Epoch 2 [100/196] Loss: 3.4051 Acc: 15.40%
Epoch 2 [150/196] Loss: 3.1555 Acc: 16.60%
测试: Loss: 3.1915, Acc: 20.42% (2042/10000)
Epoch [ 2/15] 37.3s Train: 3.3746/17.66% Test: 3.1915/20.42% LR: 0.10000
Epoch 3 [  0/196] Loss: 3.3119 Acc: 17.58%
Epoch 3 [ 50/196] Loss: 3.0637 Acc: 23.21%
Epoch 3 [100/196] Loss: 2.8521 Acc: 24.29%
Epoch 3 [150/196] Loss: 2.8042 Acc: 25.49%
测试: Loss: 3.1923, Acc: 24.66% (2466/10000)
Epoch [ 3/15] 22.4s Train: 2.8870/26.30% Test: 3.1923/24.66% LR: 0.10000
Epoch 4 [  0/196] Loss: 2.7025 Acc: 30.86%
Epoch 4 [ 50/196] Loss: 2.5394 Acc: 30.65%
Epoch 4 [100/196] Loss: 2.3738 Acc: 31.98%
Epoch 4 [150/196] Loss: 2.3849 Acc: 32.75%
测试: Loss: 2.7272, Acc: 30.57% (3057/10000)
Epoch [ 4/15] 27.5s Train: 2.5233/33.49% Test: 2.7272/30.57% LR: 0.10000
Epoch 5 [  0/196] Loss: 2.4428 Acc: 32.81%
Epoch 5 [ 50/196] Loss: 2.0462 Acc: 37.72%
Epoch 5 [100/196] Loss: 2.3598 Acc: 38.10%
Epoch 5 [150/196] Loss: 2.3559 Acc: 38.53%
测试: Loss: 2.4954, Acc: 36.29% (3629/10000)
Epoch [ 5/15] 50.8s Train: 2.2711/39.08% Test: 2.4954/36.29% LR: 0.01000
Epoch 6 [  0/196] Loss: 1.9850 Acc: 44.14%
Epoch 6 [ 50/196] Loss: 1.9208 Acc: 45.00%
Epoch 6 [100/196] Loss: 1.9611 Acc: 45.95%
Epoch 6 [150/196] Loss: 1.8529 Acc: 46.43%
测试: Loss: 1.9454, Acc: 47.07% (4707/10000)
Epoch [ 6/15] 56.0s Train: 1.9453/46.86% Test: 1.9454/47.07% LR: 0.01000
Epoch 7 [  0/196] Loss: 1.8618 Acc: 49.22%
Epoch 7 [ 50/196] Loss: 1.8543 Acc: 48.45%
Epoch 7 [100/196] Loss: 1.8553 Acc: 48.57%
Epoch 7 [150/196] Loss: 1.6716 Acc: 48.57%
测试: Loss: 1.9315, Acc: 47.33% (4733/10000)
Epoch [ 7/15] 57.6s Train: 1.8660/48.50% Test: 1.9315/47.33% LR: 0.01000
Epoch 8 [  0/196] Loss: 1.9097 Acc: 47.66%
Epoch 8 [ 50/196] Loss: 1.8708 Acc: 48.92%
Epoch 8 [100/196] Loss: 1.7971 Acc: 49.08%
Epoch 8 [150/196] Loss: 1.8976 Acc: 49.24%
测试: Loss: 1.8999, Acc: 48.32% (4832/10000)
Epoch [ 8/15] 57.6s Train: 1.8278/49.26% Test: 1.8999/48.32% LR: 0.01000
Epoch 9 [  0/196] Loss: 1.6995 Acc: 53.12%
Epoch 9 [ 50/196] Loss: 1.7788 Acc: 50.19%
Epoch 9 [100/196] Loss: 1.8614 Acc: 50.40%
Epoch 9 [150/196] Loss: 1.6608 Acc: 50.05%
测试: Loss: 1.8629, Acc: 48.72% (4872/10000)
Epoch [ 9/15] 58.2s Train: 1.7949/50.18% Test: 1.8629/48.72% LR: 0.01000
Epoch 10 [  0/196] Loss: 1.6940 Acc: 48.05%
Epoch 10 [ 50/196] Loss: 1.5817 Acc: 51.29%
Epoch 10 [100/196] Loss: 2.0330 Acc: 50.99%
Epoch 10 [150/196] Loss: 1.7479 Acc: 50.96%
测试: Loss: 1.8683, Acc: 49.12% (4912/10000)
Epoch [10/15] 58.0s Train: 1.7605/50.93% Test: 1.8683/49.12% LR: 0.00100
Epoch 11 [  0/196] Loss: 1.7650 Acc: 53.52%
Epoch 11 [ 50/196] Loss: 1.6160 Acc: 51.66%
Epoch 11 [100/196] Loss: 1.7369 Acc: 52.11%
Epoch 11 [150/196] Loss: 1.8448 Acc: 52.24%
测试: Loss: 1.8103, Acc: 50.16% (5016/10000)
Epoch [11/15] 58.4s Train: 1.7092/52.38% Test: 1.8103/50.16% LR: 0.00100
Epoch 12 [  0/196] Loss: 1.5622 Acc: 55.47%
Epoch 12 [ 50/196] Loss: 1.6122 Acc: 52.64%
Epoch 12 [100/196] Loss: 1.7109 Acc: 52.69%
Epoch 12 [150/196] Loss: 1.6886 Acc: 52.78%
测试: Loss: 1.8025, Acc: 50.47% (5047/10000)
Epoch [12/15] 58.3s Train: 1.6925/52.87% Test: 1.8025/50.47% LR: 0.00100
Epoch 13 [  0/196] Loss: 1.6471 Acc: 55.08%
Epoch 13 [ 50/196] Loss: 1.7672 Acc: 52.93%
Epoch 13 [100/196] Loss: 1.8404 Acc: 52.26%
Epoch 13 [150/196] Loss: 1.6421 Acc: 52.63%
测试: Loss: 1.7998, Acc: 50.46% (5046/10000)
Epoch [13/15] 58.2s Train: 1.6906/52.95% Test: 1.7998/50.46% LR: 0.00100
Epoch 14 [  0/196] Loss: 1.5747 Acc: 55.86%
Epoch 14 [ 50/196] Loss: 1.8774 Acc: 53.31%
Epoch 14 [100/196] Loss: 1.6489 Acc: 53.18%
Epoch 14 [150/196] Loss: 1.5405 Acc: 53.28%
测试: Loss: 1.7985, Acc: 50.47% (5047/10000)
Epoch [14/15] 58.3s Train: 1.6856/53.12% Test: 1.7985/50.47% LR: 0.00100
Epoch 15 [  0/196] Loss: 1.6848 Acc: 50.39%
Epoch 15 [ 50/196] Loss: 1.6722 Acc: 53.06%
Epoch 15 [100/196] Loss: 1.7500 Acc: 52.97%
Epoch 15 [150/196] Loss: 1.5814 Acc: 53.01%
测试: Loss: 1.7983, Acc: 50.56% (5056/10000)
Epoch [15/15] 68.9s Train: 1.6801/53.06% Test: 1.7983/50.56% LR: 0.00100
最佳准确率: 50.56%
