================================================================================
训练开始时间: 2025-05-28 20:21:19
================================================================================
硬件信息:
  - 使用设备: cuda:0
  - 进程数: 1
  - 混合精度: fp16
  - GPU: NVIDIA GeForce RTX 2050, 内存: 3GB
  - PyTorch版本: 2.7.0+cu126
--------------------------------------------------
训练配置:
  - model: resnet_20
  - epochs: 20
  - learning_rate: 0.1
  - batch_size: 128
  - optimizer: SGD
  - momentum: 0.9
  - weight_decay: 0.0001
  - scheduler: CosineAnnealingLR
  - mixed_precision: fp16
  - seed: 42
--------------------------------------------------
模型参数量: 278,324
训练集大小: 50000
测试集大小: 10000
================================================================================
[20:27:20] Epoch  1 [  0/391] Loss: 4.8400 Top1: 0.78% Top5: 7.03% LR: 0.100000 Time: 360.646s
[20:27:22] Epoch  1 [ 30/391] Loss: 4.3660 Top1: 2.70% Top5: 14.06% LR: 0.100000 Time: 0.044s
[20:27:23] Epoch  1 [ 60/391] Loss: 4.0931 Top1: 3.77% Top5: 22.66% LR: 0.100000 Time: 0.041s
[20:27:24] Epoch  1 [ 90/391] Loss: 4.0375 Top1: 4.35% Top5: 25.78% LR: 0.100000 Time: 0.044s
[20:27:29] Epoch  1 [120/391] Loss: 4.0058 Top1: 5.01% Top5: 27.34% LR: 0.100000 Time: 0.409s
[20:27:32] Epoch  1 [150/391] Loss: 3.9208 Top1: 5.61% Top5: 29.69% LR: 0.100000 Time: 0.039s
[20:27:34] Epoch  1 [180/391] Loss: 3.8557 Top1: 6.06% Top5: 30.47% LR: 0.100000 Time: 0.039s
[20:27:36] Epoch  1 [210/391] Loss: 3.9285 Top1: 6.48% Top5: 25.00% LR: 0.100000 Time: 0.080s
[20:27:37] Epoch  1 [240/391] Loss: 3.5652 Top1: 6.93% Top5: 39.84% LR: 0.100000 Time: 0.042s
[20:27:41] Epoch  1 [270/391] Loss: 3.6504 Top1: 7.36% Top5: 35.94% LR: 0.100000 Time: 0.069s
[20:27:45] Epoch  1 [300/391] Loss: 3.6541 Top1: 7.65% Top5: 37.50% LR: 0.100000 Time: 0.188s
[20:27:49] Epoch  1 [330/391] Loss: 3.7975 Top1: 7.97% Top5: 32.03% LR: 0.100000 Time: 0.100s
[20:27:51] Epoch  1 [360/391] Loss: 3.5538 Top1: 8.31% Top5: 36.72% LR: 0.100000 Time: 0.054s
[20:33:08] Epoch  1 [390/391] Loss: 3.5325 Top1: 8.68% Top5: 38.75% LR: 0.100000 Time: 315.917s
