================================================================================
训练开始时间: 2025-05-28 20:13:50
================================================================================
硬件信息:
  - 使用设备: cuda
  - 进程数: 1
  - 混合精度: fp16
  - GPU: NVIDIA GeForce RTX 2050, 内存: 3GB
  - PyTorch版本: 2.7.0+cu126
--------------------------------------------------
训练配置:
  - model: resnet_20
  - epochs: 2
  - learning_rate: 0.1
  - batch_size: 64
  - optimizer: SGD
  - momentum: 0.9
  - weight_decay: 0.0001
  - scheduler: CosineAnnealingLR
  - mixed_precision: fp16
  - seed: 42
--------------------------------------------------
模型参数量: 278,324
训练集大小: 50000
测试集大小: 10000
================================================================================
[20:13:52] Epoch  1 [  0/782] Loss: 4.8558 Top1: 6.25% Top5: 9.38% LR: 0.100000 Time: 2.052s
[20:13:53] Epoch  1 [ 30/782] Loss: 4.5297 Top1: 1.66% Top5: 10.94% LR: 0.100000 Time: 0.030s
[20:13:54] Epoch  1 [ 60/782] Loss: 4.4881 Top1: 2.61% Top5: 18.75% LR: 0.100000 Time: 0.018s
[20:13:55] Epoch  1 [ 90/782] Loss: 4.5198 Top1: 3.02% Top5: 9.38% LR: 0.100000 Time: 0.023s
[20:13:55] Epoch  1 [120/782] Loss: 4.1277 Top1: 3.68% Top5: 20.31% LR: 0.100000 Time: 0.021s
[20:13:56] Epoch  1 [150/782] Loss: 4.1048 Top1: 3.80% Top5: 21.88% LR: 0.100000 Time: 0.025s
[20:13:57] Epoch  1 [180/782] Loss: 4.1124 Top1: 4.12% Top5: 25.00% LR: 0.100000 Time: 0.019s
[20:13:57] Epoch  1 [210/782] Loss: 4.1344 Top1: 4.31% Top5: 21.88% LR: 0.100000 Time: 0.020s
[20:13:58] Epoch  1 [240/782] Loss: 4.0885 Top1: 4.42% Top5: 20.31% LR: 0.100000 Time: 0.024s
[20:13:59] Epoch  1 [270/782] Loss: 4.2502 Top1: 4.59% Top5: 17.19% LR: 0.100000 Time: 0.028s
[20:14:00] Epoch  1 [300/782] Loss: 3.8989 Top1: 4.74% Top5: 29.69% LR: 0.100000 Time: 0.026s
[20:14:01] Epoch  1 [330/782] Loss: 3.9036 Top1: 5.01% Top5: 25.00% LR: 0.100000 Time: 0.023s
[20:14:01] Epoch  1 [360/782] Loss: 3.7663 Top1: 5.33% Top5: 34.38% LR: 0.100000 Time: 0.022s
[20:14:02] Epoch  1 [390/782] Loss: 3.8892 Top1: 5.51% Top5: 29.69% LR: 0.100000 Time: 0.021s
[20:14:03] Epoch  1 [420/782] Loss: 3.9106 Top1: 5.64% Top5: 34.38% LR: 0.100000 Time: 0.023s
[20:14:04] Epoch  1 [450/782] Loss: 3.8035 Top1: 5.85% Top5: 25.00% LR: 0.100000 Time: 0.025s
[20:14:04] Epoch  1 [480/782] Loss: 3.6073 Top1: 6.05% Top5: 37.50% LR: 0.100000 Time: 0.021s
[20:14:05] Epoch  1 [510/782] Loss: 3.9007 Top1: 6.26% Top5: 39.06% LR: 0.100000 Time: 0.025s
[20:14:06] Epoch  1 [540/782] Loss: 3.5705 Top1: 6.50% Top5: 32.81% LR: 0.100000 Time: 0.026s
[20:14:07] Epoch  1 [570/782] Loss: 3.8984 Top1: 6.68% Top5: 26.56% LR: 0.100000 Time: 0.023s
[20:14:07] Epoch  1 [600/782] Loss: 3.6416 Top1: 6.77% Top5: 39.06% LR: 0.100000 Time: 0.024s
[20:14:08] Epoch  1 [630/782] Loss: 3.7082 Top1: 6.97% Top5: 31.25% LR: 0.100000 Time: 0.023s
[20:14:09] Epoch  1 [660/782] Loss: 3.8437 Top1: 7.09% Top5: 35.94% LR: 0.100000 Time: 0.024s
[20:14:10] Epoch  1 [690/782] Loss: 3.6299 Top1: 7.26% Top5: 40.62% LR: 0.100000 Time: 0.029s
[20:14:10] Epoch  1 [720/782] Loss: 3.6310 Top1: 7.47% Top5: 43.75% LR: 0.100000 Time: 0.021s
[20:14:11] Epoch  1 [750/782] Loss: 3.9099 Top1: 7.60% Top5: 35.94% LR: 0.100000 Time: 0.024s
[20:14:12] Epoch  1 [780/782] Loss: 3.4485 Top1: 7.81% Top5: 43.75% LR: 0.100000 Time: 0.024s
[20:14:14] 测试结果: Loss: 3.7070, Top1: 12.43%, Top5: 37.33% (1243/10000) Time: 1.7s
Epoch [ 1/2] 21.9s Train: 3.9786/7.81% Test: 3.7070/12.43%/37.33% LR: 0.050000
*** 新的最佳模型保存! 准确率: 12.43% ***
[20:14:14] Epoch  2 [  0/782] Loss: 3.5351 Top1: 17.19% Top5: 34.38% LR: 0.050000 Time: 0.043s
[20:14:15] Epoch  2 [ 30/782] Loss: 3.2428 Top1: 13.61% Top5: 45.31% LR: 0.050000 Time: 0.022s
[20:14:16] Epoch  2 [ 60/782] Loss: 3.8595 Top1: 14.65% Top5: 32.81% LR: 0.050000 Time: 0.025s
[20:14:16] Epoch  2 [ 90/782] Loss: 3.3622 Top1: 14.89% Top5: 43.75% LR: 0.050000 Time: 0.026s
[20:14:17] Epoch  2 [120/782] Loss: 3.4194 Top1: 15.04% Top5: 43.75% LR: 0.050000 Time: 0.022s
[20:14:18] Epoch  2 [150/782] Loss: 3.4653 Top1: 15.10% Top5: 37.50% LR: 0.050000 Time: 0.022s
[20:14:19] Epoch  2 [180/782] Loss: 3.2077 Top1: 15.51% Top5: 56.25% LR: 0.050000 Time: 0.025s
[20:14:20] Epoch  2 [210/782] Loss: 3.5390 Top1: 15.73% Top5: 42.19% LR: 0.050000 Time: 0.025s
[20:14:20] Epoch  2 [240/782] Loss: 3.3033 Top1: 15.65% Top5: 45.31% LR: 0.050000 Time: 0.022s
[20:14:21] Epoch  2 [270/782] Loss: 3.4791 Top1: 15.69% Top5: 37.50% LR: 0.050000 Time: 0.023s
[20:14:22] Epoch  2 [300/782] Loss: 3.0514 Top1: 15.89% Top5: 60.94% LR: 0.050000 Time: 0.029s
[20:14:23] Epoch  2 [330/782] Loss: 3.2605 Top1: 16.20% Top5: 51.56% LR: 0.050000 Time: 0.028s
[20:14:21] Epoch  2 [360/782] Loss: 3.4842 Top1: 16.40% Top5: 42.19% LR: 0.050000 Time: 0.027s
[20:14:22] Epoch  2 [390/782] Loss: 3.5049 Top1: 16.56% Top5: 42.19% LR: 0.050000 Time: 0.028s
[20:14:23] Epoch  2 [420/782] Loss: 3.2041 Top1: 16.69% Top5: 53.12% LR: 0.050000 Time: 0.027s
[20:14:23] Epoch  2 [450/782] Loss: 3.2787 Top1: 16.88% Top5: 53.12% LR: 0.050000 Time: 0.025s
[20:14:24] Epoch  2 [480/782] Loss: 3.3825 Top1: 16.97% Top5: 45.31% LR: 0.050000 Time: 0.024s
[20:14:25] Epoch  2 [510/782] Loss: 3.3966 Top1: 17.22% Top5: 39.06% LR: 0.050000 Time: 0.025s
[20:14:26] Epoch  2 [540/782] Loss: 3.3011 Top1: 17.33% Top5: 45.31% LR: 0.050000 Time: 0.026s
[20:14:27] Epoch  2 [570/782] Loss: 3.1798 Top1: 17.46% Top5: 53.12% LR: 0.050000 Time: 0.025s
[20:14:28] Epoch  2 [600/782] Loss: 3.4439 Top1: 17.57% Top5: 45.31% LR: 0.050000 Time: 0.022s
[20:14:28] Epoch  2 [630/782] Loss: 3.2943 Top1: 17.63% Top5: 50.00% LR: 0.050000 Time: 0.027s
[20:14:29] Epoch  2 [660/782] Loss: 3.2372 Top1: 17.72% Top5: 50.00% LR: 0.050000 Time: 0.030s
[20:14:30] Epoch  2 [690/782] Loss: 3.3490 Top1: 17.82% Top5: 40.62% LR: 0.050000 Time: 0.024s
[20:14:31] Epoch  2 [720/782] Loss: 3.0237 Top1: 17.98% Top5: 43.75% LR: 0.050000 Time: 0.023s
[20:14:32] Epoch  2 [750/782] Loss: 3.2269 Top1: 18.14% Top5: 43.75% LR: 0.050000 Time: 0.024s
[20:14:32] Epoch  2 [780/782] Loss: 3.0385 Top1: 18.31% Top5: 50.00% LR: 0.050000 Time: 0.021s
[20:14:34] 测试结果: Loss: 3.2434, Top1: 21.57%, Top5: 50.17% (2157/10000) Time: 1.8s
Epoch [ 2/2] 18.7s Train: 3.3429/18.31% Test: 3.2434/21.57%/50.17% LR: 0.000000
*** 新的最佳模型保存! 准确率: 21.57% ***
================================================================================
训练完成时间: 2025-05-28 20:14:34
总训练时间: 44.3s (0.7分钟)
平均每轮时间: 22.2s
最佳准确率: 21.57% (第2轮)
================================================================================
