================================================================================
训练开始时间: 2025-05-28 20:45:03
================================================================================
硬件信息:
  - 使用设备: cuda
  - 进程数: 1
  - 混合精度: fp16
  - GPU: NVIDIA GeForce RTX 2050, 内存: 3GB
  - PyTorch版本: 2.7.0+cu126
--------------------------------------------------
训练配置:
  - model: resnet_20
  - epochs: 3
  - learning_rate: 0.1
  - batch_size: 128
  - optimizer: SGD
  - momentum: 0.9
  - weight_decay: 0.0001
  - scheduler: CosineAnnealingLR
  - mixed_precision: fp16
  - seed: 42
--------------------------------------------------
模型参数量: 278,324
训练集大小: 50000
测试集大小: 10000
================================================================================
[20:45:08] Epoch  1 [  0/391] Loss: 4.6919 Top1: 0.78% Top5: 3.91% LR: 0.100000 Time: 4.463s
[20:45:09] Epoch  1 [ 30/391] Loss: 4.4292 Top1: 2.62% Top5: 10.94% LR: 0.100000 Time: 0.039s
[20:45:07] Epoch  1 [ 60/391] Loss: 4.1343 Top1: 3.51% Top5: 19.53% LR: 0.100000 Time: -3.027s
[20:45:08] Epoch  1 [ 90/391] Loss: 4.0854 Top1: 4.11% Top5: 26.56% LR: 0.100000 Time: 0.041s
[20:45:09] Epoch  1 [120/391] Loss: 4.0526 Top1: 4.63% Top5: 26.56% LR: 0.100000 Time: 0.039s
[20:45:11] Epoch  1 [150/391] Loss: 4.0067 Top1: 5.03% Top5: 25.78% LR: 0.100000 Time: 0.040s
[20:45:12] Epoch  1 [180/391] Loss: 3.9621 Top1: 5.51% Top5: 25.78% LR: 0.100000 Time: 0.038s
[20:45:13] Epoch  1 [210/391] Loss: 3.9944 Top1: 5.79% Top5: 24.22% LR: 0.100000 Time: 0.041s
[20:45:14] Epoch  1 [240/391] Loss: 3.6365 Top1: 6.21% Top5: 39.84% LR: 0.100000 Time: 0.039s
[20:45:16] Epoch  1 [270/391] Loss: 3.7585 Top1: 6.61% Top5: 36.72% LR: 0.100000 Time: 0.039s
[20:45:17] Epoch  1 [300/391] Loss: 3.7501 Top1: 6.88% Top5: 35.94% LR: 0.100000 Time: 0.039s
[20:45:18] Epoch  1 [330/391] Loss: 3.8284 Top1: 7.14% Top5: 31.25% LR: 0.100000 Time: 0.039s
[20:45:19] Epoch  1 [360/391] Loss: 3.6286 Top1: 7.51% Top5: 42.19% LR: 0.100000 Time: 0.039s
[20:45:21] Epoch  1 [390/391] Loss: 3.5782 Top1: 7.79% Top5: 33.75% LR: 0.100000 Time: 0.062s
[20:45:22] 测试结果: Loss: 3.7883, Top1: 11.40%, Top5: 34.58% (1140/10000) Time: 1.3s
Epoch [ 1/3] 17.7s Train: 3.9967/7.79% Test: 3.7883/11.40%/34.58% LR: 0.075000
*** 新的最佳模型保存! 准确率: 11.40% ***
[20:45:22] Epoch  2 [  0/391] Loss: 3.5711 Top1: 11.72% Top5: 34.38% LR: 0.075000 Time: 0.058s
[20:45:24] Epoch  2 [ 30/391] Loss: 3.6858 Top1: 13.03% Top5: 38.28% LR: 0.075000 Time: 0.040s
[20:45:25] Epoch  2 [ 60/391] Loss: 3.6150 Top1: 13.42% Top5: 38.28% LR: 0.075000 Time: 0.039s
[20:45:26] Epoch  2 [ 90/391] Loss: 3.6292 Top1: 13.70% Top5: 37.50% LR: 0.075000 Time: 0.038s
[20:45:27] Epoch  2 [120/391] Loss: 3.3944 Top1: 13.73% Top5: 41.41% LR: 0.075000 Time: 0.040s
[20:45:29] Epoch  2 [150/391] Loss: 3.3780 Top1: 13.98% Top5: 44.53% LR: 0.075000 Time: 0.039s
[20:45:30] Epoch  2 [180/391] Loss: 3.7317 Top1: 14.42% Top5: 38.28% LR: 0.075000 Time: 0.039s
[20:45:31] Epoch  2 [210/391] Loss: 3.3824 Top1: 14.68% Top5: 44.53% LR: 0.075000 Time: 0.039s
[20:45:32] Epoch  2 [240/391] Loss: 3.3716 Top1: 14.99% Top5: 50.78% LR: 0.075000 Time: 0.039s
[20:45:33] Epoch  2 [270/391] Loss: 3.3898 Top1: 15.25% Top5: 49.22% LR: 0.075000 Time: 0.039s
[20:45:35] Epoch  2 [300/391] Loss: 3.5123 Top1: 15.47% Top5: 38.28% LR: 0.075000 Time: 0.040s
[20:45:36] Epoch  2 [330/391] Loss: 3.2180 Top1: 15.74% Top5: 47.66% LR: 0.075000 Time: 0.039s
[20:45:37] Epoch  2 [360/391] Loss: 3.2014 Top1: 16.04% Top5: 51.56% LR: 0.075000 Time: 0.039s
[20:45:38] Epoch  2 [390/391] Loss: 2.9915 Top1: 16.36% Top5: 60.00% LR: 0.075000 Time: 0.035s
[20:45:40] 测试结果: Loss: 3.3388, Top1: 19.54%, Top5: 47.63% (1954/10000) Time: 1.3s
Epoch [ 2/3] 16.5s Train: 3.4505/16.36% Test: 3.3388/19.54%/47.63% LR: 0.025000
*** 新的最佳模型保存! 准确率: 19.54% ***
[20:45:40] Epoch  3 [  0/391] Loss: 3.0924 Top1: 27.34% Top5: 55.47% LR: 0.025000 Time: 0.062s
[20:45:39] Epoch  3 [ 30/391] Loss: 3.2393 Top1: 20.87% Top5: 49.22% LR: 0.025000 Time: 0.039s
[20:45:40] Epoch  3 [ 60/391] Loss: 3.0884 Top1: 21.70% Top5: 53.12% LR: 0.025000 Time: 0.040s
[20:45:41] Epoch  3 [ 90/391] Loss: 3.0926 Top1: 22.31% Top5: 52.34% LR: 0.025000 Time: 0.038s
[20:45:43] Epoch  3 [120/391] Loss: 3.0469 Top1: 22.95% Top5: 51.56% LR: 0.025000 Time: 0.039s
[20:45:44] Epoch  3 [150/391] Loss: 2.7685 Top1: 23.43% Top5: 64.84% LR: 0.025000 Time: 0.040s
[20:45:45] Epoch  3 [180/391] Loss: 3.1037 Top1: 23.79% Top5: 53.91% LR: 0.025000 Time: 0.041s
[20:45:46] Epoch  3 [210/391] Loss: 2.8715 Top1: 23.87% Top5: 54.69% LR: 0.025000 Time: 0.039s
[20:45:48] Epoch  3 [240/391] Loss: 2.7465 Top1: 24.12% Top5: 62.50% LR: 0.025000 Time: 0.039s
[20:45:49] Epoch  3 [270/391] Loss: 3.1151 Top1: 24.30% Top5: 54.69% LR: 0.025000 Time: 0.041s
[20:45:50] Epoch  3 [300/391] Loss: 2.9155 Top1: 24.45% Top5: 59.38% LR: 0.025000 Time: 0.039s
[20:45:52] Epoch  3 [330/391] Loss: 2.7445 Top1: 24.59% Top5: 56.25% LR: 0.025000 Time: 0.042s
[20:45:53] Epoch  3 [360/391] Loss: 2.8029 Top1: 24.71% Top5: 59.38% LR: 0.025000 Time: 0.042s
[20:45:54] Epoch  3 [390/391] Loss: 2.9693 Top1: 24.86% Top5: 55.00% LR: 0.025000 Time: 0.034s
[20:45:56] 测试结果: Loss: 2.8954, Top1: 26.41%, Top5: 58.24% (2641/10000) Time: 1.3s
Epoch [ 3/3] 14.4s Train: 2.9928/24.86% Test: 2.8954/26.41%/58.24% LR: 0.000000
*** 新的最佳模型保存! 准确率: 26.41% ***
================================================================================
训练完成时间: 2025-05-28 20:45:56
总训练时间: 52.7s (0.9分钟)
平均每轮时间: 17.6s
最佳准确率: 26.41% (第3轮)
================================================================================
