2025-06-03 21:42:28,108 - INFO - ==================================================
2025-06-03 21:42:28,109 - INFO - CIFAR-100 训练开始
2025-06-03 21:42:28,109 - INFO - ==================================================
2025-06-03 21:42:28,110 - INFO - 所有输出将保存到: ./logs/ecanet20_fixed_k5/ECA_Net_Ablation_ECANet_20_Fixed_k_size_5
2025-06-03 21:42:28,110 - INFO - PyTorch版本: 2.7.0+cu126
2025-06-03 21:42:28,110 - INFO - CUDA版本: 12.6
2025-06-03 21:42:28,117 - INFO - 可用GPU数量: 8
2025-06-03 21:42:28,117 - INFO - 当前设备: 0
2025-06-03 21:42:28,117 - INFO - GPU内存: 15.8 GB
2025-06-03 21:42:28,118 - INFO - TrainingArguments: {
  "output_dir": "./logs",
  "overwrite_output_dir": false,
  "num_train_epochs": 300,
  "per_device_train_batch_size": 256,
  "per_device_eval_batch_size": 512,
  "learning_rate": 0.1,
  "weight_decay": 0.0005,
  "adam_epsilon": 1e-08,
  "max_grad_norm": 1.0,
  "warmup_epochs": 0,
  "lr_scheduler_type": "cosine_annealing",
  "logging_steps": 50,
  "eval_strategy": "epoch",
  "save_strategy": "epoch",
  "save_steps": 20,
  "dataloader_num_workers": 4,
  "dataloader_pin_memory": true,
  "dataloader_drop_last": true,
  "label_smoothing_factor": 0.1,
  "use_mixup": true,
  "mixup_alpha": 0.2,
  "optimizer_type": "sgd",
  "use_imagenet_norm": false,
  "model_constructor_params": {
    "k_size": 5
  },
  "resume_from_checkpoint": null,
  "model_name_for_log": "ecanet20_fixed_k5",
  "run_name": "ECA_Net_Ablation_ECANet_20_Fixed_k_size_5",
  "checkpoint_filename_best": "best_model.pth",
  "checkpoint_filename_epoch": "checkpoint_epoch_{epoch}.pth",
  "evaluation_filename": "evaluation_summary.json",
  "plot_filename": "training_curves.png"
}
2025-06-03 21:42:28,118 - INFO - 分布式训练 (DDP): True, Rank: 0, World Size: 8
2025-06-03 21:42:28,118 - INFO - 使用设备: cuda:0
2025-06-03 21:42:28,151 - INFO - ***** 开始训练 *****
2025-06-03 21:42:28,151 - INFO -   训练模型: ecanet20_fixed_k5, 运行: ECA_Net_Ablation_ECANet_20_Fixed_k_size_5
2025-06-03 21:42:28,151 - INFO -   训练样本数 = 50000, 每轮步骤数 = 24
2025-06-03 21:42:28,151 - INFO -   总轮数 = 300
2025-06-03 21:42:28,151 - INFO -   每设备批次大小 = 256
2025-06-03 21:42:28,151 - INFO -   总批次大小 (所有GPU) = 2048
2025-06-03 21:42:28,151 - INFO -   初始学习率 = 1.00e-01
2025-06-03 21:42:29,704 - INFO - Epoch 1/300 | Batch 0/24 | Loss: 4.6510 | Acc: 0.39% | LR: 1.00e-01
2025-06-03 21:42:31,028 - INFO - Epoch 1 TRAIN Summary: Avg Loss: 4.5351, Avg Acc: 2.68%, Duration: 2.88s
2025-06-03 21:42:31,490 - INFO - Epoch 1 EVAL  Summary: Avg Loss: 4.4141, Avg Acc: 4.46%, Duration: 0.46s
2025-06-03 21:42:31,524 - INFO - Epoch 1: 最佳模型已保存至 ./logs/ecanet20_fixed_k5/ECA_Net_Ablation_ECANet_20_Fixed_k_size_5/best_model.pth
2025-06-03 21:42:31,524 - INFO - Epoch 1: 新的最佳准确率: 4.46% (已保存至 best_model.pth)
2025-06-03 21:42:31,969 - INFO - Epoch 2/300 | Batch 0/24 | Loss: 4.4587 | Acc: 3.07% | LR: 1.00e-01
2025-06-03 21:42:33,500 - INFO - Epoch 2 TRAIN Summary: Avg Loss: 4.3410, Avg Acc: 5.43%, Duration: 1.98s
2025-06-03 21:42:33,880 - INFO - Epoch 2 EVAL  Summary: Avg Loss: 4.1845, Avg Acc: 7.02%, Duration: 0.38s
2025-06-03 21:42:33,918 - INFO - Epoch 2: 最佳模型已保存至 ./logs/ecanet20_fixed_k5/ECA_Net_Ablation_ECANet_20_Fixed_k_size_5/best_model.pth
2025-06-03 21:42:33,919 - INFO - Epoch 2: 新的最佳准确率: 7.02% (已保存至 best_model.pth)
2025-06-03 21:42:34,406 - INFO - Epoch 3/300 | Batch 0/24 | Loss: 4.2379 | Acc: 8.54% | LR: 1.00e-01
2025-06-03 21:42:36,009 - INFO - Epoch 3 TRAIN Summary: Avg Loss: 4.2476, Avg Acc: 7.23%, Duration: 2.09s
2025-06-03 21:42:36,421 - INFO - Epoch 3 EVAL  Summary: Avg Loss: 4.0372, Avg Acc: 9.82%, Duration: 0.41s
2025-06-03 21:42:36,449 - INFO - Epoch 3: 最佳模型已保存至 ./logs/ecanet20_fixed_k5/ECA_Net_Ablation_ECANet_20_Fixed_k_size_5/best_model.pth
2025-06-03 21:42:36,450 - INFO - Epoch 3: 新的最佳准确率: 9.82% (已保存至 best_model.pth)
2025-06-03 21:42:36,943 - INFO - Epoch 4/300 | Batch 0/24 | Loss: 4.2673 | Acc: 9.97% | LR: 1.00e-01
2025-06-03 21:42:38,638 - INFO - Epoch 4 TRAIN Summary: Avg Loss: 4.1786, Avg Acc: 8.14%, Duration: 2.19s
2025-06-03 21:42:39,070 - INFO - Epoch 4 EVAL  Summary: Avg Loss: 3.8753, Avg Acc: 12.57%, Duration: 0.43s
2025-06-03 21:42:39,098 - INFO - Epoch 4: 最佳模型已保存至 ./logs/ecanet20_fixed_k5/ECA_Net_Ablation_ECANet_20_Fixed_k_size_5/best_model.pth
2025-06-03 21:42:39,098 - INFO - Epoch 4: 新的最佳准确率: 12.57% (已保存至 best_model.pth)
2025-06-03 21:42:39,568 - INFO - Epoch 5/300 | Batch 0/24 | Loss: 4.0949 | Acc: 7.03% | LR: 1.00e-01
2025-06-03 21:42:41,079 - INFO - Epoch 5 TRAIN Summary: Avg Loss: 4.0866, Avg Acc: 9.15%, Duration: 1.98s
2025-06-03 21:42:41,466 - INFO - Epoch 5 EVAL  Summary: Avg Loss: 3.8579, Avg Acc: 12.51%, Duration: 0.39s
2025-06-03 21:42:41,925 - INFO - Epoch 6/300 | Batch 0/24 | Loss: 4.4347 | Acc: 6.25% | LR: 9.99e-02
2025-06-03 21:42:43,537 - INFO - Epoch 6 TRAIN Summary: Avg Loss: 4.0628, Avg Acc: 10.46%, Duration: 2.07s
2025-06-03 21:42:43,951 - INFO - Epoch 6 EVAL  Summary: Avg Loss: 3.8114, Avg Acc: 14.77%, Duration: 0.41s
2025-06-03 21:42:43,980 - INFO - Epoch 6: 最佳模型已保存至 ./logs/ecanet20_fixed_k5/ECA_Net_Ablation_ECANet_20_Fixed_k_size_5/best_model.pth
2025-06-03 21:42:43,980 - INFO - Epoch 6: 新的最佳准确率: 14.77% (已保存至 best_model.pth)
2025-06-03 21:42:44,438 - INFO - Epoch 7/300 | Batch 0/24 | Loss: 3.9918 | Acc: 9.75% | LR: 9.99e-02
2025-06-03 21:42:45,959 - INFO - Epoch 7 TRAIN Summary: Avg Loss: 3.9467, Avg Acc: 12.95%, Duration: 1.98s
2025-06-03 21:42:46,358 - INFO - Epoch 7 EVAL  Summary: Avg Loss: 3.7121, Avg Acc: 15.88%, Duration: 0.40s
2025-06-03 21:42:46,388 - INFO - Epoch 7: 最佳模型已保存至 ./logs/ecanet20_fixed_k5/ECA_Net_Ablation_ECANet_20_Fixed_k_size_5/best_model.pth
2025-06-03 21:42:46,388 - INFO - Epoch 7: 新的最佳准确率: 15.88% (已保存至 best_model.pth)
2025-06-03 21:42:46,853 - INFO - Epoch 8/300 | Batch 0/24 | Loss: 3.8749 | Acc: 12.82% | LR: 9.99e-02
2025-06-03 21:42:48,571 - INFO - Epoch 8 TRAIN Summary: Avg Loss: 3.9009, Avg Acc: 13.43%, Duration: 2.18s
2025-06-03 21:42:48,993 - INFO - Epoch 8 EVAL  Summary: Avg Loss: 3.7403, Avg Acc: 15.89%, Duration: 0.42s
2025-06-03 21:42:49,020 - INFO - Epoch 8: 最佳模型已保存至 ./logs/ecanet20_fixed_k5/ECA_Net_Ablation_ECANet_20_Fixed_k_size_5/best_model.pth
2025-06-03 21:42:49,020 - INFO - Epoch 8: 新的最佳准确率: 15.89% (已保存至 best_model.pth)
2025-06-03 21:42:49,483 - INFO - Epoch 9/300 | Batch 0/24 | Loss: 3.6708 | Acc: 13.28% | LR: 9.98e-02
2025-06-03 21:42:51,136 - INFO - Epoch 9 TRAIN Summary: Avg Loss: 3.7905, Avg Acc: 16.09%, Duration: 2.11s
2025-06-03 21:42:51,543 - INFO - Epoch 9 EVAL  Summary: Avg Loss: 3.5568, Avg Acc: 19.31%, Duration: 0.41s
2025-06-03 21:42:51,579 - INFO - Epoch 9: 最佳模型已保存至 ./logs/ecanet20_fixed_k5/ECA_Net_Ablation_ECANet_20_Fixed_k_size_5/best_model.pth
2025-06-03 21:42:51,580 - INFO - Epoch 9: 新的最佳准确率: 19.31% (已保存至 best_model.pth)
2025-06-03 21:42:52,028 - INFO - Epoch 10/300 | Batch 0/24 | Loss: 3.8890 | Acc: 15.15% | LR: 9.98e-02
2025-06-03 21:42:53,660 - INFO - Epoch 10 TRAIN Summary: Avg Loss: 3.8032, Avg Acc: 15.38%, Duration: 2.08s
2025-06-03 21:42:54,060 - INFO - Epoch 10 EVAL  Summary: Avg Loss: 3.5457, Avg Acc: 19.90%, Duration: 0.40s
2025-06-03 21:42:54,087 - INFO - Epoch 10: 最佳模型已保存至 ./logs/ecanet20_fixed_k5/ECA_Net_Ablation_ECANet_20_Fixed_k_size_5/best_model.pth
2025-06-03 21:42:54,088 - INFO - Epoch 10: 新的最佳准确率: 19.90% (已保存至 best_model.pth)
2025-06-03 21:42:54,547 - INFO - Epoch 11/300 | Batch 0/24 | Loss: 3.4868 | Acc: 22.27% | LR: 9.97e-02
2025-06-03 21:42:56,217 - INFO - Epoch 11 TRAIN Summary: Avg Loss: 3.6834, Avg Acc: 17.84%, Duration: 2.13s
2025-06-03 21:42:56,653 - INFO - Epoch 11 EVAL  Summary: Avg Loss: 3.3573, Avg Acc: 23.90%, Duration: 0.43s
2025-06-03 21:42:56,686 - INFO - Epoch 11: 最佳模型已保存至 ./logs/ecanet20_fixed_k5/ECA_Net_Ablation_ECANet_20_Fixed_k_size_5/best_model.pth
2025-06-03 21:42:56,686 - INFO - Epoch 11: 新的最佳准确率: 23.90% (已保存至 best_model.pth)
2025-06-03 21:42:57,147 - INFO - Epoch 12/300 | Batch 0/24 | Loss: 4.2179 | Acc: 11.70% | LR: 9.97e-02
2025-06-03 21:42:58,715 - INFO - Epoch 12 TRAIN Summary: Avg Loss: 3.6333, Avg Acc: 19.35%, Duration: 2.03s
2025-06-03 21:42:59,145 - INFO - Epoch 12 EVAL  Summary: Avg Loss: 3.5062, Avg Acc: 20.31%, Duration: 0.43s
2025-06-03 21:42:59,656 - INFO - Epoch 13/300 | Batch 0/24 | Loss: 4.1348 | Acc: 13.66% | LR: 9.96e-02
2025-06-03 21:43:01,218 - INFO - Epoch 13 TRAIN Summary: Avg Loss: 3.6697, Avg Acc: 18.83%, Duration: 2.07s
2025-06-03 21:43:01,641 - INFO - Epoch 13 EVAL  Summary: Avg Loss: 3.2372, Avg Acc: 26.51%, Duration: 0.42s
2025-06-03 21:43:01,670 - INFO - Epoch 13: 最佳模型已保存至 ./logs/ecanet20_fixed_k5/ECA_Net_Ablation_ECANet_20_Fixed_k_size_5/best_model.pth
2025-06-03 21:43:01,670 - INFO - Epoch 13: 新的最佳准确率: 26.51% (已保存至 best_model.pth)
2025-06-03 21:43:02,135 - INFO - Epoch 14/300 | Batch 0/24 | Loss: 3.5142 | Acc: 23.58% | LR: 9.95e-02
2025-06-03 21:43:03,728 - INFO - Epoch 14 TRAIN Summary: Avg Loss: 3.6006, Avg Acc: 20.60%, Duration: 2.06s
2025-06-03 21:43:04,172 - INFO - Epoch 14 EVAL  Summary: Avg Loss: 3.2035, Avg Acc: 27.58%, Duration: 0.44s
2025-06-03 21:43:04,202 - INFO - Epoch 14: 最佳模型已保存至 ./logs/ecanet20_fixed_k5/ECA_Net_Ablation_ECANet_20_Fixed_k_size_5/best_model.pth
2025-06-03 21:43:04,202 - INFO - Epoch 14: 新的最佳准确率: 27.58% (已保存至 best_model.pth)
2025-06-03 21:43:04,662 - INFO - Epoch 15/300 | Batch 0/24 | Loss: 3.5143 | Acc: 20.70% | LR: 9.95e-02
2025-06-03 21:43:06,388 - INFO - Epoch 15 TRAIN Summary: Avg Loss: 3.5279, Avg Acc: 21.58%, Duration: 2.19s
2025-06-03 21:43:06,803 - INFO - Epoch 15 EVAL  Summary: Avg Loss: 3.1750, Avg Acc: 27.59%, Duration: 0.41s
2025-06-03 21:43:06,831 - INFO - Epoch 15: 最佳模型已保存至 ./logs/ecanet20_fixed_k5/ECA_Net_Ablation_ECANet_20_Fixed_k_size_5/best_model.pth
2025-06-03 21:43:06,831 - INFO - Epoch 15: 新的最佳准确率: 27.59% (已保存至 best_model.pth)
2025-06-03 21:43:07,288 - INFO - Epoch 16/300 | Batch 0/24 | Loss: 3.4504 | Acc: 20.31% | LR: 9.94e-02
2025-06-03 21:43:08,843 - INFO - Epoch 16 TRAIN Summary: Avg Loss: 3.4578, Avg Acc: 22.83%, Duration: 2.01s
2025-06-03 21:43:09,290 - INFO - Epoch 16 EVAL  Summary: Avg Loss: 3.1633, Avg Acc: 29.57%, Duration: 0.45s
2025-06-03 21:43:09,326 - INFO - Epoch 16: 最佳模型已保存至 ./logs/ecanet20_fixed_k5/ECA_Net_Ablation_ECANet_20_Fixed_k_size_5/best_model.pth
2025-06-03 21:43:09,326 - INFO - Epoch 16: 新的最佳准确率: 29.57% (已保存至 best_model.pth)
2025-06-03 21:43:09,797 - INFO - Epoch 17/300 | Batch 0/24 | Loss: 3.3122 | Acc: 25.39% | LR: 9.93e-02
2025-06-03 21:43:11,420 - INFO - Epoch 17 TRAIN Summary: Avg Loss: 3.4552, Avg Acc: 23.47%, Duration: 2.09s
2025-06-03 21:43:11,830 - INFO - Epoch 17 EVAL  Summary: Avg Loss: 3.0550, Avg Acc: 30.56%, Duration: 0.41s
2025-06-03 21:43:11,865 - INFO - Epoch 17: 最佳模型已保存至 ./logs/ecanet20_fixed_k5/ECA_Net_Ablation_ECANet_20_Fixed_k_size_5/best_model.pth
2025-06-03 21:43:11,865 - INFO - Epoch 17: 新的最佳准确率: 30.56% (已保存至 best_model.pth)
2025-06-03 21:43:12,376 - INFO - Epoch 18/300 | Batch 0/24 | Loss: 3.3622 | Acc: 23.83% | LR: 9.92e-02
2025-06-03 21:43:13,865 - INFO - Epoch 18 TRAIN Summary: Avg Loss: 3.5217, Avg Acc: 23.68%, Duration: 2.00s
2025-06-03 21:43:14,297 - INFO - Epoch 18 EVAL  Summary: Avg Loss: 3.1354, Avg Acc: 28.72%, Duration: 0.43s
2025-06-03 21:43:14,783 - INFO - Epoch 19/300 | Batch 0/24 | Loss: 4.2693 | Acc: 11.49% | LR: 9.91e-02
2025-06-03 21:43:16,284 - INFO - Epoch 19 TRAIN Summary: Avg Loss: 3.4863, Avg Acc: 23.68%, Duration: 1.99s
2025-06-03 21:43:16,713 - INFO - Epoch 19 EVAL  Summary: Avg Loss: 2.9278, Avg Acc: 34.89%, Duration: 0.43s
2025-06-03 21:43:16,742 - INFO - Epoch 19: 最佳模型已保存至 ./logs/ecanet20_fixed_k5/ECA_Net_Ablation_ECANet_20_Fixed_k_size_5/best_model.pth
2025-06-03 21:43:16,742 - INFO - Epoch 19: 新的最佳准确率: 34.89% (已保存至 best_model.pth)
2025-06-03 21:43:17,214 - INFO - Epoch 20/300 | Batch 0/24 | Loss: 3.8625 | Acc: 21.38% | LR: 9.90e-02
2025-06-03 21:43:18,728 - INFO - Epoch 20 TRAIN Summary: Avg Loss: 3.4564, Avg Acc: 24.35%, Duration: 1.98s
2025-06-03 21:43:19,133 - INFO - Epoch 20 EVAL  Summary: Avg Loss: 3.0001, Avg Acc: 32.48%, Duration: 0.40s
2025-06-03 21:43:19,160 - INFO - Epoch 20: 检查点已保存至 ./logs/ecanet20_fixed_k5/ECA_Net_Ablation_ECANet_20_Fixed_k_size_5/checkpoint_epoch_20.pth
2025-06-03 21:43:19,637 - INFO - Epoch 21/300 | Batch 0/24 | Loss: 3.2478 | Acc: 24.22% | LR: 9.89e-02
2025-06-03 21:43:21,172 - INFO - Epoch 21 TRAIN Summary: Avg Loss: 3.2371, Avg Acc: 28.83%, Duration: 2.01s
2025-06-03 21:43:21,598 - INFO - Epoch 21 EVAL  Summary: Avg Loss: 2.9105, Avg Acc: 34.22%, Duration: 0.42s
2025-06-03 21:43:22,103 - INFO - Epoch 22/300 | Batch 0/24 | Loss: 3.2526 | Acc: 28.12% | LR: 9.88e-02
2025-06-03 21:43:23,747 - INFO - Epoch 22 TRAIN Summary: Avg Loss: 3.3097, Avg Acc: 28.37%, Duration: 2.15s
2025-06-03 21:43:24,172 - INFO - Epoch 22 EVAL  Summary: Avg Loss: 2.9576, Avg Acc: 33.31%, Duration: 0.42s
2025-06-03 21:43:24,665 - INFO - Epoch 23/300 | Batch 0/24 | Loss: 3.0765 | Acc: 29.30% | LR: 9.87e-02
2025-06-03 21:43:26,201 - INFO - Epoch 23 TRAIN Summary: Avg Loss: 3.1502, Avg Acc: 30.09%, Duration: 2.03s
2025-06-03 21:43:26,650 - INFO - Epoch 23 EVAL  Summary: Avg Loss: 2.8330, Avg Acc: 37.26%, Duration: 0.45s
2025-06-03 21:43:26,680 - INFO - Epoch 23: 最佳模型已保存至 ./logs/ecanet20_fixed_k5/ECA_Net_Ablation_ECANet_20_Fixed_k_size_5/best_model.pth
2025-06-03 21:43:26,680 - INFO - Epoch 23: 新的最佳准确率: 37.26% (已保存至 best_model.pth)
2025-06-03 21:43:27,161 - INFO - Epoch 24/300 | Batch 0/24 | Loss: 3.2381 | Acc: 28.12% | LR: 9.86e-02
2025-06-03 21:43:28,640 - INFO - Epoch 24 TRAIN Summary: Avg Loss: 3.2315, Avg Acc: 29.76%, Duration: 1.96s
2025-06-03 21:43:29,062 - INFO - Epoch 24 EVAL  Summary: Avg Loss: 2.8071, Avg Acc: 38.33%, Duration: 0.42s
2025-06-03 21:43:29,092 - INFO - Epoch 24: 最佳模型已保存至 ./logs/ecanet20_fixed_k5/ECA_Net_Ablation_ECANet_20_Fixed_k_size_5/best_model.pth
2025-06-03 21:43:29,092 - INFO - Epoch 24: 新的最佳准确率: 38.33% (已保存至 best_model.pth)
2025-06-03 21:43:29,568 - INFO - Epoch 25/300 | Batch 0/24 | Loss: 3.0485 | Acc: 28.52% | LR: 9.84e-02
2025-06-03 21:43:31,091 - INFO - Epoch 25 TRAIN Summary: Avg Loss: 3.2129, Avg Acc: 29.64%, Duration: 2.00s
2025-06-03 21:43:31,515 - INFO - Epoch 25 EVAL  Summary: Avg Loss: 2.7481, Avg Acc: 38.89%, Duration: 0.42s
2025-06-03 21:43:31,552 - INFO - Epoch 25: 最佳模型已保存至 ./logs/ecanet20_fixed_k5/ECA_Net_Ablation_ECANet_20_Fixed_k_size_5/best_model.pth
2025-06-03 21:43:31,552 - INFO - Epoch 25: 新的最佳准确率: 38.89% (已保存至 best_model.pth)
2025-06-03 21:43:32,008 - INFO - Epoch 26/300 | Batch 0/24 | Loss: 3.7893 | Acc: 22.51% | LR: 9.83e-02
2025-06-03 21:43:33,532 - INFO - Epoch 26 TRAIN Summary: Avg Loss: 3.2776, Avg Acc: 29.39%, Duration: 1.98s
2025-06-03 21:43:33,941 - INFO - Epoch 26 EVAL  Summary: Avg Loss: 2.7888, Avg Acc: 37.88%, Duration: 0.41s
2025-06-03 21:43:34,434 - INFO - Epoch 27/300 | Batch 0/24 | Loss: 2.8917 | Acc: 38.67% | LR: 9.82e-02
2025-06-03 21:43:35,984 - INFO - Epoch 27 TRAIN Summary: Avg Loss: 3.1610, Avg Acc: 32.10%, Duration: 2.04s
2025-06-03 21:43:36,418 - INFO - Epoch 27 EVAL  Summary: Avg Loss: 2.7028, Avg Acc: 40.58%, Duration: 0.43s
2025-06-03 21:43:36,447 - INFO - Epoch 27: 最佳模型已保存至 ./logs/ecanet20_fixed_k5/ECA_Net_Ablation_ECANet_20_Fixed_k_size_5/best_model.pth
2025-06-03 21:43:36,448 - INFO - Epoch 27: 新的最佳准确率: 40.58% (已保存至 best_model.pth)
2025-06-03 21:43:36,913 - INFO - Epoch 28/300 | Batch 0/24 | Loss: 3.1493 | Acc: 26.41% | LR: 9.80e-02
2025-06-03 21:43:38,474 - INFO - Epoch 28 TRAIN Summary: Avg Loss: 3.0666, Avg Acc: 33.37%, Duration: 2.03s
2025-06-03 21:43:38,922 - INFO - Epoch 28 EVAL  Summary: Avg Loss: 2.7687, Avg Acc: 39.88%, Duration: 0.45s
2025-06-03 21:43:39,426 - INFO - Epoch 29/300 | Batch 0/24 | Loss: 3.3247 | Acc: 30.79% | LR: 9.79e-02
2025-06-03 21:43:41,099 - INFO - Epoch 29 TRAIN Summary: Avg Loss: 3.0414, Avg Acc: 33.09%, Duration: 2.18s
2025-06-03 21:43:41,540 - INFO - Epoch 29 EVAL  Summary: Avg Loss: 2.7688, Avg Acc: 38.88%, Duration: 0.44s
2025-06-03 21:43:42,023 - INFO - Epoch 30/300 | Batch 0/24 | Loss: 2.8589 | Acc: 35.16% | LR: 9.77e-02
2025-06-03 21:43:43,569 - INFO - Epoch 30 TRAIN Summary: Avg Loss: 3.1044, Avg Acc: 33.31%, Duration: 2.03s
2025-06-03 21:43:44,018 - INFO - Epoch 30 EVAL  Summary: Avg Loss: 2.7215, Avg Acc: 39.47%, Duration: 0.45s
2025-06-03 21:43:44,516 - INFO - Epoch 31/300 | Batch 0/24 | Loss: 3.1201 | Acc: 34.34% | LR: 9.76e-02
2025-06-03 21:43:46,103 - INFO - Epoch 31 TRAIN Summary: Avg Loss: 3.1154, Avg Acc: 32.60%, Duration: 2.08s
2025-06-03 21:43:46,519 - INFO - Epoch 31 EVAL  Summary: Avg Loss: 2.6457, Avg Acc: 41.55%, Duration: 0.41s
2025-06-03 21:43:46,553 - INFO - Epoch 31: 最佳模型已保存至 ./logs/ecanet20_fixed_k5/ECA_Net_Ablation_ECANet_20_Fixed_k_size_5/best_model.pth
2025-06-03 21:43:46,553 - INFO - Epoch 31: 新的最佳准确率: 41.55% (已保存至 best_model.pth)
2025-06-03 21:43:47,026 - INFO - Epoch 32/300 | Batch 0/24 | Loss: 3.2109 | Acc: 33.77% | LR: 9.74e-02
2025-06-03 21:43:48,569 - INFO - Epoch 32 TRAIN Summary: Avg Loss: 2.9914, Avg Acc: 35.50%, Duration: 2.01s
2025-06-03 21:43:48,989 - INFO - Epoch 32 EVAL  Summary: Avg Loss: 2.6763, Avg Acc: 40.90%, Duration: 0.42s
2025-06-03 21:43:49,485 - INFO - Epoch 33/300 | Batch 0/24 | Loss: 2.8463 | Acc: 40.09% | LR: 9.72e-02
2025-06-03 21:43:51,071 - INFO - Epoch 33 TRAIN Summary: Avg Loss: 2.9535, Avg Acc: 36.47%, Duration: 2.08s
2025-06-03 21:43:51,530 - INFO - Epoch 33 EVAL  Summary: Avg Loss: 2.6448, Avg Acc: 42.44%, Duration: 0.46s
2025-06-03 21:43:51,558 - INFO - Epoch 33: 最佳模型已保存至 ./logs/ecanet20_fixed_k5/ECA_Net_Ablation_ECANet_20_Fixed_k_size_5/best_model.pth
2025-06-03 21:43:51,559 - INFO - Epoch 33: 新的最佳准确率: 42.44% (已保存至 best_model.pth)
2025-06-03 21:43:52,030 - INFO - Epoch 34/300 | Batch 0/24 | Loss: 2.8196 | Acc: 40.23% | LR: 9.70e-02
2025-06-03 21:43:53,608 - INFO - Epoch 34 TRAIN Summary: Avg Loss: 3.0500, Avg Acc: 33.90%, Duration: 2.05s
2025-06-03 21:43:54,061 - INFO - Epoch 34 EVAL  Summary: Avg Loss: 2.6753, Avg Acc: 40.82%, Duration: 0.45s
2025-06-03 21:43:54,537 - INFO - Epoch 35/300 | Batch 0/24 | Loss: 2.9998 | Acc: 35.24% | LR: 9.69e-02
2025-06-03 21:43:56,197 - INFO - Epoch 35 TRAIN Summary: Avg Loss: 2.9659, Avg Acc: 36.28%, Duration: 2.13s
2025-06-03 21:43:56,607 - INFO - Epoch 35 EVAL  Summary: Avg Loss: 2.5921, Avg Acc: 43.68%, Duration: 0.41s
2025-06-03 21:43:56,636 - INFO - Epoch 35: 最佳模型已保存至 ./logs/ecanet20_fixed_k5/ECA_Net_Ablation_ECANet_20_Fixed_k_size_5/best_model.pth
2025-06-03 21:43:56,636 - INFO - Epoch 35: 新的最佳准确率: 43.68% (已保存至 best_model.pth)
2025-06-03 21:43:57,112 - INFO - Epoch 36/300 | Batch 0/24 | Loss: 2.8277 | Acc: 37.89% | LR: 9.67e-02
2025-06-03 21:43:58,787 - INFO - Epoch 36 TRAIN Summary: Avg Loss: 3.1326, Avg Acc: 33.11%, Duration: 2.15s
2025-06-03 21:43:59,228 - INFO - Epoch 36 EVAL  Summary: Avg Loss: 2.5659, Avg Acc: 44.36%, Duration: 0.44s
2025-06-03 21:43:59,257 - INFO - Epoch 36: 最佳模型已保存至 ./logs/ecanet20_fixed_k5/ECA_Net_Ablation_ECANet_20_Fixed_k_size_5/best_model.pth
2025-06-03 21:43:59,257 - INFO - Epoch 36: 新的最佳准确率: 44.36% (已保存至 best_model.pth)
2025-06-03 21:43:59,722 - INFO - Epoch 37/300 | Batch 0/24 | Loss: 2.9439 | Acc: 33.59% | LR: 9.65e-02
2025-06-03 21:44:01,431 - INFO - Epoch 37 TRAIN Summary: Avg Loss: 3.0051, Avg Acc: 35.41%, Duration: 2.17s
2025-06-03 21:44:01,838 - INFO - Epoch 37 EVAL  Summary: Avg Loss: 2.5798, Avg Acc: 43.67%, Duration: 0.41s
2025-06-03 21:44:02,327 - INFO - Epoch 38/300 | Batch 0/24 | Loss: 3.0464 | Acc: 39.58% | LR: 9.63e-02
2025-06-03 21:44:04,013 - INFO - Epoch 38 TRAIN Summary: Avg Loss: 3.1189, Avg Acc: 33.44%, Duration: 2.17s
2025-06-03 21:44:04,428 - INFO - Epoch 38 EVAL  Summary: Avg Loss: 2.5685, Avg Acc: 44.31%, Duration: 0.41s
2025-06-03 21:44:04,913 - INFO - Epoch 39/300 | Batch 0/24 | Loss: 2.7104 | Acc: 44.53% | LR: 9.61e-02
2025-06-03 21:44:06,472 - INFO - Epoch 39 TRAIN Summary: Avg Loss: 3.0017, Avg Acc: 36.66%, Duration: 2.04s
2025-06-03 21:44:06,906 - INFO - Epoch 39 EVAL  Summary: Avg Loss: 2.5577, Avg Acc: 44.79%, Duration: 0.43s
2025-06-03 21:44:06,935 - INFO - Epoch 39: 最佳模型已保存至 ./logs/ecanet20_fixed_k5/ECA_Net_Ablation_ECANet_20_Fixed_k_size_5/best_model.pth
2025-06-03 21:44:06,936 - INFO - Epoch 39: 新的最佳准确率: 44.79% (已保存至 best_model.pth)
2025-06-03 21:44:07,399 - INFO - Epoch 40/300 | Batch 0/24 | Loss: 2.8423 | Acc: 39.06% | LR: 9.59e-02
2025-06-03 21:44:09,006 - INFO - Epoch 40 TRAIN Summary: Avg Loss: 3.0711, Avg Acc: 34.83%, Duration: 2.07s
2025-06-03 21:44:09,428 - INFO - Epoch 40 EVAL  Summary: Avg Loss: 2.6853, Avg Acc: 41.10%, Duration: 0.42s
2025-06-03 21:44:09,455 - INFO - Epoch 40: 检查点已保存至 ./logs/ecanet20_fixed_k5/ECA_Net_Ablation_ECANet_20_Fixed_k_size_5/checkpoint_epoch_40.pth
2025-06-03 21:44:09,917 - INFO - Epoch 41/300 | Batch 0/24 | Loss: 2.7925 | Acc: 39.06% | LR: 9.57e-02
2025-06-03 21:44:11,462 - INFO - Epoch 41 TRAIN Summary: Avg Loss: 2.9070, Avg Acc: 38.51%, Duration: 2.01s
2025-06-03 21:44:11,896 - INFO - Epoch 41 EVAL  Summary: Avg Loss: 2.5909, Avg Acc: 44.38%, Duration: 0.43s
2025-06-03 21:44:12,404 - INFO - Epoch 42/300 | Batch 0/24 | Loss: 2.7297 | Acc: 41.41% | LR: 9.55e-02
2025-06-03 21:44:13,966 - INFO - Epoch 42 TRAIN Summary: Avg Loss: 2.9340, Avg Acc: 37.52%, Duration: 2.07s
2025-06-03 21:44:14,423 - INFO - Epoch 42 EVAL  Summary: Avg Loss: 2.5416, Avg Acc: 45.60%, Duration: 0.45s
2025-06-03 21:44:14,458 - INFO - Epoch 42: 最佳模型已保存至 ./logs/ecanet20_fixed_k5/ECA_Net_Ablation_ECANet_20_Fixed_k_size_5/best_model.pth
2025-06-03 21:44:14,458 - INFO - Epoch 42: 新的最佳准确率: 45.60% (已保存至 best_model.pth)
2025-06-03 21:44:14,933 - INFO - Epoch 43/300 | Batch 0/24 | Loss: 2.8020 | Acc: 38.67% | LR: 9.52e-02
2025-06-03 21:44:16,425 - INFO - Epoch 43 TRAIN Summary: Avg Loss: 3.0118, Avg Acc: 37.00%, Duration: 1.97s
2025-06-03 21:44:16,875 - INFO - Epoch 43 EVAL  Summary: Avg Loss: 2.6584, Avg Acc: 42.02%, Duration: 0.45s
2025-06-03 21:44:17,367 - INFO - Epoch 44/300 | Batch 0/24 | Loss: 2.7600 | Acc: 44.69% | LR: 9.50e-02
2025-06-03 21:44:18,997 - INFO - Epoch 44 TRAIN Summary: Avg Loss: 2.9311, Avg Acc: 38.66%, Duration: 2.12s
2025-06-03 21:44:19,410 - INFO - Epoch 44 EVAL  Summary: Avg Loss: 2.4897, Avg Acc: 47.04%, Duration: 0.41s
2025-06-03 21:44:19,438 - INFO - Epoch 44: 最佳模型已保存至 ./logs/ecanet20_fixed_k5/ECA_Net_Ablation_ECANet_20_Fixed_k_size_5/best_model.pth
2025-06-03 21:44:19,438 - INFO - Epoch 44: 新的最佳准确率: 47.04% (已保存至 best_model.pth)
2025-06-03 21:44:19,905 - INFO - Epoch 45/300 | Batch 0/24 | Loss: 2.7539 | Acc: 40.62% | LR: 9.48e-02
2025-06-03 21:44:21,526 - INFO - Epoch 45 TRAIN Summary: Avg Loss: 3.0075, Avg Acc: 37.26%, Duration: 2.09s
2025-06-03 21:44:21,947 - INFO - Epoch 45 EVAL  Summary: Avg Loss: 2.4591, Avg Acc: 47.24%, Duration: 0.42s
2025-06-03 21:44:21,976 - INFO - Epoch 45: 最佳模型已保存至 ./logs/ecanet20_fixed_k5/ECA_Net_Ablation_ECANet_20_Fixed_k_size_5/best_model.pth
2025-06-03 21:44:21,976 - INFO - Epoch 45: 新的最佳准确率: 47.24% (已保存至 best_model.pth)
2025-06-03 21:44:22,440 - INFO - Epoch 46/300 | Batch 0/24 | Loss: 2.7682 | Acc: 39.40% | LR: 9.46e-02
2025-06-03 21:44:24,024 - INFO - Epoch 46 TRAIN Summary: Avg Loss: 3.0104, Avg Acc: 37.48%, Duration: 2.05s
2025-06-03 21:44:24,476 - INFO - Epoch 46 EVAL  Summary: Avg Loss: 2.3637, Avg Acc: 50.36%, Duration: 0.45s
2025-06-03 21:44:24,508 - INFO - Epoch 46: 最佳模型已保存至 ./logs/ecanet20_fixed_k5/ECA_Net_Ablation_ECANet_20_Fixed_k_size_5/best_model.pth
2025-06-03 21:44:24,509 - INFO - Epoch 46: 新的最佳准确率: 50.36% (已保存至 best_model.pth)
2025-06-03 21:44:24,977 - INFO - Epoch 47/300 | Batch 0/24 | Loss: 2.7904 | Acc: 47.22% | LR: 9.43e-02
2025-06-03 21:44:26,584 - INFO - Epoch 47 TRAIN Summary: Avg Loss: 2.7969, Avg Acc: 40.44%, Duration: 2.07s
2025-06-03 21:44:27,005 - INFO - Epoch 47 EVAL  Summary: Avg Loss: 2.5079, Avg Acc: 45.79%, Duration: 0.42s
2025-06-03 21:44:27,499 - INFO - Epoch 48/300 | Batch 0/24 | Loss: 2.7439 | Acc: 34.38% | LR: 9.41e-02
2025-06-03 21:44:29,110 - INFO - Epoch 48 TRAIN Summary: Avg Loss: 2.8071, Avg Acc: 39.56%, Duration: 2.10s
2025-06-03 21:44:29,543 - INFO - Epoch 48 EVAL  Summary: Avg Loss: 2.5496, Avg Acc: 44.19%, Duration: 0.43s
2025-06-03 21:44:30,045 - INFO - Epoch 49/300 | Batch 0/24 | Loss: 2.7474 | Acc: 44.18% | LR: 9.38e-02
2025-06-03 21:44:31,513 - INFO - Epoch 49 TRAIN Summary: Avg Loss: 2.9450, Avg Acc: 37.77%, Duration: 1.97s
2025-06-03 21:44:31,933 - INFO - Epoch 49 EVAL  Summary: Avg Loss: 2.4057, Avg Acc: 48.65%, Duration: 0.42s
2025-06-03 21:44:32,434 - INFO - Epoch 50/300 | Batch 0/24 | Loss: 2.6344 | Acc: 44.53% | LR: 9.36e-02
2025-06-03 21:44:34,090 - INFO - Epoch 50 TRAIN Summary: Avg Loss: 2.9635, Avg Acc: 38.42%, Duration: 2.16s
2025-06-03 21:44:34,491 - INFO - Epoch 50 EVAL  Summary: Avg Loss: 2.3886, Avg Acc: 49.17%, Duration: 0.40s
2025-06-03 21:44:34,986 - INFO - Epoch 51/300 | Batch 0/24 | Loss: 2.6623 | Acc: 44.92% | LR: 9.33e-02
2025-06-03 21:44:36,720 - INFO - Epoch 51 TRAIN Summary: Avg Loss: 2.8166, Avg Acc: 40.29%, Duration: 2.23s
2025-06-03 21:44:37,142 - INFO - Epoch 51 EVAL  Summary: Avg Loss: 2.4569, Avg Acc: 47.83%, Duration: 0.42s
2025-06-03 21:44:37,628 - INFO - Epoch 52/300 | Batch 0/24 | Loss: 2.5522 | Acc: 46.48% | LR: 9.30e-02
2025-06-03 21:44:39,275 - INFO - Epoch 52 TRAIN Summary: Avg Loss: 2.7640, Avg Acc: 41.67%, Duration: 2.13s
2025-06-03 21:44:39,722 - INFO - Epoch 52 EVAL  Summary: Avg Loss: 2.5218, Avg Acc: 46.44%, Duration: 0.45s
2025-06-03 21:44:40,213 - INFO - Epoch 53/300 | Batch 0/24 | Loss: 2.7894 | Acc: 37.11% | LR: 9.28e-02
2025-06-03 21:44:41,958 - INFO - Epoch 53 TRAIN Summary: Avg Loss: 3.0040, Avg Acc: 36.78%, Duration: 2.23s
2025-06-03 21:44:42,374 - INFO - Epoch 53 EVAL  Summary: Avg Loss: 2.4217, Avg Acc: 48.89%, Duration: 0.41s
2025-06-03 21:44:42,875 - INFO - Epoch 54/300 | Batch 0/24 | Loss: 3.9374 | Acc: 20.33% | LR: 9.25e-02
2025-06-03 21:44:44,556 - INFO - Epoch 54 TRAIN Summary: Avg Loss: 2.9715, Avg Acc: 38.50%, Duration: 2.18s
2025-06-03 21:44:44,978 - INFO - Epoch 54 EVAL  Summary: Avg Loss: 2.3239, Avg Acc: 51.67%, Duration: 0.42s
2025-06-03 21:44:45,023 - INFO - Epoch 54: 最佳模型已保存至 ./logs/ecanet20_fixed_k5/ECA_Net_Ablation_ECANet_20_Fixed_k_size_5/best_model.pth
2025-06-03 21:44:45,024 - INFO - Epoch 54: 新的最佳准确率: 51.67% (已保存至 best_model.pth)
2025-06-03 21:44:45,486 - INFO - Epoch 55/300 | Batch 0/24 | Loss: 2.5701 | Acc: 43.36% | LR: 9.22e-02
2025-06-03 21:44:47,031 - INFO - Epoch 55 TRAIN Summary: Avg Loss: 2.8479, Avg Acc: 40.98%, Duration: 2.01s
2025-06-03 21:44:47,463 - INFO - Epoch 55 EVAL  Summary: Avg Loss: 2.3628, Avg Acc: 50.65%, Duration: 0.43s
2025-06-03 21:44:47,961 - INFO - Epoch 56/300 | Batch 0/24 | Loss: 2.4810 | Acc: 51.56% | LR: 9.19e-02
2025-06-03 21:44:49,553 - INFO - Epoch 56 TRAIN Summary: Avg Loss: 2.8065, Avg Acc: 41.44%, Duration: 2.09s
2025-06-03 21:44:49,960 - INFO - Epoch 56 EVAL  Summary: Avg Loss: 2.4201, Avg Acc: 49.57%, Duration: 0.41s
2025-06-03 21:44:50,461 - INFO - Epoch 57/300 | Batch 0/24 | Loss: 4.1889 | Acc: 16.40% | LR: 9.16e-02
2025-06-03 21:44:52,009 - INFO - Epoch 57 TRAIN Summary: Avg Loss: 2.8304, Avg Acc: 40.82%, Duration: 2.05s
2025-06-03 21:44:52,467 - INFO - Epoch 57 EVAL  Summary: Avg Loss: 2.3626, Avg Acc: 51.08%, Duration: 0.46s
2025-06-03 21:44:52,959 - INFO - Epoch 58/300 | Batch 0/24 | Loss: 2.4726 | Acc: 50.78% | LR: 9.14e-02
2025-06-03 21:44:54,535 - INFO - Epoch 58 TRAIN Summary: Avg Loss: 2.7966, Avg Acc: 41.64%, Duration: 2.07s
2025-06-03 21:44:54,948 - INFO - Epoch 58 EVAL  Summary: Avg Loss: 2.3283, Avg Acc: 51.79%, Duration: 0.41s
2025-06-03 21:44:54,980 - INFO - Epoch 58: 最佳模型已保存至 ./logs/ecanet20_fixed_k5/ECA_Net_Ablation_ECANet_20_Fixed_k_size_5/best_model.pth
2025-06-03 21:44:54,980 - INFO - Epoch 58: 新的最佳准确率: 51.79% (已保存至 best_model.pth)
2025-06-03 21:44:55,445 - INFO - Epoch 59/300 | Batch 0/24 | Loss: 2.5799 | Acc: 46.88% | LR: 9.11e-02
2025-06-03 21:44:56,983 - INFO - Epoch 59 TRAIN Summary: Avg Loss: 2.8505, Avg Acc: 40.63%, Duration: 2.00s
2025-06-03 21:44:57,391 - INFO - Epoch 59 EVAL  Summary: Avg Loss: 2.3397, Avg Acc: 51.39%, Duration: 0.41s
2025-06-03 21:44:57,872 - INFO - Epoch 60/300 | Batch 0/24 | Loss: 2.7547 | Acc: 40.23% | LR: 9.08e-02
2025-06-03 21:44:59,478 - INFO - Epoch 60 TRAIN Summary: Avg Loss: 2.8066, Avg Acc: 42.22%, Duration: 2.09s
2025-06-03 21:44:59,897 - INFO - Epoch 60 EVAL  Summary: Avg Loss: 2.3171, Avg Acc: 52.02%, Duration: 0.42s
2025-06-03 21:44:59,924 - INFO - Epoch 60: 最佳模型已保存至 ./logs/ecanet20_fixed_k5/ECA_Net_Ablation_ECANet_20_Fixed_k_size_5/best_model.pth
2025-06-03 21:44:59,925 - INFO - Epoch 60: 新的最佳准确率: 52.02% (已保存至 best_model.pth)
2025-06-03 21:44:59,953 - INFO - Epoch 60: 检查点已保存至 ./logs/ecanet20_fixed_k5/ECA_Net_Ablation_ECANet_20_Fixed_k_size_5/checkpoint_epoch_60.pth
2025-06-03 21:45:00,399 - INFO - Epoch 61/300 | Batch 0/24 | Loss: 2.6319 | Acc: 43.31% | LR: 9.05e-02
2025-06-03 21:45:01,911 - INFO - Epoch 61 TRAIN Summary: Avg Loss: 2.7153, Avg Acc: 42.61%, Duration: 1.96s
2025-06-03 21:45:02,332 - INFO - Epoch 61 EVAL  Summary: Avg Loss: 2.3536, Avg Acc: 50.97%, Duration: 0.42s
2025-06-03 21:45:02,815 - INFO - Epoch 62/300 | Batch 0/24 | Loss: 2.4846 | Acc: 49.22% | LR: 9.01e-02
2025-06-03 21:45:04,337 - INFO - Epoch 62 TRAIN Summary: Avg Loss: 2.9326, Avg Acc: 39.77%, Duration: 2.00s
2025-06-03 21:45:04,770 - INFO - Epoch 62 EVAL  Summary: Avg Loss: 2.3339, Avg Acc: 50.96%, Duration: 0.43s
2025-06-03 21:45:05,277 - INFO - Epoch 63/300 | Batch 0/24 | Loss: 2.7037 | Acc: 44.39% | LR: 8.98e-02
2025-06-03 21:45:06,851 - INFO - Epoch 63 TRAIN Summary: Avg Loss: 2.7551, Avg Acc: 42.27%, Duration: 2.08s
2025-06-03 21:45:07,284 - INFO - Epoch 63 EVAL  Summary: Avg Loss: 2.3073, Avg Acc: 51.75%, Duration: 0.43s
2025-06-03 21:45:07,794 - INFO - Epoch 64/300 | Batch 0/24 | Loss: 2.7474 | Acc: 44.53% | LR: 8.95e-02
2025-06-03 21:45:09,495 - INFO - Epoch 64 TRAIN Summary: Avg Loss: 2.8820, Avg Acc: 40.16%, Duration: 2.21s
2025-06-03 21:45:09,906 - INFO - Epoch 64 EVAL  Summary: Avg Loss: 2.3376, Avg Acc: 51.32%, Duration: 0.41s
2025-06-03 21:45:10,384 - INFO - Epoch 65/300 | Batch 0/24 | Loss: 2.7230 | Acc: 40.23% | LR: 8.92e-02
2025-06-03 21:45:11,952 - INFO - Epoch 65 TRAIN Summary: Avg Loss: 2.8500, Avg Acc: 40.60%, Duration: 2.05s
2025-06-03 21:45:12,396 - INFO - Epoch 65 EVAL  Summary: Avg Loss: 2.4471, Avg Acc: 48.45%, Duration: 0.44s
2025-06-03 21:45:12,879 - INFO - Epoch 66/300 | Batch 0/24 | Loss: 2.5965 | Acc: 46.09% | LR: 8.89e-02
2025-06-03 21:45:14,459 - INFO - Epoch 66 TRAIN Summary: Avg Loss: 2.8381, Avg Acc: 41.49%, Duration: 2.06s
2025-06-03 21:45:14,912 - INFO - Epoch 66 EVAL  Summary: Avg Loss: 2.4735, Avg Acc: 47.52%, Duration: 0.45s
2025-06-03 21:45:15,408 - INFO - Epoch 67/300 | Batch 0/24 | Loss: 2.6012 | Acc: 48.44% | LR: 8.85e-02
2025-06-03 21:45:16,965 - INFO - Epoch 67 TRAIN Summary: Avg Loss: 2.7682, Avg Acc: 42.59%, Duration: 2.05s
2025-06-03 21:45:17,423 - INFO - Epoch 67 EVAL  Summary: Avg Loss: 2.2903, Avg Acc: 52.20%, Duration: 0.46s
2025-06-03 21:45:17,451 - INFO - Epoch 67: 最佳模型已保存至 ./logs/ecanet20_fixed_k5/ECA_Net_Ablation_ECANet_20_Fixed_k_size_5/best_model.pth
2025-06-03 21:45:17,452 - INFO - Epoch 67: 新的最佳准确率: 52.20% (已保存至 best_model.pth)
2025-06-03 21:45:17,926 - INFO - Epoch 68/300 | Batch 0/24 | Loss: 3.4680 | Acc: 33.56% | LR: 8.82e-02
2025-06-03 21:45:19,443 - INFO - Epoch 68 TRAIN Summary: Avg Loss: 2.9262, Avg Acc: 39.25%, Duration: 1.99s
2025-06-03 21:45:19,910 - INFO - Epoch 68 EVAL  Summary: Avg Loss: 2.3051, Avg Acc: 52.89%, Duration: 0.47s
2025-06-03 21:45:19,940 - INFO - Epoch 68: 最佳模型已保存至 ./logs/ecanet20_fixed_k5/ECA_Net_Ablation_ECANet_20_Fixed_k_size_5/best_model.pth
2025-06-03 21:45:19,941 - INFO - Epoch 68: 新的最佳准确率: 52.89% (已保存至 best_model.pth)
2025-06-03 21:45:20,415 - INFO - Epoch 69/300 | Batch 0/24 | Loss: 2.6174 | Acc: 43.75% | LR: 8.78e-02
2025-06-03 21:45:21,947 - INFO - Epoch 69 TRAIN Summary: Avg Loss: 2.7480, Avg Acc: 43.29%, Duration: 2.01s
2025-06-03 21:45:22,360 - INFO - Epoch 69 EVAL  Summary: Avg Loss: 2.2557, Avg Acc: 53.29%, Duration: 0.41s
2025-06-03 21:45:22,393 - INFO - Epoch 69: 最佳模型已保存至 ./logs/ecanet20_fixed_k5/ECA_Net_Ablation_ECANet_20_Fixed_k_size_5/best_model.pth
2025-06-03 21:45:22,394 - INFO - Epoch 69: 新的最佳准确率: 53.29% (已保存至 best_model.pth)
2025-06-03 21:45:22,888 - INFO - Epoch 70/300 | Batch 0/24 | Loss: 2.4908 | Acc: 48.05% | LR: 8.75e-02
2025-06-03 21:45:24,374 - INFO - Epoch 70 TRAIN Summary: Avg Loss: 2.7662, Avg Acc: 43.52%, Duration: 1.98s
2025-06-03 21:45:24,808 - INFO - Epoch 70 EVAL  Summary: Avg Loss: 2.2230, Avg Acc: 54.41%, Duration: 0.43s
2025-06-03 21:45:24,836 - INFO - Epoch 70: 最佳模型已保存至 ./logs/ecanet20_fixed_k5/ECA_Net_Ablation_ECANet_20_Fixed_k_size_5/best_model.pth
2025-06-03 21:45:24,836 - INFO - Epoch 70: 新的最佳准确率: 54.41% (已保存至 best_model.pth)
2025-06-03 21:45:25,310 - INFO - Epoch 71/300 | Batch 0/24 | Loss: 3.8666 | Acc: 18.90% | LR: 8.72e-02
2025-06-03 21:45:26,906 - INFO - Epoch 71 TRAIN Summary: Avg Loss: 2.8368, Avg Acc: 40.89%, Duration: 2.07s
2025-06-03 21:45:27,315 - INFO - Epoch 71 EVAL  Summary: Avg Loss: 2.2996, Avg Acc: 52.87%, Duration: 0.41s
2025-06-03 21:45:27,826 - INFO - Epoch 72/300 | Batch 0/24 | Loss: 2.5697 | Acc: 46.48% | LR: 8.68e-02
2025-06-03 21:45:29,458 - INFO - Epoch 72 TRAIN Summary: Avg Loss: 2.8625, Avg Acc: 41.08%, Duration: 2.14s
2025-06-03 21:45:29,882 - INFO - Epoch 72 EVAL  Summary: Avg Loss: 2.2927, Avg Acc: 52.18%, Duration: 0.42s
2025-06-03 21:45:30,377 - INFO - Epoch 73/300 | Batch 0/24 | Loss: 2.3025 | Acc: 56.64% | LR: 8.64e-02
2025-06-03 21:45:31,999 - INFO - Epoch 73 TRAIN Summary: Avg Loss: 2.6883, Avg Acc: 44.85%, Duration: 2.12s
2025-06-03 21:45:32,428 - INFO - Epoch 73 EVAL  Summary: Avg Loss: 2.2377, Avg Acc: 54.08%, Duration: 0.43s
2025-06-03 21:45:32,960 - INFO - Epoch 74/300 | Batch 0/24 | Loss: 2.5331 | Acc: 48.83% | LR: 8.61e-02
2025-06-03 21:45:34,604 - INFO - Epoch 74 TRAIN Summary: Avg Loss: 2.7252, Avg Acc: 43.36%, Duration: 2.18s
2025-06-03 21:45:35,006 - INFO - Epoch 74 EVAL  Summary: Avg Loss: 2.2564, Avg Acc: 53.93%, Duration: 0.40s
2025-06-03 21:45:35,494 - INFO - Epoch 75/300 | Batch 0/24 | Loss: 2.5286 | Acc: 46.88% | LR: 8.57e-02
2025-06-03 21:45:37,033 - INFO - Epoch 75 TRAIN Summary: Avg Loss: 2.8126, Avg Acc: 42.59%, Duration: 2.03s
2025-06-03 21:45:37,451 - INFO - Epoch 75 EVAL  Summary: Avg Loss: 2.3606, Avg Acc: 50.92%, Duration: 0.42s
2025-06-03 21:45:37,939 - INFO - Epoch 76/300 | Batch 0/24 | Loss: 2.4902 | Acc: 53.12% | LR: 8.54e-02
2025-06-03 21:45:39,524 - INFO - Epoch 76 TRAIN Summary: Avg Loss: 2.7071, Avg Acc: 43.89%, Duration: 2.07s
2025-06-03 21:45:39,926 - INFO - Epoch 76 EVAL  Summary: Avg Loss: 2.4265, Avg Acc: 48.95%, Duration: 0.40s
2025-06-03 21:45:40,408 - INFO - Epoch 77/300 | Batch 0/24 | Loss: 2.6204 | Acc: 43.36% | LR: 8.50e-02
2025-06-03 21:45:42,016 - INFO - Epoch 77 TRAIN Summary: Avg Loss: 2.8365, Avg Acc: 40.99%, Duration: 2.09s
2025-06-03 21:45:42,434 - INFO - Epoch 77 EVAL  Summary: Avg Loss: 2.3036, Avg Acc: 52.22%, Duration: 0.42s
2025-06-03 21:45:42,940 - INFO - Epoch 78/300 | Batch 0/24 | Loss: 2.4189 | Acc: 52.34% | LR: 8.46e-02
2025-06-03 21:45:44,462 - INFO - Epoch 78 TRAIN Summary: Avg Loss: 2.7021, Avg Acc: 45.04%, Duration: 2.03s
2025-06-03 21:45:44,916 - INFO - Epoch 78 EVAL  Summary: Avg Loss: 2.3399, Avg Acc: 50.62%, Duration: 0.45s
2025-06-03 21:45:45,414 - INFO - Epoch 79/300 | Batch 0/24 | Loss: 2.5416 | Acc: 48.05% | LR: 8.42e-02
2025-06-03 21:45:47,048 - INFO - Epoch 79 TRAIN Summary: Avg Loss: 2.7747, Avg Acc: 43.81%, Duration: 2.13s
2025-06-03 21:45:47,450 - INFO - Epoch 79 EVAL  Summary: Avg Loss: 2.2285, Avg Acc: 54.78%, Duration: 0.40s
2025-06-03 21:45:47,479 - INFO - Epoch 79: 最佳模型已保存至 ./logs/ecanet20_fixed_k5/ECA_Net_Ablation_ECANet_20_Fixed_k_size_5/best_model.pth
2025-06-03 21:45:47,480 - INFO - Epoch 79: 新的最佳准确率: 54.78% (已保存至 best_model.pth)
2025-06-03 21:45:47,941 - INFO - Epoch 80/300 | Batch 0/24 | Loss: 2.5756 | Acc: 49.22% | LR: 8.38e-02
2025-06-03 21:45:49,455 - INFO - Epoch 80 TRAIN Summary: Avg Loss: 2.6507, Avg Acc: 45.33%, Duration: 1.97s
2025-06-03 21:45:49,914 - INFO - Epoch 80 EVAL  Summary: Avg Loss: 2.2329, Avg Acc: 54.22%, Duration: 0.46s
2025-06-03 21:45:49,943 - INFO - Epoch 80: 检查点已保存至 ./logs/ecanet20_fixed_k5/ECA_Net_Ablation_ECANet_20_Fixed_k_size_5/checkpoint_epoch_80.pth
2025-06-03 21:45:50,417 - INFO - Epoch 81/300 | Batch 0/24 | Loss: 2.8378 | Acc: 42.52% | LR: 8.35e-02
2025-06-03 21:45:52,020 - INFO - Epoch 81 TRAIN Summary: Avg Loss: 2.6277, Avg Acc: 45.72%, Duration: 2.08s
2025-06-03 21:45:52,475 - INFO - Epoch 81 EVAL  Summary: Avg Loss: 2.2194, Avg Acc: 55.02%, Duration: 0.45s
2025-06-03 21:45:52,508 - INFO - Epoch 81: 最佳模型已保存至 ./logs/ecanet20_fixed_k5/ECA_Net_Ablation_ECANet_20_Fixed_k_size_5/best_model.pth
2025-06-03 21:45:52,508 - INFO - Epoch 81: 新的最佳准确率: 55.02% (已保存至 best_model.pth)
2025-06-03 21:45:52,973 - INFO - Epoch 82/300 | Batch 0/24 | Loss: 2.4814 | Acc: 47.27% | LR: 8.31e-02
2025-06-03 21:45:54,623 - INFO - Epoch 82 TRAIN Summary: Avg Loss: 2.7214, Avg Acc: 44.65%, Duration: 2.11s
2025-06-03 21:45:55,059 - INFO - Epoch 82 EVAL  Summary: Avg Loss: 2.1976, Avg Acc: 55.77%, Duration: 0.43s
2025-06-03 21:45:55,095 - INFO - Epoch 82: 最佳模型已保存至 ./logs/ecanet20_fixed_k5/ECA_Net_Ablation_ECANet_20_Fixed_k_size_5/best_model.pth
2025-06-03 21:45:55,095 - INFO - Epoch 82: 新的最佳准确率: 55.77% (已保存至 best_model.pth)
2025-06-03 21:45:55,582 - INFO - Epoch 83/300 | Batch 0/24 | Loss: 2.5180 | Acc: 44.92% | LR: 8.27e-02
2025-06-03 21:45:57,142 - INFO - Epoch 83 TRAIN Summary: Avg Loss: 2.6972, Avg Acc: 43.33%, Duration: 2.05s
2025-06-03 21:45:57,566 - INFO - Epoch 83 EVAL  Summary: Avg Loss: 2.2005, Avg Acc: 55.42%, Duration: 0.42s
2025-06-03 21:45:58,062 - INFO - Epoch 84/300 | Batch 0/24 | Loss: 2.4686 | Acc: 48.44% | LR: 8.23e-02
2025-06-03 21:45:59,594 - INFO - Epoch 84 TRAIN Summary: Avg Loss: 2.6083, Avg Acc: 46.05%, Duration: 2.03s
2025-06-03 21:46:00,028 - INFO - Epoch 84 EVAL  Summary: Avg Loss: 2.2165, Avg Acc: 54.75%, Duration: 0.43s
2025-06-03 21:46:00,520 - INFO - Epoch 85/300 | Batch 0/24 | Loss: 3.8873 | Acc: 19.95% | LR: 8.19e-02
2025-06-03 21:46:02,119 - INFO - Epoch 85 TRAIN Summary: Avg Loss: 2.7657, Avg Acc: 43.23%, Duration: 2.09s
2025-06-03 21:46:02,531 - INFO - Epoch 85 EVAL  Summary: Avg Loss: 2.2949, Avg Acc: 52.86%, Duration: 0.41s
2025-06-03 21:46:03,024 - INFO - Epoch 86/300 | Batch 0/24 | Loss: 2.5824 | Acc: 47.26% | LR: 8.15e-02
2025-06-03 21:46:04,622 - INFO - Epoch 86 TRAIN Summary: Avg Loss: 2.5934, Avg Acc: 46.63%, Duration: 2.09s
2025-06-03 21:46:05,041 - INFO - Epoch 86 EVAL  Summary: Avg Loss: 2.2758, Avg Acc: 53.32%, Duration: 0.42s
2025-06-03 21:46:05,531 - INFO - Epoch 87/300 | Batch 0/24 | Loss: 2.5940 | Acc: 48.44% | LR: 8.11e-02
2025-06-03 21:46:07,053 - INFO - Epoch 87 TRAIN Summary: Avg Loss: 2.7530, Avg Acc: 43.35%, Duration: 2.01s
2025-06-03 21:46:07,500 - INFO - Epoch 87 EVAL  Summary: Avg Loss: 2.3365, Avg Acc: 51.66%, Duration: 0.44s
2025-06-03 21:46:07,993 - INFO - Epoch 88/300 | Batch 0/24 | Loss: 3.7428 | Acc: 24.23% | LR: 8.06e-02
2025-06-03 21:46:09,637 - INFO - Epoch 88 TRAIN Summary: Avg Loss: 2.6093, Avg Acc: 45.96%, Duration: 2.14s
2025-06-03 21:46:10,049 - INFO - Epoch 88 EVAL  Summary: Avg Loss: 2.2948, Avg Acc: 51.98%, Duration: 0.41s
2025-06-03 21:46:10,543 - INFO - Epoch 89/300 | Batch 0/24 | Loss: 2.5470 | Acc: 44.92% | LR: 8.02e-02
2025-06-03 21:46:12,252 - INFO - Epoch 89 TRAIN Summary: Avg Loss: 2.6218, Avg Acc: 45.91%, Duration: 2.20s
2025-06-03 21:46:12,665 - INFO - Epoch 89 EVAL  Summary: Avg Loss: 2.2176, Avg Acc: 54.90%, Duration: 0.41s
2025-06-03 21:46:13,163 - INFO - Epoch 90/300 | Batch 0/24 | Loss: 2.4676 | Acc: 49.22% | LR: 7.98e-02
2025-06-03 21:46:14,727 - INFO - Epoch 90 TRAIN Summary: Avg Loss: 2.5919, Avg Acc: 47.68%, Duration: 2.06s
2025-06-03 21:46:15,153 - INFO - Epoch 90 EVAL  Summary: Avg Loss: 2.2476, Avg Acc: 54.36%, Duration: 0.42s
2025-06-03 21:46:15,644 - INFO - Epoch 91/300 | Batch 0/24 | Loss: 2.3953 | Acc: 50.78% | LR: 7.94e-02
2025-06-03 21:46:17,217 - INFO - Epoch 91 TRAIN Summary: Avg Loss: 2.7621, Avg Acc: 44.01%, Duration: 2.06s
2025-06-03 21:46:17,678 - INFO - Epoch 91 EVAL  Summary: Avg Loss: 2.3001, Avg Acc: 52.90%, Duration: 0.46s
2025-06-03 21:46:18,171 - INFO - Epoch 92/300 | Batch 0/24 | Loss: 3.4191 | Acc: 33.59% | LR: 7.90e-02
2025-06-03 21:46:19,864 - INFO - Epoch 92 TRAIN Summary: Avg Loss: 2.8362, Avg Acc: 42.92%, Duration: 2.19s
2025-06-03 21:46:20,277 - INFO - Epoch 92 EVAL  Summary: Avg Loss: 2.2106, Avg Acc: 55.04%, Duration: 0.41s
2025-06-03 21:46:20,768 - INFO - Epoch 93/300 | Batch 0/24 | Loss: 2.3563 | Acc: 53.12% | LR: 7.85e-02
2025-06-03 21:46:22,437 - INFO - Epoch 93 TRAIN Summary: Avg Loss: 2.5901, Avg Acc: 46.62%, Duration: 2.16s
2025-06-03 21:46:22,870 - INFO - Epoch 93 EVAL  Summary: Avg Loss: 2.1555, Avg Acc: 57.26%, Duration: 0.43s
2025-06-03 21:46:22,899 - INFO - Epoch 93: 最佳模型已保存至 ./logs/ecanet20_fixed_k5/ECA_Net_Ablation_ECANet_20_Fixed_k_size_5/best_model.pth
2025-06-03 21:46:22,899 - INFO - Epoch 93: 新的最佳准确率: 57.26% (已保存至 best_model.pth)
2025-06-03 21:46:23,361 - INFO - Epoch 94/300 | Batch 0/24 | Loss: 3.3106 | Acc: 33.98% | LR: 7.81e-02
2025-06-03 21:46:25,015 - INFO - Epoch 94 TRAIN Summary: Avg Loss: 2.7904, Avg Acc: 43.53%, Duration: 2.12s
2025-06-03 21:46:25,440 - INFO - Epoch 94 EVAL  Summary: Avg Loss: 2.1517, Avg Acc: 56.46%, Duration: 0.42s
2025-06-03 21:46:25,934 - INFO - Epoch 95/300 | Batch 0/24 | Loss: 2.7849 | Acc: 45.22% | LR: 7.77e-02
2025-06-03 21:46:27,597 - INFO - Epoch 95 TRAIN Summary: Avg Loss: 2.7496, Avg Acc: 44.39%, Duration: 2.16s
2025-06-03 21:46:28,035 - INFO - Epoch 95 EVAL  Summary: Avg Loss: 2.1977, Avg Acc: 55.46%, Duration: 0.44s
2025-06-03 21:46:28,527 - INFO - Epoch 96/300 | Batch 0/24 | Loss: 2.5402 | Acc: 48.05% | LR: 7.72e-02
2025-06-03 21:46:30,160 - INFO - Epoch 96 TRAIN Summary: Avg Loss: 2.5356, Avg Acc: 48.89%, Duration: 2.12s
2025-06-03 21:46:30,594 - INFO - Epoch 96 EVAL  Summary: Avg Loss: 2.3081, Avg Acc: 52.75%, Duration: 0.43s
2025-06-03 21:46:31,084 - INFO - Epoch 97/300 | Batch 0/24 | Loss: 2.3718 | Acc: 53.52% | LR: 7.68e-02
2025-06-03 21:46:32,649 - INFO - Epoch 97 TRAIN Summary: Avg Loss: 2.6813, Avg Acc: 45.56%, Duration: 2.05s
2025-06-03 21:46:33,075 - INFO - Epoch 97 EVAL  Summary: Avg Loss: 2.1501, Avg Acc: 56.93%, Duration: 0.42s
2025-06-03 21:46:33,563 - INFO - Epoch 98/300 | Batch 0/24 | Loss: 2.5531 | Acc: 46.09% | LR: 7.63e-02
2025-06-03 21:46:35,273 - INFO - Epoch 98 TRAIN Summary: Avg Loss: 2.6378, Avg Acc: 45.39%, Duration: 2.20s
2025-06-03 21:46:35,699 - INFO - Epoch 98 EVAL  Summary: Avg Loss: 2.1218, Avg Acc: 57.36%, Duration: 0.42s
2025-06-03 21:46:35,729 - INFO - Epoch 98: 最佳模型已保存至 ./logs/ecanet20_fixed_k5/ECA_Net_Ablation_ECANet_20_Fixed_k_size_5/best_model.pth
2025-06-03 21:46:35,730 - INFO - Epoch 98: 新的最佳准确率: 57.36% (已保存至 best_model.pth)
2025-06-03 21:46:36,192 - INFO - Epoch 99/300 | Batch 0/24 | Loss: 2.3771 | Acc: 52.34% | LR: 7.59e-02
2025-06-03 21:46:37,893 - INFO - Epoch 99 TRAIN Summary: Avg Loss: 2.5974, Avg Acc: 47.13%, Duration: 2.16s
2025-06-03 21:46:38,286 - INFO - Epoch 99 EVAL  Summary: Avg Loss: 2.1610, Avg Acc: 56.42%, Duration: 0.39s
2025-06-03 21:46:38,773 - INFO - Epoch 100/300 | Batch 0/24 | Loss: 2.4304 | Acc: 49.19% | LR: 7.55e-02
2025-06-03 21:46:40,300 - INFO - Epoch 100 TRAIN Summary: Avg Loss: 2.6327, Avg Acc: 46.04%, Duration: 2.01s
2025-06-03 21:46:40,734 - INFO - Epoch 100 EVAL  Summary: Avg Loss: 2.2187, Avg Acc: 55.14%, Duration: 0.43s
2025-06-03 21:46:40,760 - INFO - Epoch 100: 检查点已保存至 ./logs/ecanet20_fixed_k5/ECA_Net_Ablation_ECANet_20_Fixed_k_size_5/checkpoint_epoch_100.pth
2025-06-03 21:46:41,227 - INFO - Epoch 101/300 | Batch 0/24 | Loss: 2.4088 | Acc: 50.00% | LR: 7.50e-02
2025-06-03 21:46:42,735 - INFO - Epoch 101 TRAIN Summary: Avg Loss: 2.6143, Avg Acc: 46.81%, Duration: 1.97s
2025-06-03 21:46:43,157 - INFO - Epoch 101 EVAL  Summary: Avg Loss: 2.2482, Avg Acc: 54.35%, Duration: 0.42s
2025-06-03 21:46:43,650 - INFO - Epoch 102/300 | Batch 0/24 | Loss: 2.4371 | Acc: 50.78% | LR: 7.45e-02
2025-06-03 21:46:45,220 - INFO - Epoch 102 TRAIN Summary: Avg Loss: 2.5466, Avg Acc: 47.33%, Duration: 2.06s
2025-06-03 21:46:45,637 - INFO - Epoch 102 EVAL  Summary: Avg Loss: 2.2385, Avg Acc: 54.35%, Duration: 0.42s
2025-06-03 21:46:46,139 - INFO - Epoch 103/300 | Batch 0/24 | Loss: 2.5219 | Acc: 46.09% | LR: 7.41e-02
2025-06-03 21:46:47,730 - INFO - Epoch 103 TRAIN Summary: Avg Loss: 2.6654, Avg Acc: 45.74%, Duration: 2.09s
2025-06-03 21:46:48,165 - INFO - Epoch 103 EVAL  Summary: Avg Loss: 2.1442, Avg Acc: 57.34%, Duration: 0.43s
2025-06-03 21:46:48,672 - INFO - Epoch 104/300 | Batch 0/24 | Loss: 2.4182 | Acc: 51.17% | LR: 7.36e-02
2025-06-03 21:46:50,391 - INFO - Epoch 104 TRAIN Summary: Avg Loss: 2.6504, Avg Acc: 45.77%, Duration: 2.22s
2025-06-03 21:46:50,813 - INFO - Epoch 104 EVAL  Summary: Avg Loss: 2.1756, Avg Acc: 56.06%, Duration: 0.42s
2025-06-03 21:46:51,309 - INFO - Epoch 105/300 | Batch 0/24 | Loss: 2.4245 | Acc: 47.66% | LR: 7.32e-02
2025-06-03 21:46:52,918 - INFO - Epoch 105 TRAIN Summary: Avg Loss: 2.7472, Avg Acc: 43.65%, Duration: 2.10s
2025-06-03 21:46:53,337 - INFO - Epoch 105 EVAL  Summary: Avg Loss: 2.2213, Avg Acc: 54.44%, Duration: 0.42s
2025-06-03 21:46:53,838 - INFO - Epoch 106/300 | Batch 0/24 | Loss: 2.4740 | Acc: 46.48% | LR: 7.27e-02
2025-06-03 21:46:55,412 - INFO - Epoch 106 TRAIN Summary: Avg Loss: 2.6611, Avg Acc: 45.58%, Duration: 2.07s
2025-06-03 21:46:55,837 - INFO - Epoch 106 EVAL  Summary: Avg Loss: 2.1806, Avg Acc: 56.34%, Duration: 0.42s
2025-06-03 21:46:56,336 - INFO - Epoch 107/300 | Batch 0/24 | Loss: 2.2635 | Acc: 54.69% | LR: 7.22e-02
2025-06-03 21:46:57,818 - INFO - Epoch 107 TRAIN Summary: Avg Loss: 2.7914, Avg Acc: 43.09%, Duration: 1.98s
2025-06-03 21:46:58,235 - INFO - Epoch 107 EVAL  Summary: Avg Loss: 2.3108, Avg Acc: 52.23%, Duration: 0.42s
2025-06-03 21:46:58,736 - INFO - Epoch 108/300 | Batch 0/24 | Loss: 2.3440 | Acc: 54.69% | LR: 7.18e-02
2025-06-03 21:47:00,435 - INFO - Epoch 108 TRAIN Summary: Avg Loss: 2.5332, Avg Acc: 48.34%, Duration: 2.20s
2025-06-03 21:47:00,878 - INFO - Epoch 108 EVAL  Summary: Avg Loss: 2.1475, Avg Acc: 56.55%, Duration: 0.44s
2025-06-03 21:47:01,363 - INFO - Epoch 109/300 | Batch 0/24 | Loss: 2.3809 | Acc: 54.69% | LR: 7.13e-02
2025-06-03 21:47:03,007 - INFO - Epoch 109 TRAIN Summary: Avg Loss: 2.8708, Avg Acc: 41.92%, Duration: 2.13s
2025-06-03 21:47:03,423 - INFO - Epoch 109 EVAL  Summary: Avg Loss: 2.1681, Avg Acc: 56.59%, Duration: 0.42s
2025-06-03 21:47:03,919 - INFO - Epoch 110/300 | Batch 0/24 | Loss: 2.4891 | Acc: 49.98% | LR: 7.08e-02
2025-06-03 21:47:05,427 - INFO - Epoch 110 TRAIN Summary: Avg Loss: 2.7634, Avg Acc: 44.07%, Duration: 2.00s
2025-06-03 21:47:05,859 - INFO - Epoch 110 EVAL  Summary: Avg Loss: 2.2436, Avg Acc: 53.92%, Duration: 0.43s
2025-06-03 21:47:06,355 - INFO - Epoch 111/300 | Batch 0/24 | Loss: 3.9772 | Acc: 18.93% | LR: 7.03e-02
2025-06-03 21:47:07,879 - INFO - Epoch 111 TRAIN Summary: Avg Loss: 2.7273, Avg Acc: 44.11%, Duration: 2.02s
2025-06-03 21:47:08,312 - INFO - Epoch 111 EVAL  Summary: Avg Loss: 2.1261, Avg Acc: 57.89%, Duration: 0.43s
2025-06-03 21:47:08,348 - INFO - Epoch 111: 最佳模型已保存至 ./logs/ecanet20_fixed_k5/ECA_Net_Ablation_ECANet_20_Fixed_k_size_5/best_model.pth
2025-06-03 21:47:08,349 - INFO - Epoch 111: 新的最佳准确率: 57.89% (已保存至 best_model.pth)
2025-06-03 21:47:08,790 - INFO - Epoch 112/300 | Batch 0/24 | Loss: 2.4266 | Acc: 44.14% | LR: 6.99e-02
2025-06-03 21:47:10,461 - INFO - Epoch 112 TRAIN Summary: Avg Loss: 2.7162, Avg Acc: 43.67%, Duration: 2.11s
2025-06-03 21:47:10,865 - INFO - Epoch 112 EVAL  Summary: Avg Loss: 2.1231, Avg Acc: 57.54%, Duration: 0.40s
2025-06-03 21:47:11,370 - INFO - Epoch 113/300 | Batch 0/24 | Loss: 2.5076 | Acc: 47.89% | LR: 6.94e-02
2025-06-03 21:47:13,031 - INFO - Epoch 113 TRAIN Summary: Avg Loss: 2.6571, Avg Acc: 45.86%, Duration: 2.17s
2025-06-03 21:47:13,470 - INFO - Epoch 113 EVAL  Summary: Avg Loss: 2.1802, Avg Acc: 56.16%, Duration: 0.44s
2025-06-03 21:47:13,968 - INFO - Epoch 114/300 | Batch 0/24 | Loss: 2.4715 | Acc: 48.25% | LR: 6.89e-02
2025-06-03 21:47:15,594 - INFO - Epoch 114 TRAIN Summary: Avg Loss: 2.8993, Avg Acc: 40.84%, Duration: 2.12s
2025-06-03 21:47:16,039 - INFO - Epoch 114 EVAL  Summary: Avg Loss: 2.1999, Avg Acc: 55.85%, Duration: 0.44s
2025-06-03 21:47:16,530 - INFO - Epoch 115/300 | Batch 0/24 | Loss: 2.4698 | Acc: 46.82% | LR: 6.84e-02
2025-06-03 21:47:18,035 - INFO - Epoch 115 TRAIN Summary: Avg Loss: 2.6505, Avg Acc: 45.89%, Duration: 2.00s
2025-06-03 21:47:18,482 - INFO - Epoch 115 EVAL  Summary: Avg Loss: 2.1384, Avg Acc: 57.08%, Duration: 0.45s
2025-06-03 21:47:18,986 - INFO - Epoch 116/300 | Batch 0/24 | Loss: 2.6967 | Acc: 46.66% | LR: 6.79e-02
2025-06-03 21:47:20,564 - INFO - Epoch 116 TRAIN Summary: Avg Loss: 2.6619, Avg Acc: 47.10%, Duration: 2.08s
2025-06-03 21:47:20,984 - INFO - Epoch 116 EVAL  Summary: Avg Loss: 2.1755, Avg Acc: 56.59%, Duration: 0.42s
2025-06-03 21:47:21,480 - INFO - Epoch 117/300 | Batch 0/24 | Loss: 2.4572 | Acc: 51.09% | LR: 6.74e-02
2025-06-03 21:47:23,032 - INFO - Epoch 117 TRAIN Summary: Avg Loss: 2.6240, Avg Acc: 47.22%, Duration: 2.05s
2025-06-03 21:47:23,473 - INFO - Epoch 117 EVAL  Summary: Avg Loss: 2.1048, Avg Acc: 58.29%, Duration: 0.44s
2025-06-03 21:47:23,502 - INFO - Epoch 117: 最佳模型已保存至 ./logs/ecanet20_fixed_k5/ECA_Net_Ablation_ECANet_20_Fixed_k_size_5/best_model.pth
2025-06-03 21:47:23,503 - INFO - Epoch 117: 新的最佳准确率: 58.29% (已保存至 best_model.pth)
2025-06-03 21:47:23,966 - INFO - Epoch 118/300 | Batch 0/24 | Loss: 2.5455 | Acc: 46.48% | LR: 6.69e-02
2025-06-03 21:47:25,620 - INFO - Epoch 118 TRAIN Summary: Avg Loss: 2.5826, Avg Acc: 47.17%, Duration: 2.12s
2025-06-03 21:47:26,047 - INFO - Epoch 118 EVAL  Summary: Avg Loss: 2.1169, Avg Acc: 58.40%, Duration: 0.43s
2025-06-03 21:47:26,076 - INFO - Epoch 118: 最佳模型已保存至 ./logs/ecanet20_fixed_k5/ECA_Net_Ablation_ECANet_20_Fixed_k_size_5/best_model.pth
2025-06-03 21:47:26,077 - INFO - Epoch 118: 新的最佳准确率: 58.40% (已保存至 best_model.pth)
2025-06-03 21:47:26,561 - INFO - Epoch 119/300 | Batch 0/24 | Loss: 2.7625 | Acc: 43.89% | LR: 6.64e-02
2025-06-03 21:47:28,126 - INFO - Epoch 119 TRAIN Summary: Avg Loss: 2.6595, Avg Acc: 46.00%, Duration: 2.05s
2025-06-03 21:47:28,522 - INFO - Epoch 119 EVAL  Summary: Avg Loss: 2.1639, Avg Acc: 56.93%, Duration: 0.39s
2025-06-03 21:47:29,025 - INFO - Epoch 120/300 | Batch 0/24 | Loss: 2.3690 | Acc: 54.19% | LR: 6.59e-02
2025-06-03 21:47:30,737 - INFO - Epoch 120 TRAIN Summary: Avg Loss: 2.5308, Avg Acc: 49.00%, Duration: 2.21s
2025-06-03 21:47:31,166 - INFO - Epoch 120 EVAL  Summary: Avg Loss: 2.1000, Avg Acc: 58.63%, Duration: 0.43s
2025-06-03 21:47:31,197 - INFO - Epoch 120: 最佳模型已保存至 ./logs/ecanet20_fixed_k5/ECA_Net_Ablation_ECANet_20_Fixed_k_size_5/best_model.pth
2025-06-03 21:47:31,198 - INFO - Epoch 120: 新的最佳准确率: 58.63% (已保存至 best_model.pth)
2025-06-03 21:47:31,227 - INFO - Epoch 120: 检查点已保存至 ./logs/ecanet20_fixed_k5/ECA_Net_Ablation_ECANet_20_Fixed_k_size_5/checkpoint_epoch_120.pth
2025-06-03 21:47:31,661 - INFO - Epoch 121/300 | Batch 0/24 | Loss: 2.2898 | Acc: 51.95% | LR: 6.55e-02
2025-06-03 21:47:33,319 - INFO - Epoch 121 TRAIN Summary: Avg Loss: 2.4611, Avg Acc: 49.62%, Duration: 2.09s
2025-06-03 21:47:33,738 - INFO - Epoch 121 EVAL  Summary: Avg Loss: 2.1294, Avg Acc: 58.05%, Duration: 0.42s
2025-06-03 21:47:34,223 - INFO - Epoch 122/300 | Batch 0/24 | Loss: 2.4991 | Acc: 50.08% | LR: 6.50e-02
2025-06-03 21:47:35,783 - INFO - Epoch 122 TRAIN Summary: Avg Loss: 2.5914, Avg Acc: 47.77%, Duration: 2.04s
2025-06-03 21:47:36,203 - INFO - Epoch 122 EVAL  Summary: Avg Loss: 2.1415, Avg Acc: 57.45%, Duration: 0.42s
2025-06-03 21:47:36,701 - INFO - Epoch 123/300 | Batch 0/24 | Loss: 2.3887 | Acc: 47.66% | LR: 6.45e-02
2025-06-03 21:47:38,367 - INFO - Epoch 123 TRAIN Summary: Avg Loss: 2.6829, Avg Acc: 45.71%, Duration: 2.16s
2025-06-03 21:47:38,786 - INFO - Epoch 123 EVAL  Summary: Avg Loss: 2.0969, Avg Acc: 58.56%, Duration: 0.42s
2025-06-03 21:47:39,284 - INFO - Epoch 124/300 | Batch 0/24 | Loss: 2.4902 | Acc: 46.09% | LR: 6.39e-02
2025-06-03 21:47:40,906 - INFO - Epoch 124 TRAIN Summary: Avg Loss: 2.5867, Avg Acc: 47.99%, Duration: 2.12s
2025-06-03 21:47:41,348 - INFO - Epoch 124 EVAL  Summary: Avg Loss: 2.1480, Avg Acc: 56.86%, Duration: 0.44s
2025-06-03 21:47:41,847 - INFO - Epoch 125/300 | Batch 0/24 | Loss: 2.4504 | Acc: 46.88% | LR: 6.34e-02
2025-06-03 21:47:43,492 - INFO - Epoch 125 TRAIN Summary: Avg Loss: 2.5615, Avg Acc: 48.32%, Duration: 2.14s
2025-06-03 21:47:43,927 - INFO - Epoch 125 EVAL  Summary: Avg Loss: 2.1566, Avg Acc: 56.82%, Duration: 0.43s
2025-06-03 21:47:44,448 - INFO - Epoch 126/300 | Batch 0/24 | Loss: 3.7122 | Acc: 27.84% | LR: 6.29e-02
2025-06-03 21:47:46,089 - INFO - Epoch 126 TRAIN Summary: Avg Loss: 2.5904, Avg Acc: 48.36%, Duration: 2.16s
2025-06-03 21:47:46,526 - INFO - Epoch 126 EVAL  Summary: Avg Loss: 2.0682, Avg Acc: 59.32%, Duration: 0.44s
2025-06-03 21:47:46,563 - INFO - Epoch 126: 最佳模型已保存至 ./logs/ecanet20_fixed_k5/ECA_Net_Ablation_ECANet_20_Fixed_k_size_5/best_model.pth
2025-06-03 21:47:46,563 - INFO - Epoch 126: 新的最佳准确率: 59.32% (已保存至 best_model.pth)
2025-06-03 21:47:47,054 - INFO - Epoch 127/300 | Batch 0/24 | Loss: 2.4782 | Acc: 50.26% | LR: 6.24e-02
2025-06-03 21:47:48,697 - INFO - Epoch 127 TRAIN Summary: Avg Loss: 2.7893, Avg Acc: 44.09%, Duration: 2.13s
2025-06-03 21:47:49,093 - INFO - Epoch 127 EVAL  Summary: Avg Loss: 2.1369, Avg Acc: 58.13%, Duration: 0.39s
2025-06-03 21:47:49,602 - INFO - Epoch 128/300 | Batch 0/24 | Loss: 2.3575 | Acc: 52.34% | LR: 6.19e-02
2025-06-03 21:47:51,165 - INFO - Epoch 128 TRAIN Summary: Avg Loss: 2.6350, Avg Acc: 46.61%, Duration: 2.07s
2025-06-03 21:47:51,576 - INFO - Epoch 128 EVAL  Summary: Avg Loss: 2.1177, Avg Acc: 58.48%, Duration: 0.41s
2025-06-03 21:47:52,070 - INFO - Epoch 129/300 | Batch 0/24 | Loss: 2.2987 | Acc: 55.08% | LR: 6.14e-02
2025-06-03 21:47:53,737 - INFO - Epoch 129 TRAIN Summary: Avg Loss: 2.7768, Avg Acc: 43.92%, Duration: 2.16s
2025-06-03 21:47:54,166 - INFO - Epoch 129 EVAL  Summary: Avg Loss: 2.1406, Avg Acc: 57.11%, Duration: 0.43s
2025-06-03 21:47:54,660 - INFO - Epoch 130/300 | Batch 0/24 | Loss: 2.4087 | Acc: 51.56% | LR: 6.09e-02
2025-06-03 21:47:56,372 - INFO - Epoch 130 TRAIN Summary: Avg Loss: 2.7074, Avg Acc: 45.51%, Duration: 2.20s
2025-06-03 21:47:56,797 - INFO - Epoch 130 EVAL  Summary: Avg Loss: 2.1552, Avg Acc: 56.96%, Duration: 0.42s
2025-06-03 21:47:57,284 - INFO - Epoch 131/300 | Batch 0/24 | Loss: 2.2703 | Acc: 52.73% | LR: 6.04e-02
2025-06-03 21:47:58,961 - INFO - Epoch 131 TRAIN Summary: Avg Loss: 2.6138, Avg Acc: 47.59%, Duration: 2.16s
2025-06-03 21:47:59,377 - INFO - Epoch 131 EVAL  Summary: Avg Loss: 2.1501, Avg Acc: 56.49%, Duration: 0.41s
2025-06-03 21:47:59,874 - INFO - Epoch 132/300 | Batch 0/24 | Loss: 2.4754 | Acc: 46.94% | LR: 5.99e-02
2025-06-03 21:48:01,533 - INFO - Epoch 132 TRAIN Summary: Avg Loss: 2.5137, Avg Acc: 48.75%, Duration: 2.16s
2025-06-03 21:48:01,969 - INFO - Epoch 132 EVAL  Summary: Avg Loss: 2.1228, Avg Acc: 57.34%, Duration: 0.44s
2025-06-03 21:48:02,466 - INFO - Epoch 133/300 | Batch 0/24 | Loss: 2.4151 | Acc: 50.00% | LR: 5.94e-02
2025-06-03 21:48:03,980 - INFO - Epoch 133 TRAIN Summary: Avg Loss: 2.5872, Avg Acc: 47.19%, Duration: 2.01s
2025-06-03 21:48:04,426 - INFO - Epoch 133 EVAL  Summary: Avg Loss: 2.1105, Avg Acc: 58.19%, Duration: 0.45s
2025-06-03 21:48:04,947 - INFO - Epoch 134/300 | Batch 0/24 | Loss: 2.5167 | Acc: 45.70% | LR: 5.89e-02
2025-06-03 21:48:06,469 - INFO - Epoch 134 TRAIN Summary: Avg Loss: 2.7235, Avg Acc: 44.82%, Duration: 2.04s
2025-06-03 21:48:06,888 - INFO - Epoch 134 EVAL  Summary: Avg Loss: 2.1386, Avg Acc: 57.11%, Duration: 0.42s
2025-06-03 21:48:07,374 - INFO - Epoch 135/300 | Batch 0/24 | Loss: 2.3111 | Acc: 55.47% | LR: 5.83e-02
2025-06-03 21:48:08,938 - INFO - Epoch 135 TRAIN Summary: Avg Loss: 2.8468, Avg Acc: 42.01%, Duration: 2.05s
2025-06-03 21:48:09,375 - INFO - Epoch 135 EVAL  Summary: Avg Loss: 2.0885, Avg Acc: 58.94%, Duration: 0.44s
2025-06-03 21:48:09,881 - INFO - Epoch 136/300 | Batch 0/24 | Loss: 2.3843 | Acc: 51.17% | LR: 5.78e-02
2025-06-03 21:48:11,518 - INFO - Epoch 136 TRAIN Summary: Avg Loss: 2.5243, Avg Acc: 48.84%, Duration: 2.14s
2025-06-03 21:48:11,977 - INFO - Epoch 136 EVAL  Summary: Avg Loss: 2.0899, Avg Acc: 58.14%, Duration: 0.46s
2025-06-03 21:48:12,475 - INFO - Epoch 137/300 | Batch 0/24 | Loss: 2.1008 | Acc: 61.33% | LR: 5.73e-02
2025-06-03 21:48:14,158 - INFO - Epoch 137 TRAIN Summary: Avg Loss: 2.5196, Avg Acc: 49.92%, Duration: 2.18s
2025-06-03 21:48:14,569 - INFO - Epoch 137 EVAL  Summary: Avg Loss: 2.1425, Avg Acc: 57.36%, Duration: 0.41s
2025-06-03 21:48:15,061 - INFO - Epoch 138/300 | Batch 0/24 | Loss: 2.3221 | Acc: 50.78% | LR: 5.68e-02
2025-06-03 21:48:16,691 - INFO - Epoch 138 TRAIN Summary: Avg Loss: 2.5634, Avg Acc: 48.44%, Duration: 2.12s
2025-06-03 21:48:17,153 - INFO - Epoch 138 EVAL  Summary: Avg Loss: 2.1373, Avg Acc: 57.41%, Duration: 0.46s
2025-06-03 21:48:17,647 - INFO - Epoch 139/300 | Batch 0/24 | Loss: 2.2450 | Acc: 56.25% | LR: 5.63e-02
2025-06-03 21:48:19,246 - INFO - Epoch 139 TRAIN Summary: Avg Loss: 2.4974, Avg Acc: 49.36%, Duration: 2.09s
2025-06-03 21:48:19,681 - INFO - Epoch 139 EVAL  Summary: Avg Loss: 2.0715, Avg Acc: 59.33%, Duration: 0.43s
2025-06-03 21:48:19,719 - INFO - Epoch 139: 最佳模型已保存至 ./logs/ecanet20_fixed_k5/ECA_Net_Ablation_ECANet_20_Fixed_k_size_5/best_model.pth
2025-06-03 21:48:19,720 - INFO - Epoch 139: 新的最佳准确率: 59.33% (已保存至 best_model.pth)
2025-06-03 21:48:20,169 - INFO - Epoch 140/300 | Batch 0/24 | Loss: 2.3775 | Acc: 51.56% | LR: 5.57e-02
2025-06-03 21:48:21,709 - INFO - Epoch 140 TRAIN Summary: Avg Loss: 2.4707, Avg Acc: 50.10%, Duration: 1.99s
2025-06-03 21:48:22,155 - INFO - Epoch 140 EVAL  Summary: Avg Loss: 2.0632, Avg Acc: 59.55%, Duration: 0.44s
2025-06-03 21:48:22,185 - INFO - Epoch 140: 最佳模型已保存至 ./logs/ecanet20_fixed_k5/ECA_Net_Ablation_ECANet_20_Fixed_k_size_5/best_model.pth
2025-06-03 21:48:22,185 - INFO - Epoch 140: 新的最佳准确率: 59.55% (已保存至 best_model.pth)
2025-06-03 21:48:22,214 - INFO - Epoch 140: 检查点已保存至 ./logs/ecanet20_fixed_k5/ECA_Net_Ablation_ECANet_20_Fixed_k_size_5/checkpoint_epoch_140.pth
2025-06-03 21:48:22,644 - INFO - Epoch 141/300 | Batch 0/24 | Loss: 2.3659 | Acc: 51.56% | LR: 5.52e-02
2025-06-03 21:48:24,222 - INFO - Epoch 141 TRAIN Summary: Avg Loss: 2.4376, Avg Acc: 51.18%, Duration: 2.01s
2025-06-03 21:48:24,650 - INFO - Epoch 141 EVAL  Summary: Avg Loss: 2.0998, Avg Acc: 58.71%, Duration: 0.43s
2025-06-03 21:48:25,143 - INFO - Epoch 142/300 | Batch 0/24 | Loss: 2.3700 | Acc: 53.08% | LR: 5.47e-02
2025-06-03 21:48:26,655 - INFO - Epoch 142 TRAIN Summary: Avg Loss: 2.4972, Avg Acc: 50.31%, Duration: 2.00s
2025-06-03 21:48:27,069 - INFO - Epoch 142 EVAL  Summary: Avg Loss: 2.2697, Avg Acc: 53.68%, Duration: 0.41s
2025-06-03 21:48:27,558 - INFO - Epoch 143/300 | Batch 0/24 | Loss: 2.3834 | Acc: 53.91% | LR: 5.42e-02
2025-06-03 21:48:29,101 - INFO - Epoch 143 TRAIN Summary: Avg Loss: 2.6316, Avg Acc: 47.78%, Duration: 2.03s
2025-06-03 21:48:29,525 - INFO - Epoch 143 EVAL  Summary: Avg Loss: 2.0879, Avg Acc: 58.26%, Duration: 0.42s
2025-06-03 21:48:30,029 - INFO - Epoch 144/300 | Batch 0/24 | Loss: 2.3750 | Acc: 51.94% | LR: 5.37e-02
2025-06-03 21:48:31,577 - INFO - Epoch 144 TRAIN Summary: Avg Loss: 2.6423, Avg Acc: 46.93%, Duration: 2.05s
2025-06-03 21:48:32,027 - INFO - Epoch 144 EVAL  Summary: Avg Loss: 2.1538, Avg Acc: 57.16%, Duration: 0.45s
2025-06-03 21:48:32,524 - INFO - Epoch 145/300 | Batch 0/24 | Loss: 2.5047 | Acc: 44.14% | LR: 5.31e-02
2025-06-03 21:48:34,260 - INFO - Epoch 145 TRAIN Summary: Avg Loss: 2.5062, Avg Acc: 49.20%, Duration: 2.23s
2025-06-03 21:48:34,676 - INFO - Epoch 145 EVAL  Summary: Avg Loss: 2.0542, Avg Acc: 59.56%, Duration: 0.41s
2025-06-03 21:48:34,719 - INFO - Epoch 145: 最佳模型已保存至 ./logs/ecanet20_fixed_k5/ECA_Net_Ablation_ECANet_20_Fixed_k_size_5/best_model.pth
2025-06-03 21:48:34,719 - INFO - Epoch 145: 新的最佳准确率: 59.56% (已保存至 best_model.pth)
2025-06-03 21:48:35,184 - INFO - Epoch 146/300 | Batch 0/24 | Loss: 2.3901 | Acc: 51.95% | LR: 5.26e-02
2025-06-03 21:48:36,760 - INFO - Epoch 146 TRAIN Summary: Avg Loss: 2.6590, Avg Acc: 47.35%, Duration: 2.04s
2025-06-03 21:48:37,188 - INFO - Epoch 146 EVAL  Summary: Avg Loss: 2.1223, Avg Acc: 57.78%, Duration: 0.43s
2025-06-03 21:48:37,686 - INFO - Epoch 147/300 | Batch 0/24 | Loss: 2.2566 | Acc: 58.20% | LR: 5.21e-02
2025-06-03 21:48:39,256 - INFO - Epoch 147 TRAIN Summary: Avg Loss: 2.6402, Avg Acc: 46.94%, Duration: 2.07s
2025-06-03 21:48:39,679 - INFO - Epoch 147 EVAL  Summary: Avg Loss: 2.1404, Avg Acc: 57.48%, Duration: 0.42s
2025-06-03 21:48:40,169 - INFO - Epoch 148/300 | Batch 0/24 | Loss: 4.0081 | Acc: 20.09% | LR: 5.16e-02
2025-06-03 21:48:41,852 - INFO - Epoch 148 TRAIN Summary: Avg Loss: 2.6571, Avg Acc: 46.92%, Duration: 2.17s
2025-06-03 21:48:42,287 - INFO - Epoch 148 EVAL  Summary: Avg Loss: 2.0696, Avg Acc: 59.15%, Duration: 0.43s
2025-06-03 21:48:42,789 - INFO - Epoch 149/300 | Batch 0/24 | Loss: 2.2729 | Acc: 52.34% | LR: 5.10e-02
2025-06-03 21:48:44,346 - INFO - Epoch 149 TRAIN Summary: Avg Loss: 2.7221, Avg Acc: 44.97%, Duration: 2.06s
2025-06-03 21:48:44,765 - INFO - Epoch 149 EVAL  Summary: Avg Loss: 2.0427, Avg Acc: 59.94%, Duration: 0.42s
2025-06-03 21:48:44,809 - INFO - Epoch 149: 最佳模型已保存至 ./logs/ecanet20_fixed_k5/ECA_Net_Ablation_ECANet_20_Fixed_k_size_5/best_model.pth
2025-06-03 21:48:44,809 - INFO - Epoch 149: 新的最佳准确率: 59.94% (已保存至 best_model.pth)
2025-06-03 21:48:45,287 - INFO - Epoch 150/300 | Batch 0/24 | Loss: 2.2336 | Acc: 54.30% | LR: 5.05e-02
2025-06-03 21:48:46,931 - INFO - Epoch 150 TRAIN Summary: Avg Loss: 2.7420, Avg Acc: 45.09%, Duration: 2.12s
2025-06-03 21:48:47,363 - INFO - Epoch 150 EVAL  Summary: Avg Loss: 2.0296, Avg Acc: 60.49%, Duration: 0.43s
2025-06-03 21:48:47,394 - INFO - Epoch 150: 最佳模型已保存至 ./logs/ecanet20_fixed_k5/ECA_Net_Ablation_ECANet_20_Fixed_k_size_5/best_model.pth
2025-06-03 21:48:47,395 - INFO - Epoch 150: 新的最佳准确率: 60.49% (已保存至 best_model.pth)
2025-06-03 21:48:47,890 - INFO - Epoch 151/300 | Batch 0/24 | Loss: 2.3417 | Acc: 54.69% | LR: 5.00e-02
2025-06-03 21:48:49,581 - INFO - Epoch 151 TRAIN Summary: Avg Loss: 2.6058, Avg Acc: 47.76%, Duration: 2.19s
2025-06-03 21:48:49,993 - INFO - Epoch 151 EVAL  Summary: Avg Loss: 2.0660, Avg Acc: 59.80%, Duration: 0.41s
2025-06-03 21:48:50,489 - INFO - Epoch 152/300 | Batch 0/24 | Loss: 3.8486 | Acc: 21.60% | LR: 4.95e-02
2025-06-03 21:48:52,182 - INFO - Epoch 152 TRAIN Summary: Avg Loss: 2.5540, Avg Acc: 49.08%, Duration: 2.19s
2025-06-03 21:48:52,619 - INFO - Epoch 152 EVAL  Summary: Avg Loss: 2.0405, Avg Acc: 60.72%, Duration: 0.44s
2025-06-03 21:48:52,650 - INFO - Epoch 152: 最佳模型已保存至 ./logs/ecanet20_fixed_k5/ECA_Net_Ablation_ECANet_20_Fixed_k_size_5/best_model.pth
2025-06-03 21:48:52,651 - INFO - Epoch 152: 新的最佳准确率: 60.72% (已保存至 best_model.pth)
2025-06-03 21:48:53,120 - INFO - Epoch 153/300 | Batch 0/24 | Loss: 2.3832 | Acc: 52.48% | LR: 4.90e-02
2025-06-03 21:48:54,717 - INFO - Epoch 153 TRAIN Summary: Avg Loss: 2.4031, Avg Acc: 51.89%, Duration: 2.07s
2025-06-03 21:48:55,145 - INFO - Epoch 153 EVAL  Summary: Avg Loss: 2.0500, Avg Acc: 59.52%, Duration: 0.43s
2025-06-03 21:48:55,647 - INFO - Epoch 154/300 | Batch 0/24 | Loss: 2.4041 | Acc: 51.17% | LR: 4.84e-02
2025-06-03 21:48:57,213 - INFO - Epoch 154 TRAIN Summary: Avg Loss: 2.5084, Avg Acc: 49.67%, Duration: 2.07s
2025-06-03 21:48:57,627 - INFO - Epoch 154 EVAL  Summary: Avg Loss: 2.1174, Avg Acc: 58.06%, Duration: 0.41s
2025-06-03 21:48:58,133 - INFO - Epoch 155/300 | Batch 0/24 | Loss: 2.2657 | Acc: 57.81% | LR: 4.79e-02
2025-06-03 21:48:59,735 - INFO - Epoch 155 TRAIN Summary: Avg Loss: 2.4438, Avg Acc: 50.91%, Duration: 2.11s
2025-06-03 21:49:00,186 - INFO - Epoch 155 EVAL  Summary: Avg Loss: 2.0384, Avg Acc: 60.46%, Duration: 0.45s
2025-06-03 21:49:00,685 - INFO - Epoch 156/300 | Batch 0/24 | Loss: 2.3813 | Acc: 50.39% | LR: 4.74e-02
2025-06-03 21:49:02,267 - INFO - Epoch 156 TRAIN Summary: Avg Loss: 2.5315, Avg Acc: 49.72%, Duration: 2.08s
2025-06-03 21:49:02,721 - INFO - Epoch 156 EVAL  Summary: Avg Loss: 2.0335, Avg Acc: 60.42%, Duration: 0.45s
