2025-06-03 01:38:46,762 - INFO - ==================================================
2025-06-03 01:38:46,763 - INFO - CIFAR-100 训练开始
2025-06-03 01:38:46,763 - INFO - ==================================================
2025-06-03 01:38:46,763 - INFO - 所有输出将保存到: ./logs/ecanet20_fixed_k3/20250603-013846
2025-06-03 01:38:46,764 - INFO - PyTorch版本: 2.7.0+cu126
2025-06-03 01:38:46,764 - INFO - CUDA版本: 12.6
2025-06-03 01:38:46,764 - INFO - 可用GPU数量: 8
2025-06-03 01:38:46,764 - INFO - 当前设备: 0
2025-06-03 01:38:46,765 - INFO - GPU内存: 15.8 GB
2025-06-03 01:38:46,765 - INFO - TrainingArguments: {
  "output_dir": "./logs",
  "overwrite_output_dir": false,
  "num_train_epochs": 300,
  "per_device_train_batch_size": 256,
  "per_device_eval_batch_size": 512,
  "learning_rate": 0.1,
  "weight_decay": 0.0005,
  "adam_epsilon": 1e-08,
  "max_grad_norm": 1.0,
  "warmup_epochs": 0,
  "lr_scheduler_type": "cosine_annealing",
  "logging_steps": 50,
  "eval_strategy": "epoch",
  "save_strategy": "epoch",
  "save_steps": 20,
  "dataloader_num_workers": 4,
  "dataloader_pin_memory": true,
  "dataloader_drop_last": true,
  "label_smoothing_factor": 0.1,
  "use_mixup": true,
  "mixup_alpha": 0.2,
  "optimizer_type": "sgd",
  "use_imagenet_norm": false,
  "model_constructor_params": {
    "k_size": 3
  },
  "resume_from_checkpoint": null,
  "model_name_for_log": "ecanet20_fixed_k3",
  "run_name": null,
  "checkpoint_filename_best": "best_model.pth",
  "checkpoint_filename_epoch": "checkpoint_epoch_{epoch}.pth",
  "evaluation_filename": "evaluation_summary.json",
  "plot_filename": "training_curves.png"
}
2025-06-03 01:38:46,765 - INFO - 分布式训练: True, Rank: 0, World Size: 8
2025-06-03 01:38:46,765 - INFO - 使用设备: cuda:0
2025-06-03 01:38:46,785 - INFO - ***** 开始训练 *****
2025-06-03 01:38:46,785 - INFO -   训练模型: ecanet20_fixed_k3, 运行: 20250603-013846
2025-06-03 01:38:46,785 - INFO -   训练样本数 = 50000, 每轮步骤数 = 24
2025-06-03 01:38:46,785 - INFO -   总轮数 = 300
2025-06-03 01:38:46,785 - INFO -   每设备批次大小 = 256
2025-06-03 01:38:46,785 - INFO -   总批次大小 (所有GPU) = 2048
2025-06-03 01:38:46,785 - INFO -   初始学习率 = 1.00e-01
2025-06-03 01:38:48,318 - INFO - Epoch 1/300 | Batch 0/24 | Loss: 4.7330 | Acc: 0.78% | LR: 1.00e-01
2025-06-03 01:38:49,661 - INFO - Epoch 1 TRAIN Summary: Avg Loss: 4.5391, Avg Acc: 2.97%, Duration: 2.87s
2025-06-03 01:38:50,123 - INFO - Epoch 1 EVAL  Summary: Avg Loss: 4.4337, Avg Acc: 4.17%, Duration: 0.46s
2025-06-03 01:38:50,159 - INFO - Epoch 1: 最佳模型已保存至 ./logs/ecanet20_fixed_k3/20250603-013846/best_model.pth
2025-06-03 01:38:50,159 - INFO - Epoch 1: 新的最佳准确率: 4.17% (已保存至 best_model.pth)
2025-06-03 01:38:50,626 - INFO - Epoch 2/300 | Batch 0/24 | Loss: 4.5050 | Acc: 2.85% | LR: 1.00e-01
2025-06-03 01:38:52,149 - INFO - Epoch 2 TRAIN Summary: Avg Loss: 4.3628, Avg Acc: 4.80%, Duration: 1.99s
2025-06-03 01:38:52,544 - INFO - Epoch 2 EVAL  Summary: Avg Loss: 4.1937, Avg Acc: 7.14%, Duration: 0.39s
2025-06-03 01:38:52,575 - INFO - Epoch 2: 最佳模型已保存至 ./logs/ecanet20_fixed_k3/20250603-013846/best_model.pth
2025-06-03 01:38:52,575 - INFO - Epoch 2: 新的最佳准确率: 7.14% (已保存至 best_model.pth)
2025-06-03 01:38:53,041 - INFO - Epoch 3/300 | Batch 0/24 | Loss: 4.2411 | Acc: 8.91% | LR: 1.00e-01
2025-06-03 01:38:54,641 - INFO - Epoch 3 TRAIN Summary: Avg Loss: 4.2186, Avg Acc: 7.14%, Duration: 2.06s
2025-06-03 01:38:55,045 - INFO - Epoch 3 EVAL  Summary: Avg Loss: 4.0336, Avg Acc: 9.61%, Duration: 0.40s
2025-06-03 01:38:55,074 - INFO - Epoch 3: 最佳模型已保存至 ./logs/ecanet20_fixed_k3/20250603-013846/best_model.pth
2025-06-03 01:38:55,074 - INFO - Epoch 3: 新的最佳准确率: 9.61% (已保存至 best_model.pth)
2025-06-03 01:38:55,525 - INFO - Epoch 4/300 | Batch 0/24 | Loss: 4.1598 | Acc: 5.08% | LR: 1.00e-01
2025-06-03 01:38:57,215 - INFO - Epoch 4 TRAIN Summary: Avg Loss: 4.1311, Avg Acc: 8.71%, Duration: 2.14s
2025-06-03 01:38:57,624 - INFO - Epoch 4 EVAL  Summary: Avg Loss: 3.9059, Avg Acc: 11.89%, Duration: 0.41s
2025-06-03 01:38:57,655 - INFO - Epoch 4: 最佳模型已保存至 ./logs/ecanet20_fixed_k3/20250603-013846/best_model.pth
2025-06-03 01:38:57,656 - INFO - Epoch 4: 新的最佳准确率: 11.89% (已保存至 best_model.pth)
2025-06-03 01:38:58,130 - INFO - Epoch 5/300 | Batch 0/24 | Loss: 4.0356 | Acc: 8.20% | LR: 1.00e-01
2025-06-03 01:38:59,689 - INFO - Epoch 5 TRAIN Summary: Avg Loss: 4.0732, Avg Acc: 10.07%, Duration: 2.03s
2025-06-03 01:39:00,101 - INFO - Epoch 5 EVAL  Summary: Avg Loss: 3.8050, Avg Acc: 14.56%, Duration: 0.41s
2025-06-03 01:39:00,131 - INFO - Epoch 5: 最佳模型已保存至 ./logs/ecanet20_fixed_k3/20250603-013846/best_model.pth
2025-06-03 01:39:00,131 - INFO - Epoch 5: 新的最佳准确率: 14.56% (已保存至 best_model.pth)
2025-06-03 01:39:00,610 - INFO - Epoch 6/300 | Batch 0/24 | Loss: 4.1199 | Acc: 8.59% | LR: 9.99e-02
2025-06-03 01:39:02,352 - INFO - Epoch 6 TRAIN Summary: Avg Loss: 4.0064, Avg Acc: 11.55%, Duration: 2.22s
2025-06-03 01:39:02,781 - INFO - Epoch 6 EVAL  Summary: Avg Loss: 3.8587, Avg Acc: 13.15%, Duration: 0.43s
2025-06-03 01:39:03,300 - INFO - Epoch 7/300 | Batch 0/24 | Loss: 3.9513 | Acc: 12.50% | LR: 9.99e-02
2025-06-03 01:39:05,034 - INFO - Epoch 7 TRAIN Summary: Avg Loss: 3.9347, Avg Acc: 13.10%, Duration: 2.25s
2025-06-03 01:39:05,426 - INFO - Epoch 7 EVAL  Summary: Avg Loss: 3.8321, Avg Acc: 14.29%, Duration: 0.39s
2025-06-03 01:39:05,944 - INFO - Epoch 8/300 | Batch 0/24 | Loss: 3.9296 | Acc: 13.96% | LR: 9.99e-02
2025-06-03 01:39:07,523 - INFO - Epoch 8 TRAIN Summary: Avg Loss: 3.9316, Avg Acc: 13.08%, Duration: 2.10s
2025-06-03 01:39:07,957 - INFO - Epoch 8 EVAL  Summary: Avg Loss: 3.6038, Avg Acc: 18.39%, Duration: 0.43s
2025-06-03 01:39:07,988 - INFO - Epoch 8: 最佳模型已保存至 ./logs/ecanet20_fixed_k3/20250603-013846/best_model.pth
2025-06-03 01:39:07,988 - INFO - Epoch 8: 新的最佳准确率: 18.39% (已保存至 best_model.pth)
2025-06-03 01:39:08,467 - INFO - Epoch 9/300 | Batch 0/24 | Loss: 3.7742 | Acc: 12.50% | LR: 9.98e-02
2025-06-03 01:39:10,044 - INFO - Epoch 9 TRAIN Summary: Avg Loss: 3.8221, Avg Acc: 15.38%, Duration: 2.06s
2025-06-03 01:39:10,527 - INFO - Epoch 9 EVAL  Summary: Avg Loss: 3.7212, Avg Acc: 17.27%, Duration: 0.48s
2025-06-03 01:39:11,048 - INFO - Epoch 10/300 | Batch 0/24 | Loss: 3.7903 | Acc: 16.41% | LR: 9.98e-02
2025-06-03 01:39:12,537 - INFO - Epoch 10 TRAIN Summary: Avg Loss: 3.7577, Avg Acc: 16.46%, Duration: 2.01s
2025-06-03 01:39:12,972 - INFO - Epoch 10 EVAL  Summary: Avg Loss: 3.4462, Avg Acc: 21.89%, Duration: 0.43s
2025-06-03 01:39:13,010 - INFO - Epoch 10: 最佳模型已保存至 ./logs/ecanet20_fixed_k3/20250603-013846/best_model.pth
2025-06-03 01:39:13,010 - INFO - Epoch 10: 新的最佳准确率: 21.89% (已保存至 best_model.pth)
2025-06-03 01:39:13,530 - INFO - Epoch 11/300 | Batch 0/24 | Loss: 3.6602 | Acc: 21.48% | LR: 9.97e-02
2025-06-03 01:39:15,006 - INFO - Epoch 11 TRAIN Summary: Avg Loss: 3.7233, Avg Acc: 17.57%, Duration: 2.00s
2025-06-03 01:39:15,469 - INFO - Epoch 11 EVAL  Summary: Avg Loss: 3.5283, Avg Acc: 19.54%, Duration: 0.46s
2025-06-03 01:39:16,000 - INFO - Epoch 12/300 | Batch 0/24 | Loss: 3.5884 | Acc: 18.36% | LR: 9.97e-02
2025-06-03 01:39:17,715 - INFO - Epoch 12 TRAIN Summary: Avg Loss: 3.6919, Avg Acc: 18.17%, Duration: 2.24s
2025-06-03 01:39:18,184 - INFO - Epoch 12 EVAL  Summary: Avg Loss: 3.3626, Avg Acc: 23.75%, Duration: 0.47s
2025-06-03 01:39:18,225 - INFO - Epoch 12: 最佳模型已保存至 ./logs/ecanet20_fixed_k3/20250603-013846/best_model.pth
2025-06-03 01:39:18,225 - INFO - Epoch 12: 新的最佳准确率: 23.75% (已保存至 best_model.pth)
2025-06-03 01:39:18,688 - INFO - Epoch 13/300 | Batch 0/24 | Loss: 3.6459 | Acc: 19.14% | LR: 9.96e-02
2025-06-03 01:39:20,308 - INFO - Epoch 13 TRAIN Summary: Avg Loss: 3.5707, Avg Acc: 20.54%, Duration: 2.08s
2025-06-03 01:39:20,740 - INFO - Epoch 13 EVAL  Summary: Avg Loss: 3.2904, Avg Acc: 25.64%, Duration: 0.43s
2025-06-03 01:39:20,769 - INFO - Epoch 13: 最佳模型已保存至 ./logs/ecanet20_fixed_k3/20250603-013846/best_model.pth
2025-06-03 01:39:20,770 - INFO - Epoch 13: 新的最佳准确率: 25.64% (已保存至 best_model.pth)
2025-06-03 01:39:21,260 - INFO - Epoch 14/300 | Batch 0/24 | Loss: 3.5255 | Acc: 20.70% | LR: 9.95e-02
2025-06-03 01:39:22,862 - INFO - Epoch 14 TRAIN Summary: Avg Loss: 3.5477, Avg Acc: 20.68%, Duration: 2.09s
2025-06-03 01:39:23,316 - INFO - Epoch 14 EVAL  Summary: Avg Loss: 3.3243, Avg Acc: 24.39%, Duration: 0.45s
2025-06-03 01:39:23,826 - INFO - Epoch 15/300 | Batch 0/24 | Loss: 3.5580 | Acc: 17.58% | LR: 9.95e-02
2025-06-03 01:39:25,484 - INFO - Epoch 15 TRAIN Summary: Avg Loss: 3.5454, Avg Acc: 20.56%, Duration: 2.17s
2025-06-03 01:39:25,929 - INFO - Epoch 15 EVAL  Summary: Avg Loss: 3.1561, Avg Acc: 27.97%, Duration: 0.44s
2025-06-03 01:39:25,966 - INFO - Epoch 15: 最佳模型已保存至 ./logs/ecanet20_fixed_k3/20250603-013846/best_model.pth
2025-06-03 01:39:25,966 - INFO - Epoch 15: 新的最佳准确率: 27.97% (已保存至 best_model.pth)
2025-06-03 01:39:26,427 - INFO - Epoch 16/300 | Batch 0/24 | Loss: 3.4127 | Acc: 24.22% | LR: 9.94e-02
2025-06-03 01:39:28,020 - INFO - Epoch 16 TRAIN Summary: Avg Loss: 3.4464, Avg Acc: 23.39%, Duration: 2.05s
2025-06-03 01:39:28,453 - INFO - Epoch 16 EVAL  Summary: Avg Loss: 3.3394, Avg Acc: 24.88%, Duration: 0.43s
2025-06-03 01:39:28,960 - INFO - Epoch 17/300 | Batch 0/24 | Loss: 3.4647 | Acc: 21.88% | LR: 9.93e-02
2025-06-03 01:39:30,534 - INFO - Epoch 17 TRAIN Summary: Avg Loss: 3.4119, Avg Acc: 24.17%, Duration: 2.08s
2025-06-03 01:39:30,946 - INFO - Epoch 17 EVAL  Summary: Avg Loss: 3.1322, Avg Acc: 29.44%, Duration: 0.41s
2025-06-03 01:39:30,978 - INFO - Epoch 17: 最佳模型已保存至 ./logs/ecanet20_fixed_k3/20250603-013846/best_model.pth
2025-06-03 01:39:30,979 - INFO - Epoch 17: 新的最佳准确率: 29.44% (已保存至 best_model.pth)
2025-06-03 01:39:31,501 - INFO - Epoch 18/300 | Batch 0/24 | Loss: 3.3819 | Acc: 25.78% | LR: 9.92e-02
2025-06-03 01:39:32,976 - INFO - Epoch 18 TRAIN Summary: Avg Loss: 3.4689, Avg Acc: 23.13%, Duration: 2.00s
2025-06-03 01:39:33,406 - INFO - Epoch 18 EVAL  Summary: Avg Loss: 3.0386, Avg Acc: 31.31%, Duration: 0.43s
2025-06-03 01:39:33,435 - INFO - Epoch 18: 最佳模型已保存至 ./logs/ecanet20_fixed_k3/20250603-013846/best_model.pth
2025-06-03 01:39:33,436 - INFO - Epoch 18: 新的最佳准确率: 31.31% (已保存至 best_model.pth)
2025-06-03 01:39:33,922 - INFO - Epoch 19/300 | Batch 0/24 | Loss: 3.4385 | Acc: 23.81% | LR: 9.91e-02
2025-06-03 01:39:35,628 - INFO - Epoch 19 TRAIN Summary: Avg Loss: 3.3711, Avg Acc: 25.80%, Duration: 2.19s
2025-06-03 01:39:36,061 - INFO - Epoch 19 EVAL  Summary: Avg Loss: 3.2486, Avg Acc: 27.86%, Duration: 0.43s
2025-06-03 01:39:36,582 - INFO - Epoch 20/300 | Batch 0/24 | Loss: 3.1704 | Acc: 30.08% | LR: 9.90e-02
2025-06-03 01:39:38,173 - INFO - Epoch 20 TRAIN Summary: Avg Loss: 3.4077, Avg Acc: 25.15%, Duration: 2.11s
2025-06-03 01:39:38,590 - INFO - Epoch 20 EVAL  Summary: Avg Loss: 2.9901, Avg Acc: 33.42%, Duration: 0.41s
2025-06-03 01:39:38,622 - INFO - Epoch 20: 最佳模型已保存至 ./logs/ecanet20_fixed_k3/20250603-013846/best_model.pth
2025-06-03 01:39:38,622 - INFO - Epoch 20: 新的最佳准确率: 33.42% (已保存至 best_model.pth)
2025-06-03 01:39:38,651 - INFO - Epoch 20: 检查点已保存至 ./logs/ecanet20_fixed_k3/20250603-013846/checkpoint_epoch_20.pth
2025-06-03 01:39:39,134 - INFO - Epoch 21/300 | Batch 0/24 | Loss: 3.4248 | Acc: 24.25% | LR: 9.89e-02
2025-06-03 01:39:40,748 - INFO - Epoch 21 TRAIN Summary: Avg Loss: 3.2943, Avg Acc: 27.04%, Duration: 2.10s
2025-06-03 01:39:41,185 - INFO - Epoch 21 EVAL  Summary: Avg Loss: 3.0264, Avg Acc: 32.74%, Duration: 0.43s
2025-06-03 01:39:41,695 - INFO - Epoch 22/300 | Batch 0/24 | Loss: 3.3971 | Acc: 24.22% | LR: 9.88e-02
2025-06-03 01:39:43,218 - INFO - Epoch 22 TRAIN Summary: Avg Loss: 3.3415, Avg Acc: 26.71%, Duration: 2.03s
2025-06-03 01:39:43,655 - INFO - Epoch 22 EVAL  Summary: Avg Loss: 3.4358, Avg Acc: 24.90%, Duration: 0.44s
2025-06-03 01:39:44,181 - INFO - Epoch 23/300 | Batch 0/24 | Loss: 3.2301 | Acc: 28.12% | LR: 9.87e-02
2025-06-03 01:39:45,844 - INFO - Epoch 23 TRAIN Summary: Avg Loss: 3.2645, Avg Acc: 27.84%, Duration: 2.19s
2025-06-03 01:39:46,277 - INFO - Epoch 23 EVAL  Summary: Avg Loss: 2.9055, Avg Acc: 35.12%, Duration: 0.43s
2025-06-03 01:39:46,307 - INFO - Epoch 23: 最佳模型已保存至 ./logs/ecanet20_fixed_k3/20250603-013846/best_model.pth
2025-06-03 01:39:46,307 - INFO - Epoch 23: 新的最佳准确率: 35.12% (已保存至 best_model.pth)
2025-06-03 01:39:46,795 - INFO - Epoch 24/300 | Batch 0/24 | Loss: 3.1698 | Acc: 26.95% | LR: 9.86e-02
2025-06-03 01:39:48,345 - INFO - Epoch 24 TRAIN Summary: Avg Loss: 3.2610, Avg Acc: 28.62%, Duration: 2.04s
2025-06-03 01:39:48,768 - INFO - Epoch 24 EVAL  Summary: Avg Loss: 2.8267, Avg Acc: 36.24%, Duration: 0.42s
2025-06-03 01:39:48,799 - INFO - Epoch 24: 最佳模型已保存至 ./logs/ecanet20_fixed_k3/20250603-013846/best_model.pth
2025-06-03 01:39:48,799 - INFO - Epoch 24: 新的最佳准确率: 36.24% (已保存至 best_model.pth)
2025-06-03 01:39:49,272 - INFO - Epoch 25/300 | Batch 0/24 | Loss: 3.6548 | Acc: 23.28% | LR: 9.84e-02
2025-06-03 01:39:50,833 - INFO - Epoch 25 TRAIN Summary: Avg Loss: 3.3044, Avg Acc: 28.64%, Duration: 2.03s
2025-06-03 01:39:51,299 - INFO - Epoch 25 EVAL  Summary: Avg Loss: 2.8684, Avg Acc: 36.25%, Duration: 0.46s
2025-06-03 01:39:51,336 - INFO - Epoch 25: 最佳模型已保存至 ./logs/ecanet20_fixed_k3/20250603-013846/best_model.pth
2025-06-03 01:39:51,336 - INFO - Epoch 25: 新的最佳准确率: 36.25% (已保存至 best_model.pth)
2025-06-03 01:39:51,815 - INFO - Epoch 26/300 | Batch 0/24 | Loss: 3.1654 | Acc: 30.08% | LR: 9.83e-02
2025-06-03 01:39:53,458 - INFO - Epoch 26 TRAIN Summary: Avg Loss: 3.2022, Avg Acc: 29.93%, Duration: 2.12s
2025-06-03 01:39:53,922 - INFO - Epoch 26 EVAL  Summary: Avg Loss: 2.8086, Avg Acc: 37.70%, Duration: 0.46s
2025-06-03 01:39:53,956 - INFO - Epoch 26: 最佳模型已保存至 ./logs/ecanet20_fixed_k3/20250603-013846/best_model.pth
2025-06-03 01:39:53,956 - INFO - Epoch 26: 新的最佳准确率: 37.70% (已保存至 best_model.pth)
2025-06-03 01:39:54,463 - INFO - Epoch 27/300 | Batch 0/24 | Loss: 3.4805 | Acc: 26.87% | LR: 9.82e-02
2025-06-03 01:39:56,046 - INFO - Epoch 27 TRAIN Summary: Avg Loss: 3.1827, Avg Acc: 30.79%, Duration: 2.09s
2025-06-03 01:39:56,496 - INFO - Epoch 27 EVAL  Summary: Avg Loss: 2.9073, Avg Acc: 34.94%, Duration: 0.45s
2025-06-03 01:39:56,991 - INFO - Epoch 28/300 | Batch 0/24 | Loss: 3.0561 | Acc: 30.47% | LR: 9.80e-02
2025-06-03 01:39:58,558 - INFO - Epoch 28 TRAIN Summary: Avg Loss: 3.1216, Avg Acc: 32.25%, Duration: 2.06s
2025-06-03 01:39:59,012 - INFO - Epoch 28 EVAL  Summary: Avg Loss: 2.7606, Avg Acc: 39.27%, Duration: 0.45s
2025-06-03 01:39:59,046 - INFO - Epoch 28: 最佳模型已保存至 ./logs/ecanet20_fixed_k3/20250603-013846/best_model.pth
2025-06-03 01:39:59,046 - INFO - Epoch 28: 新的最佳准确率: 39.27% (已保存至 best_model.pth)
2025-06-03 01:39:59,538 - INFO - Epoch 29/300 | Batch 0/24 | Loss: 3.1111 | Acc: 32.42% | LR: 9.79e-02
2025-06-03 01:40:01,241 - INFO - Epoch 29 TRAIN Summary: Avg Loss: 3.2466, Avg Acc: 30.12%, Duration: 2.19s
2025-06-03 01:40:01,700 - INFO - Epoch 29 EVAL  Summary: Avg Loss: 2.7233, Avg Acc: 40.04%, Duration: 0.46s
2025-06-03 01:40:01,728 - INFO - Epoch 29: 最佳模型已保存至 ./logs/ecanet20_fixed_k3/20250603-013846/best_model.pth
2025-06-03 01:40:01,728 - INFO - Epoch 29: 新的最佳准确率: 40.04% (已保存至 best_model.pth)
2025-06-03 01:40:02,221 - INFO - Epoch 30/300 | Batch 0/24 | Loss: 2.8766 | Acc: 37.11% | LR: 9.77e-02
2025-06-03 01:40:03,932 - INFO - Epoch 30 TRAIN Summary: Avg Loss: 3.2650, Avg Acc: 29.93%, Duration: 2.20s
2025-06-03 01:40:04,374 - INFO - Epoch 30 EVAL  Summary: Avg Loss: 2.7049, Avg Acc: 40.66%, Duration: 0.44s
2025-06-03 01:40:04,405 - INFO - Epoch 30: 最佳模型已保存至 ./logs/ecanet20_fixed_k3/20250603-013846/best_model.pth
2025-06-03 01:40:04,406 - INFO - Epoch 30: 新的最佳准确率: 40.66% (已保存至 best_model.pth)
2025-06-03 01:40:04,905 - INFO - Epoch 31/300 | Batch 0/24 | Loss: 2.9490 | Acc: 38.25% | LR: 9.76e-02
2025-06-03 01:40:06,592 - INFO - Epoch 31 TRAIN Summary: Avg Loss: 3.0752, Avg Acc: 34.10%, Duration: 2.19s
2025-06-03 01:40:07,039 - INFO - Epoch 31 EVAL  Summary: Avg Loss: 2.5988, Avg Acc: 44.08%, Duration: 0.45s
2025-06-03 01:40:07,070 - INFO - Epoch 31: 最佳模型已保存至 ./logs/ecanet20_fixed_k3/20250603-013846/best_model.pth
2025-06-03 01:40:07,070 - INFO - Epoch 31: 新的最佳准确率: 44.08% (已保存至 best_model.pth)
2025-06-03 01:40:07,550 - INFO - Epoch 32/300 | Batch 0/24 | Loss: 3.7286 | Acc: 22.97% | LR: 9.74e-02
2025-06-03 01:40:09,124 - INFO - Epoch 32 TRAIN Summary: Avg Loss: 3.1698, Avg Acc: 31.23%, Duration: 2.05s
2025-06-03 01:40:09,575 - INFO - Epoch 32 EVAL  Summary: Avg Loss: 2.6636, Avg Acc: 41.47%, Duration: 0.45s
2025-06-03 01:40:10,077 - INFO - Epoch 33/300 | Batch 0/24 | Loss: 2.8945 | Acc: 38.67% | LR: 9.72e-02
2025-06-03 01:40:11,656 - INFO - Epoch 33 TRAIN Summary: Avg Loss: 3.1968, Avg Acc: 32.03%, Duration: 2.08s
2025-06-03 01:40:12,109 - INFO - Epoch 33 EVAL  Summary: Avg Loss: 2.6786, Avg Acc: 41.10%, Duration: 0.45s
2025-06-03 01:40:12,631 - INFO - Epoch 34/300 | Batch 0/24 | Loss: 2.9357 | Acc: 38.05% | LR: 9.70e-02
2025-06-03 01:40:14,378 - INFO - Epoch 34 TRAIN Summary: Avg Loss: 2.9817, Avg Acc: 35.27%, Duration: 2.27s
2025-06-03 01:40:14,828 - INFO - Epoch 34 EVAL  Summary: Avg Loss: 2.6657, Avg Acc: 41.14%, Duration: 0.45s
2025-06-03 01:40:15,342 - INFO - Epoch 35/300 | Batch 0/24 | Loss: 2.8849 | Acc: 35.16% | LR: 9.69e-02
2025-06-03 01:40:17,006 - INFO - Epoch 35 TRAIN Summary: Avg Loss: 3.0933, Avg Acc: 32.77%, Duration: 2.17s
2025-06-03 01:40:17,439 - INFO - Epoch 35 EVAL  Summary: Avg Loss: 2.6236, Avg Acc: 42.07%, Duration: 0.43s
2025-06-03 01:40:17,985 - INFO - Epoch 36/300 | Batch 0/24 | Loss: 2.7976 | Acc: 38.28% | LR: 9.67e-02
2025-06-03 01:40:19,644 - INFO - Epoch 36 TRAIN Summary: Avg Loss: 2.9780, Avg Acc: 35.30%, Duration: 2.20s
2025-06-03 01:40:20,062 - INFO - Epoch 36 EVAL  Summary: Avg Loss: 2.5974, Avg Acc: 44.14%, Duration: 0.42s
2025-06-03 01:40:20,092 - INFO - Epoch 36: 最佳模型已保存至 ./logs/ecanet20_fixed_k3/20250603-013846/best_model.pth
2025-06-03 01:40:20,092 - INFO - Epoch 36: 新的最佳准确率: 44.14% (已保存至 best_model.pth)
2025-06-03 01:40:20,556 - INFO - Epoch 37/300 | Batch 0/24 | Loss: 3.3257 | Acc: 30.20% | LR: 9.65e-02
2025-06-03 01:40:22,259 - INFO - Epoch 37 TRAIN Summary: Avg Loss: 3.1896, Avg Acc: 32.93%, Duration: 2.17s
2025-06-03 01:40:22,692 - INFO - Epoch 37 EVAL  Summary: Avg Loss: 2.5987, Avg Acc: 43.26%, Duration: 0.43s
2025-06-03 01:40:23,181 - INFO - Epoch 38/300 | Batch 0/24 | Loss: 2.8456 | Acc: 42.58% | LR: 9.63e-02
2025-06-03 01:40:24,774 - INFO - Epoch 38 TRAIN Summary: Avg Loss: 3.0198, Avg Acc: 36.80%, Duration: 2.08s
2025-06-03 01:40:25,202 - INFO - Epoch 38 EVAL  Summary: Avg Loss: 2.5532, Avg Acc: 44.77%, Duration: 0.43s
2025-06-03 01:40:25,228 - INFO - Epoch 38: 最佳模型已保存至 ./logs/ecanet20_fixed_k3/20250603-013846/best_model.pth
2025-06-03 01:40:25,229 - INFO - Epoch 38: 新的最佳准确率: 44.77% (已保存至 best_model.pth)
2025-06-03 01:40:25,751 - INFO - Epoch 39/300 | Batch 0/24 | Loss: 2.7470 | Acc: 39.81% | LR: 9.61e-02
2025-06-03 01:40:27,322 - INFO - Epoch 39 TRAIN Summary: Avg Loss: 3.1089, Avg Acc: 33.83%, Duration: 2.09s
2025-06-03 01:40:27,760 - INFO - Epoch 39 EVAL  Summary: Avg Loss: 2.5973, Avg Acc: 43.74%, Duration: 0.44s
2025-06-03 01:40:28,265 - INFO - Epoch 40/300 | Batch 0/24 | Loss: 2.7943 | Acc: 41.02% | LR: 9.59e-02
2025-06-03 01:40:29,899 - INFO - Epoch 40 TRAIN Summary: Avg Loss: 2.9226, Avg Acc: 36.68%, Duration: 2.14s
2025-06-03 01:40:30,329 - INFO - Epoch 40 EVAL  Summary: Avg Loss: 2.4185, Avg Acc: 48.83%, Duration: 0.43s
2025-06-03 01:40:30,367 - INFO - Epoch 40: 最佳模型已保存至 ./logs/ecanet20_fixed_k3/20250603-013846/best_model.pth
2025-06-03 01:40:30,368 - INFO - Epoch 40: 新的最佳准确率: 48.83% (已保存至 best_model.pth)
2025-06-03 01:40:30,395 - INFO - Epoch 40: 检查点已保存至 ./logs/ecanet20_fixed_k3/20250603-013846/checkpoint_epoch_40.pth
2025-06-03 01:40:30,842 - INFO - Epoch 41/300 | Batch 0/24 | Loss: 2.9242 | Acc: 37.11% | LR: 9.57e-02
2025-06-03 01:40:32,558 - INFO - Epoch 41 TRAIN Summary: Avg Loss: 3.0029, Avg Acc: 36.35%, Duration: 2.16s
2025-06-03 01:40:33,016 - INFO - Epoch 41 EVAL  Summary: Avg Loss: 2.4948, Avg Acc: 46.31%, Duration: 0.46s
2025-06-03 01:40:33,551 - INFO - Epoch 42/300 | Batch 0/24 | Loss: 2.8669 | Acc: 37.11% | LR: 9.55e-02
2025-06-03 01:40:35,123 - INFO - Epoch 42 TRAIN Summary: Avg Loss: 2.9742, Avg Acc: 36.88%, Duration: 2.10s
2025-06-03 01:40:35,577 - INFO - Epoch 42 EVAL  Summary: Avg Loss: 2.5651, Avg Acc: 44.32%, Duration: 0.45s
2025-06-03 01:40:36,089 - INFO - Epoch 43/300 | Batch 0/24 | Loss: 2.8306 | Acc: 37.50% | LR: 9.52e-02
2025-06-03 01:40:37,839 - INFO - Epoch 43 TRAIN Summary: Avg Loss: 2.9016, Avg Acc: 38.34%, Duration: 2.26s
2025-06-03 01:40:38,297 - INFO - Epoch 43 EVAL  Summary: Avg Loss: 2.4135, Avg Acc: 49.67%, Duration: 0.46s
2025-06-03 01:40:38,328 - INFO - Epoch 43: 最佳模型已保存至 ./logs/ecanet20_fixed_k3/20250603-013846/best_model.pth
2025-06-03 01:40:38,329 - INFO - Epoch 43: 新的最佳准确率: 49.67% (已保存至 best_model.pth)
2025-06-03 01:40:38,803 - INFO - Epoch 44/300 | Batch 0/24 | Loss: 3.7667 | Acc: 28.70% | LR: 9.50e-02
2025-06-03 01:40:40,488 - INFO - Epoch 44 TRAIN Summary: Avg Loss: 2.9875, Avg Acc: 36.72%, Duration: 2.16s
2025-06-03 01:40:40,965 - INFO - Epoch 44 EVAL  Summary: Avg Loss: 2.4163, Avg Acc: 49.30%, Duration: 0.47s
2025-06-03 01:40:41,481 - INFO - Epoch 45/300 | Batch 0/24 | Loss: 2.8159 | Acc: 37.11% | LR: 9.48e-02
2025-06-03 01:40:43,130 - INFO - Epoch 45 TRAIN Summary: Avg Loss: 2.8724, Avg Acc: 38.58%, Duration: 2.16s
2025-06-03 01:40:43,581 - INFO - Epoch 45 EVAL  Summary: Avg Loss: 2.4256, Avg Acc: 49.22%, Duration: 0.45s
2025-06-03 01:40:44,089 - INFO - Epoch 46/300 | Batch 0/24 | Loss: 2.8734 | Acc: 37.50% | LR: 9.46e-02
2025-06-03 01:40:45,828 - INFO - Epoch 46 TRAIN Summary: Avg Loss: 2.8905, Avg Acc: 38.03%, Duration: 2.25s
2025-06-03 01:40:46,260 - INFO - Epoch 46 EVAL  Summary: Avg Loss: 2.4939, Avg Acc: 46.53%, Duration: 0.43s
2025-06-03 01:40:46,775 - INFO - Epoch 47/300 | Batch 0/24 | Loss: 3.6260 | Acc: 27.04% | LR: 9.43e-02
2025-06-03 01:40:48,504 - INFO - Epoch 47 TRAIN Summary: Avg Loss: 2.9057, Avg Acc: 38.63%, Duration: 2.24s
2025-06-03 01:40:48,932 - INFO - Epoch 47 EVAL  Summary: Avg Loss: 2.5145, Avg Acc: 46.45%, Duration: 0.43s
2025-06-03 01:40:49,428 - INFO - Epoch 48/300 | Batch 0/24 | Loss: 2.6351 | Acc: 45.69% | LR: 9.41e-02
2025-06-03 01:40:50,969 - INFO - Epoch 48 TRAIN Summary: Avg Loss: 2.8716, Avg Acc: 39.12%, Duration: 2.04s
2025-06-03 01:40:51,428 - INFO - Epoch 48 EVAL  Summary: Avg Loss: 2.4995, Avg Acc: 47.01%, Duration: 0.46s
2025-06-03 01:40:51,937 - INFO - Epoch 49/300 | Batch 0/24 | Loss: 2.6684 | Acc: 47.66% | LR: 9.38e-02
2025-06-03 01:40:53,476 - INFO - Epoch 49 TRAIN Summary: Avg Loss: 2.9234, Avg Acc: 37.76%, Duration: 2.05s
2025-06-03 01:40:53,921 - INFO - Epoch 49 EVAL  Summary: Avg Loss: 2.5349, Avg Acc: 45.87%, Duration: 0.44s
2025-06-03 01:40:54,443 - INFO - Epoch 50/300 | Batch 0/24 | Loss: 3.0624 | Acc: 38.55% | LR: 9.36e-02
2025-06-03 01:40:56,032 - INFO - Epoch 50 TRAIN Summary: Avg Loss: 2.8441, Avg Acc: 40.06%, Duration: 2.11s
2025-06-03 01:40:56,480 - INFO - Epoch 50 EVAL  Summary: Avg Loss: 2.3567, Avg Acc: 50.48%, Duration: 0.45s
2025-06-03 01:40:56,524 - INFO - Epoch 50: 最佳模型已保存至 ./logs/ecanet20_fixed_k3/20250603-013846/best_model.pth
2025-06-03 01:40:56,524 - INFO - Epoch 50: 新的最佳准确率: 50.48% (已保存至 best_model.pth)
2025-06-03 01:40:56,979 - INFO - Epoch 51/300 | Batch 0/24 | Loss: 3.8867 | Acc: 21.10% | LR: 9.33e-02
2025-06-03 01:40:58,548 - INFO - Epoch 51 TRAIN Summary: Avg Loss: 2.9430, Avg Acc: 37.55%, Duration: 2.02s
2025-06-03 01:40:59,004 - INFO - Epoch 51 EVAL  Summary: Avg Loss: 2.5089, Avg Acc: 46.08%, Duration: 0.45s
2025-06-03 01:40:59,487 - INFO - Epoch 52/300 | Batch 0/24 | Loss: 2.5877 | Acc: 44.92% | LR: 9.30e-02
